{"/Users/sailybaev/Desktop/Diplom/ai-lms/middleware.ts": {"path":"/Users/sailybaev/Desktop/Diplom/ai-lms/middleware.ts","statementMap":{"0":{"start":{"line":71,"column":13},"end":{"line":71,"column":19}},"1":{"start":{"line":6,"column":22},"end":{"line":6,"column":32}},"2":{"start":{"line":2,"column":29},"end":{"line":2,"column":null}},"3":{"start":{"line":4,"column":23},"end":{"line":4,"column":null}},"4":{"start":{"line":7,"column":13},"end":{"line":7,"column":24}},"5":{"start":{"line":8,"column":14},"end":{"line":8,"column":null}},"6":{"start":{"line":11,"column":18},"end":{"line":11,"column":30}},"7":{"start":{"line":12,"column":1},"end":{"line":18,"column":null}},"8":{"start":{"line":17,"column":2},"end":{"line":17,"column":null}},"9":{"start":{"line":21,"column":1},"end":{"line":26,"column":null}},"10":{"start":{"line":25,"column":2},"end":{"line":25,"column":null}},"11":{"start":{"line":29,"column":15},"end":{"line":29,"column":53}},"12":{"start":{"line":30,"column":22},"end":{"line":31,"column":null}},"13":{"start":{"line":33,"column":1},"end":{"line":46,"column":null}},"14":{"start":{"line":35,"column":2},"end":{"line":35,"column":null}},"15":{"start":{"line":35,"column":38},"end":{"line":35,"column":null}},"16":{"start":{"line":38,"column":3},"end":{"line":39,"column":null}},"17":{"start":{"line":40,"column":2},"end":{"line":44,"column":null}},"18":{"start":{"line":41,"column":20},"end":{"line":41,"column":null}},"19":{"start":{"line":42,"column":3},"end":{"line":42,"column":null}},"20":{"start":{"line":43,"column":3},"end":{"line":43,"column":null}},"21":{"start":{"line":45,"column":2},"end":{"line":45,"column":null}},"22":{"start":{"line":49,"column":20},"end":{"line":49,"column":null}},"23":{"start":{"line":50,"column":1},"end":{"line":66,"column":null}},"24":{"start":{"line":51,"column":2},"end":{"line":65,"column":null}},"25":{"start":{"line":52,"column":15},"end":{"line":53,"column":null}},"26":{"start":{"line":55,"column":3},"end":{"line":62,"column":null}},"27":{"start":{"line":56,"column":18},"end":{"line":56,"column":null}},"28":{"start":{"line":57,"column":4},"end":{"line":61,"column":null}},"29":{"start":{"line":58,"column":21},"end":{"line":58,"column":50}},"30":{"start":{"line":59,"column":24},"end":{"line":59,"column":null}},"31":{"start":{"line":60,"column":5},"end":{"line":60,"column":null}},"32":{"start":{"line":68,"column":1},"end":{"line":68,"column":null}},"33":{"start":{"line":71,"column":22},"end":{"line":80,"column":null}}},"fnMap":{"0":{"name":"middleware","decl":{"start":{"line":6,"column":22},"end":{"line":6,"column":32}},"loc":{"start":{"line":6,"column":49},"end":{"line":69,"column":null}}}},"branchMap":{"0":{"loc":{"start":{"line":8,"column":14},"end":{"line":8,"column":null}},"type":"binary-expr","locations":[{"start":{"line":8,"column":14},"end":{"line":8,"column":41}},{"start":{"line":8,"column":41},"end":{"line":8,"column":null}}]},"1":{"loc":{"start":{"line":12,"column":1},"end":{"line":18,"column":null}},"type":"if","locations":[{"start":{"line":12,"column":1},"end":{"line":18,"column":null}},{"start":{},"end":{}}]},"2":{"loc":{"start":{"line":13,"column":2},"end":{"line":15,"column":null}},"type":"binary-expr","locations":[{"start":{"line":13,"column":2},"end":{"line":13,"column":null}},{"start":{"line":14,"column":2},"end":{"line":14,"column":null}},{"start":{"line":15,"column":2},"end":{"line":15,"column":null}}]},"3":{"loc":{"start":{"line":21,"column":1},"end":{"line":26,"column":null}},"type":"if","locations":[{"start":{"line":21,"column":1},"end":{"line":26,"column":null}},{"start":{},"end":{}}]},"4":{"loc":{"start":{"line":22,"column":2},"end":{"line":23,"column":null}},"type":"binary-expr","locations":[{"start":{"line":22,"column":2},"end":{"line":22,"column":null}},{"start":{"line":23,"column":2},"end":{"line":23,"column":null}}]},"5":{"loc":{"start":{"line":31,"column":2},"end":{"line":31,"column":null}},"type":"binary-expr","locations":[{"start":{"line":31,"column":2},"end":{"line":31,"column":11}},{"start":{"line":31,"column":11},"end":{"line":31,"column":null}}]},"6":{"loc":{"start":{"line":33,"column":1},"end":{"line":46,"column":null}},"type":"if","locations":[{"start":{"line":33,"column":1},"end":{"line":46,"column":null}},{"start":{},"end":{}}]},"7":{"loc":{"start":{"line":35,"column":2},"end":{"line":35,"column":null}},"type":"if","locations":[{"start":{"line":35,"column":2},"end":{"line":35,"column":null}},{"start":{},"end":{}}]},"8":{"loc":{"start":{"line":38,"column":3},"end":{"line":39,"column":null}},"type":"binary-expr","locations":[{"start":{"line":38,"column":3},"end":{"line":38,"column":null}},{"start":{"line":39,"column":3},"end":{"line":39,"column":null}}]},"9":{"loc":{"start":{"line":40,"column":2},"end":{"line":44,"column":null}},"type":"if","locations":[{"start":{"line":40,"column":2},"end":{"line":44,"column":null}},{"start":{},"end":{}}]},"10":{"loc":{"start":{"line":49,"column":20},"end":{"line":49,"column":null}},"type":"binary-expr","locations":[{"start":{"line":49,"column":20},"end":{"line":49,"column":48}},{"start":{"line":49,"column":48},"end":{"line":49,"column":null}}]},"11":{"loc":{"start":{"line":50,"column":1},"end":{"line":66,"column":null}},"type":"if","locations":[{"start":{"line":50,"column":1},"end":{"line":66,"column":null}},{"start":{},"end":{}}]},"12":{"loc":{"start":{"line":55,"column":3},"end":{"line":62,"column":null}},"type":"if","locations":[{"start":{"line":55,"column":3},"end":{"line":62,"column":null}},{"start":{},"end":{}}]},"13":{"loc":{"start":{"line":57,"column":4},"end":{"line":61,"column":null}},"type":"if","locations":[{"start":{"line":57,"column":4},"end":{"line":61,"column":null}},{"start":{},"end":{}}]}},"s":{"0":0,"1":0,"2":0,"3":0,"4":0,"5":0,"6":0,"7":0,"8":0,"9":0,"10":0,"11":0,"12":0,"13":0,"14":0,"15":0,"16":0,"17":0,"18":0,"19":0,"20":0,"21":0,"22":0,"23":0,"24":0,"25":0,"26":0,"27":0,"28":0,"29":0,"30":0,"31":0,"32":0,"33":0},"f":{"0":0},"b":{"0":[0,0],"1":[0,0],"2":[0,0,0],"3":[0,0],"4":[0,0],"5":[0,0],"6":[0,0],"7":[0,0],"8":[0,0],"9":[0,0],"10":[0,0],"11":[0,0],"12":[0,0],"13":[0,0]}}
,"/Users/sailybaev/Desktop/Diplom/ai-lms/app/layout.tsx": {"path":"/Users/sailybaev/Desktop/Diplom/ai-lms/app/layout.tsx","statementMap":{"0":{"start":{"line":16,"column":24},"end":{"line":16,"column":35}},"1":{"start":{"line":9,"column":13},"end":{"line":9,"column":21}},"2":{"start":{"line":1,"column":26},"end":{"line":1,"column":null}},"3":{"start":{"line":2,"column":26},"end":{"line":2,"column":null}},"4":{"start":{"line":3,"column":26},"end":{"line":3,"column":null}},"5":{"start":{"line":6,"column":25},"end":{"line":6,"column":null}},"6":{"start":{"line":7,"column":7},"end":{"line":7,"column":null}},"7":{"start":{"line":9,"column":34},"end":{"line":14,"column":null}}},"fnMap":{"0":{"name":"RootLayout","decl":{"start":{"line":16,"column":24},"end":{"line":16,"column":35}},"loc":{"start":{"line":20,"column":2},"end":{"line":31,"column":1}}}},"branchMap":{},"s":{"0":0,"1":0,"2":0,"3":0,"4":0,"5":0,"6":0,"7":0},"f":{"0":0},"b":{}}
,"/Users/sailybaev/Desktop/Diplom/ai-lms/app/page.tsx": {"path":"/Users/sailybaev/Desktop/Diplom/ai-lms/app/page.tsx","statementMap":{"0":{"start":{"line":6,"column":24},"end":{"line":6,"column":null}},"1":{"start":{"line":1,"column":17},"end":{"line":1,"column":null}},"2":{"start":{"line":2,"column":23},"end":{"line":2,"column":null}},"3":{"start":{"line":3,"column":21},"end":{"line":3,"column":null}},"4":{"start":{"line":4,"column":57},"end":{"line":4,"column":null}}},"fnMap":{"0":{"name":"HomePage","decl":{"start":{"line":6,"column":24},"end":{"line":6,"column":null}},"loc":{"start":{"line":6,"column":24},"end":{"line":128,"column":null}}}},"branchMap":{},"s":{"0":0,"1":0,"2":0,"3":0,"4":0},"f":{"0":0},"b":{}}
,"/Users/sailybaev/Desktop/Diplom/ai-lms/app/[org]/layout.tsx": {"path":"/Users/sailybaev/Desktop/Diplom/ai-lms/app/[org]/layout.tsx","statementMap":{"0":{"start":{"line":5,"column":30},"end":{"line":5,"column":40}},"1":{"start":{"line":1,"column":29},"end":{"line":1,"column":null}},"2":{"start":{"line":2,"column":28},"end":{"line":2,"column":null}},"3":{"start":{"line":12,"column":11},"end":{"line":12,"column":null}},"4":{"start":{"line":13,"column":17},"end":{"line":13,"column":null}}},"fnMap":{"0":{"name":"OrgLayout","decl":{"start":{"line":5,"column":30},"end":{"line":5,"column":40}},"loc":{"start":{"line":11,"column":1},"end":{"line":19,"column":null}}}},"branchMap":{"0":{"loc":{"start":{"line":12,"column":11},"end":{"line":12,"column":null}},"type":"cond-expr","locations":[{"start":{"line":12,"column":39},"end":{"line":12,"column":54}},{"start":{"line":12,"column":54},"end":{"line":12,"column":null}}]},"1":{"loc":{"start":{"line":13,"column":17},"end":{"line":13,"column":null}},"type":"binary-expr","locations":[{"start":{"line":13,"column":17},"end":{"line":13,"column":27}},{"start":{"line":13,"column":27},"end":{"line":13,"column":null}}]}},"s":{"0":0,"1":0,"2":0,"3":0,"4":0},"f":{"0":0},"b":{"0":[0,0],"1":[0,0]}}
,"/Users/sailybaev/Desktop/Diplom/ai-lms/app/[org]/admin/layout.tsx": {"path":"/Users/sailybaev/Desktop/Diplom/ai-lms/app/[org]/admin/layout.tsx","statementMap":{"0":{"start":{"line":10,"column":24},"end":{"line":10,"column":39}},"1":{"start":{"line":3,"column":27},"end":{"line":3,"column":null}},"2":{"start":{"line":4,"column":29},"end":{"line":4,"column":null}},"3":{"start":{"line":5,"column":32},"end":{"line":5,"column":null}},"4":{"start":{"line":6,"column":32},"end":{"line":6,"column":null}},"5":{"start":{"line":7,"column":30},"end":{"line":7,"column":null}}},"fnMap":{"0":{"name":"AdminOrgLayout","decl":{"start":{"line":10,"column":24},"end":{"line":10,"column":39}},"loc":{"start":{"line":14,"column":1},"end":{"line":30,"column":null}}}},"branchMap":{},"s":{"0":0,"1":0,"2":0,"3":0,"4":0,"5":0},"f":{"0":0},"b":{}}
,"/Users/sailybaev/Desktop/Diplom/ai-lms/app/[org]/admin/page.tsx": {"path":"/Users/sailybaev/Desktop/Diplom/ai-lms/app/[org]/admin/page.tsx","statementMap":{"0":{"start":{"line":3,"column":30},"end":{"line":3,"column":52}},"1":{"start":{"line":1,"column":31},"end":{"line":1,"column":null}},"2":{"start":{"line":8,"column":17},"end":{"line":8,"column":null}},"3":{"start":{"line":9,"column":1},"end":{"line":9,"column":null}}},"fnMap":{"0":{"name":"OrgAdminDashboardPage","decl":{"start":{"line":3,"column":30},"end":{"line":3,"column":52}},"loc":{"start":{"line":7,"column":1},"end":{"line":16,"column":null}}}},"branchMap":{},"s":{"0":0,"1":0,"2":0,"3":0},"f":{"0":0},"b":{}}
,"/Users/sailybaev/Desktop/Diplom/ai-lms/app/[org]/admin/ai-tools/page.tsx": {"path":"/Users/sailybaev/Desktop/Diplom/ai-lms/app/[org]/admin/ai-tools/page.tsx","statementMap":{"0":{"start":{"line":10,"column":24},"end":{"line":10,"column":null}},"1":{"start":{"line":3,"column":22},"end":{"line":3,"column":null}},"2":{"start":{"line":4,"column":23},"end":{"line":4,"column":null}},"3":{"start":{"line":5,"column":21},"end":{"line":5,"column":null}},"4":{"start":{"line":6,"column":25},"end":{"line":6,"column":null}},"5":{"start":{"line":7,"column":62},"end":{"line":7,"column":null}},"6":{"start":{"line":8,"column":25},"end":{"line":8,"column":null}},"7":{"start":{"line":11,"column":37},"end":{"line":11,"column":null}},"8":{"start":{"line":12,"column":29},"end":{"line":12,"column":null}},"9":{"start":{"line":14,"column":24},"end":{"line":36,"column":null}},"10":{"start":{"line":15,"column":2},"end":{"line":15,"column":null}},"11":{"start":{"line":16,"column":2},"end":{"line":35,"column":null}},"12":{"start":{"line":17,"column":3},"end":{"line":33,"column":null}},"13":{"start":{"line":34,"column":3},"end":{"line":34,"column":null}},"14":{"start":{"line":141,"column":7},"end":{"line":142,"column":null}}},"fnMap":{"0":{"name":"AIToolsPage","decl":{"start":{"line":10,"column":24},"end":{"line":10,"column":null}},"loc":{"start":{"line":10,"column":24},"end":{"line":167,"column":null}}},"1":{"name":"(anonymous_2)","decl":{"start":{"line":14,"column":24},"end":{"line":14,"column":null}},"loc":{"start":{"line":14,"column":24},"end":{"line":36,"column":null}}},"2":{"name":"(anonymous_3)","decl":{"start":{"line":16,"column":13},"end":{"line":16,"column":null}},"loc":{"start":{"line":16,"column":13},"end":{"line":35,"column":5}}},"3":{"name":"(anonymous_4)","decl":{"start":{"line":140,"column":12},"end":{"line":140,"column":13}},"loc":{"start":{"line":141,"column":7},"end":{"line":142,"column":null}}}},"branchMap":{"0":{"loc":{"start":{"line":67,"column":7},"end":{"line":67,"column":null}},"type":"cond-expr","locations":[{"start":{"line":67,"column":20},"end":{"line":67,"column":38}},{"start":{"line":67,"column":38},"end":{"line":67,"column":null}}]},"1":{"loc":{"start":{"line":91,"column":4},"end":{"line":91,"column":null}},"type":"binary-expr","locations":[{"start":{"line":91,"column":4},"end":{"line":91,"column":null}}]},"2":{"loc":{"start":{"line":148,"column":11},"end":{"line":152,"column":null}},"type":"cond-expr","locations":[{"start":{"line":149,"column":14},"end":{"line":149,"column":null}},{"start":{"line":150,"column":14},"end":{"line":152,"column":null}}]},"3":{"loc":{"start":{"line":150,"column":14},"end":{"line":152,"column":null}},"type":"cond-expr","locations":[{"start":{"line":151,"column":14},"end":{"line":151,"column":null}},{"start":{"line":152,"column":14},"end":{"line":152,"column":null}}]}},"s":{"0":0,"1":0,"2":0,"3":0,"4":0,"5":0,"6":0,"7":0,"8":0,"9":0,"10":0,"11":0,"12":0,"13":0,"14":0},"f":{"0":0,"1":0,"2":0,"3":0},"b":{"0":[0,0],"1":[0],"2":[0,0],"3":[0,0]}}
,"/Users/sailybaev/Desktop/Diplom/ai-lms/app/[org]/admin/analytics/page.tsx": {"path":"/Users/sailybaev/Desktop/Diplom/ai-lms/app/[org]/admin/analytics/page.tsx","statementMap":{"0":{"start":{"line":96,"column":24},"end":{"line":96,"column":null}},"1":{"start":{"line":3,"column":23},"end":{"line":3,"column":null}},"2":{"start":{"line":4,"column":21},"end":{"line":4,"column":null}},"3":{"start":{"line":11,"column":7},"end":{"line":11,"column":null}},"4":{"start":{"line":12,"column":25},"end":{"line":12,"column":null}},"5":{"start":{"line":13,"column":23},"end":{"line":13,"column":null}},"6":{"start":{"line":26,"column":7},"end":{"line":26,"column":null}},"7":{"start":{"line":27,"column":36},"end":{"line":27,"column":null}},"8":{"start":{"line":42,"column":7},"end":{"line":42,"column":null}},"9":{"start":{"line":97,"column":21},"end":{"line":97,"column":null}},"10":{"start":{"line":98,"column":19},"end":{"line":98,"column":null}},"11":{"start":{"line":99,"column":31},"end":{"line":99,"column":null}},"12":{"start":{"line":100,"column":43},"end":{"line":100,"column":null}},"13":{"start":{"line":101,"column":35},"end":{"line":101,"column":null}},"14":{"start":{"line":103,"column":24},"end":{"line":126,"column":null}},"15":{"start":{"line":104,"column":2},"end":{"line":104,"column":null}},"16":{"start":{"line":104,"column":16},"end":{"line":104,"column":null}},"17":{"start":{"line":106,"column":2},"end":{"line":125,"column":null}},"18":{"start":{"line":107,"column":3},"end":{"line":107,"column":null}},"19":{"start":{"line":108,"column":20},"end":{"line":109,"column":null}},"20":{"start":{"line":111,"column":3},"end":{"line":113,"column":null}},"21":{"start":{"line":112,"column":4},"end":{"line":112,"column":null}},"22":{"start":{"line":114,"column":16},"end":{"line":114,"column":null}},"23":{"start":{"line":115,"column":3},"end":{"line":115,"column":null}},"24":{"start":{"line":117,"column":3},"end":{"line":117,"column":null}},"25":{"start":{"line":118,"column":3},"end":{"line":122,"column":null}},"26":{"start":{"line":124,"column":3},"end":{"line":124,"column":null}},"27":{"start":{"line":128,"column":1},"end":{"line":130,"column":null}},"28":{"start":{"line":129,"column":2},"end":{"line":129,"column":null}},"29":{"start":{"line":132,"column":25},"end":{"line":139,"column":null}},"30":{"start":{"line":133,"column":2},"end":{"line":133,"column":null}},"31":{"start":{"line":133,"column":22},"end":{"line":133,"column":null}},"32":{"start":{"line":134,"column":17},"end":{"line":134,"column":null}},"33":{"start":{"line":135,"column":2},"end":{"line":138,"column":null}},"34":{"start":{"line":141,"column":20},"end":{"line":147,"column":null}},"35":{"start":{"line":142,"column":16},"end":{"line":142,"column":null}},"36":{"start":{"line":143,"column":15},"end":{"line":143,"column":null}},"37":{"start":{"line":144,"column":2},"end":{"line":144,"column":null}},"38":{"start":{"line":144,"column":19},"end":{"line":144,"column":null}},"39":{"start":{"line":145,"column":2},"end":{"line":145,"column":null}},"40":{"start":{"line":145,"column":18},"end":{"line":145,"column":null}},"41":{"start":{"line":146,"column":2},"end":{"line":146,"column":null}},"42":{"start":{"line":149,"column":22},"end":{"line":162,"column":null}},"43":{"start":{"line":150,"column":2},"end":{"line":150,"column":null}},"44":{"start":{"line":150,"column":22},"end":{"line":150,"column":null}},"45":{"start":{"line":151,"column":2},"end":{"line":154,"column":null}},"46":{"start":{"line":156,"column":2},"end":{"line":161,"column":null}},"47":{"start":{"line":157,"column":3},"end":{"line":160,"column":null}},"48":{"start":{"line":164,"column":1},"end":{"line":173,"column":null}},"49":{"start":{"line":175,"column":1},"end":{"line":183,"column":null}},"50":{"start":{"line":185,"column":21},"end":{"line":187,"column":null}},"51":{"start":{"line":189,"column":27},"end":{"line":191,"column":null}},"52":{"start":{"line":193,"column":26},"end":{"line":195,"column":null}},"53":{"start":{"line":397,"column":10},"end":{"line":397,"column":62}},"54":{"start":{"line":404,"column":10},"end":{"line":404,"column":38}},"55":{"start":{"line":564,"column":7},"end":{"line":564,"column":24}},"56":{"start":{"line":599,"column":8},"end":{"line":600,"column":null}},"57":{"start":{"line":637,"column":8},"end":{"line":638,"column":null}}},"fnMap":{"0":{"name":"OrgAnalyticsPage","decl":{"start":{"line":96,"column":24},"end":{"line":96,"column":null}},"loc":{"start":{"line":96,"column":24},"end":{"line":661,"column":null}}},"1":{"name":"(anonymous_2)","decl":{"start":{"line":103,"column":24},"end":{"line":103,"column":null}},"loc":{"start":{"line":103,"column":24},"end":{"line":126,"column":null}}},"2":{"name":"(anonymous_3)","decl":{"start":{"line":128,"column":11},"end":{"line":128,"column":null}},"loc":{"start":{"line":128,"column":11},"end":{"line":130,"column":4}}},"3":{"name":"(anonymous_4)","decl":{"start":{"line":132,"column":25},"end":{"line":132,"column":26}},"loc":{"start":{"line":132,"column":43},"end":{"line":139,"column":null}}},"4":{"name":"(anonymous_5)","decl":{"start":{"line":141,"column":20},"end":{"line":141,"column":21}},"loc":{"start":{"line":141,"column":21},"end":{"line":147,"column":null}}},"5":{"name":"(anonymous_6)","decl":{"start":{"line":149,"column":22},"end":{"line":149,"column":null}},"loc":{"start":{"line":149,"column":22},"end":{"line":162,"column":null}}},"6":{"name":"(anonymous_7)","decl":{"start":{"line":156,"column":13},"end":{"line":156,"column":null}},"loc":{"start":{"line":156,"column":13},"end":{"line":161,"column":5}}},"7":{"name":"(anonymous_8)","decl":{"start":{"line":396,"column":16},"end":{"line":396,"column":17}},"loc":{"start":{"line":397,"column":10},"end":{"line":397,"column":62}}},"8":{"name":"(anonymous_9)","decl":{"start":{"line":403,"column":45},"end":{"line":403,"column":46}},"loc":{"start":{"line":404,"column":10},"end":{"line":404,"column":38}}},"9":{"name":"(anonymous_10)","decl":{"start":{"line":563,"column":42},"end":{"line":563,"column":43}},"loc":{"start":{"line":564,"column":7},"end":{"line":564,"column":24}}},"10":{"name":"(anonymous_11)","decl":{"start":{"line":598,"column":40},"end":{"line":598,"column":41}},"loc":{"start":{"line":599,"column":8},"end":{"line":600,"column":null}}},"11":{"name":"(anonymous_12)","decl":{"start":{"line":636,"column":41},"end":{"line":636,"column":42}},"loc":{"start":{"line":637,"column":8},"end":{"line":638,"column":null}}}},"branchMap":{"0":{"loc":{"start":{"line":104,"column":2},"end":{"line":104,"column":null}},"type":"if","locations":[{"start":{"line":104,"column":2},"end":{"line":104,"column":null}},{"start":{},"end":{}}]},"1":{"loc":{"start":{"line":111,"column":3},"end":{"line":113,"column":null}},"type":"if","locations":[{"start":{"line":111,"column":3},"end":{"line":113,"column":null}},{"start":{},"end":{}}]},"2":{"loc":{"start":{"line":133,"column":2},"end":{"line":133,"column":null}},"type":"if","locations":[{"start":{"line":133,"column":2},"end":{"line":133,"column":null}},{"start":{},"end":{}}]},"3":{"loc":{"start":{"line":144,"column":2},"end":{"line":144,"column":null}},"type":"if","locations":[{"start":{"line":144,"column":2},"end":{"line":144,"column":null}},{"start":{},"end":{}}]},"4":{"loc":{"start":{"line":145,"column":2},"end":{"line":145,"column":null}},"type":"if","locations":[{"start":{"line":145,"column":2},"end":{"line":145,"column":null}},{"start":{},"end":{}}]},"5":{"loc":{"start":{"line":150,"column":2},"end":{"line":150,"column":null}},"type":"if","locations":[{"start":{"line":150,"column":2},"end":{"line":150,"column":null}},{"start":{},"end":{}}]},"6":{"loc":{"start":{"line":164,"column":1},"end":{"line":173,"column":null}},"type":"if","locations":[{"start":{"line":164,"column":1},"end":{"line":173,"column":null}},{"start":{},"end":{}}]},"7":{"loc":{"start":{"line":175,"column":1},"end":{"line":183,"column":null}},"type":"if","locations":[{"start":{"line":175,"column":1},"end":{"line":183,"column":null}},{"start":{},"end":{}}]},"8":{"loc":{"start":{"line":241,"column":9},"end":{"line":241,"column":null}},"type":"cond-expr","locations":[{"start":{"line":241,"column":34},"end":{"line":241,"column":53}},{"start":{"line":241,"column":53},"end":{"line":241,"column":null}}]},"9":{"loc":{"start":{"line":245,"column":9},"end":{"line":247,"column":10}},"type":"cond-expr","locations":[{"start":{"line":245,"column":9},"end":{"line":247,"column":10}}]},"10":{"loc":{"start":{"line":249,"column":9},"end":{"line":249,"column":null}},"type":"cond-expr","locations":[{"start":{"line":249,"column":34},"end":{"line":249,"column":40}},{"start":{"line":249,"column":40},"end":{"line":249,"column":null}}]},"11":{"loc":{"start":{"line":286,"column":9},"end":{"line":288,"column":null}},"type":"cond-expr","locations":[{"start":{"line":287,"column":12},"end":{"line":287,"column":null}},{"start":{"line":288,"column":12},"end":{"line":288,"column":null}}]},"12":{"loc":{"start":{"line":292,"column":9},"end":{"line":294,"column":10}},"type":"cond-expr","locations":[{"start":{"line":292,"column":9},"end":{"line":294,"column":10}}]},"13":{"loc":{"start":{"line":296,"column":9},"end":{"line":296,"column":null}},"type":"cond-expr","locations":[{"start":{"line":296,"column":40},"end":{"line":296,"column":46}},{"start":{"line":296,"column":46},"end":{"line":296,"column":null}}]},"14":{"loc":{"start":{"line":315,"column":9},"end":{"line":317,"column":null}},"type":"cond-expr","locations":[{"start":{"line":316,"column":12},"end":{"line":316,"column":null}},{"start":{"line":317,"column":12},"end":{"line":317,"column":null}}]},"15":{"loc":{"start":{"line":321,"column":9},"end":{"line":323,"column":10}},"type":"cond-expr","locations":[{"start":{"line":321,"column":9},"end":{"line":323,"column":10}}]},"16":{"loc":{"start":{"line":325,"column":9},"end":{"line":325,"column":null}},"type":"cond-expr","locations":[{"start":{"line":325,"column":39},"end":{"line":325,"column":45}},{"start":{"line":325,"column":45},"end":{"line":325,"column":null}}]}},"s":{"0":0,"1":0,"2":0,"3":0,"4":0,"5":0,"6":0,"7":0,"8":0,"9":0,"10":0,"11":0,"12":0,"13":0,"14":0,"15":0,"16":0,"17":0,"18":0,"19":0,"20":0,"21":0,"22":0,"23":0,"24":0,"25":0,"26":0,"27":0,"28":0,"29":0,"30":0,"31":0,"32":0,"33":0,"34":0,"35":0,"36":0,"37":0,"38":0,"39":0,"40":0,"41":0,"42":0,"43":0,"44":0,"45":0,"46":0,"47":0,"48":0,"49":0,"50":0,"51":0,"52":0,"53":0,"54":0,"55":0,"56":0,"57":0},"f":{"0":0,"1":0,"2":0,"3":0,"4":0,"5":0,"6":0,"7":0,"8":0,"9":0,"10":0,"11":0},"b":{"0":[0,0],"1":[0,0],"2":[0,0],"3":[0,0],"4":[0,0],"5":[0,0],"6":[0,0],"7":[0,0],"8":[0,0],"9":[0],"10":[0,0],"11":[0,0],"12":[0],"13":[0,0],"14":[0,0],"15":[0],"16":[0,0]}}
,"/Users/sailybaev/Desktop/Diplom/ai-lms/app/[org]/admin/courses/loading.tsx": {"path":"/Users/sailybaev/Desktop/Diplom/ai-lms/app/[org]/admin/courses/loading.tsx","statementMap":{"0":{"start":{"line":1,"column":9},"end":{"line":1,"column":24}},"1":{"start":{"line":1,"column":24},"end":{"line":1,"column":null}}},"fnMap":{},"branchMap":{},"s":{"0":0,"1":0},"f":{},"b":{}}
,"/Users/sailybaev/Desktop/Diplom/ai-lms/app/[org]/admin/courses/page.tsx": {"path":"/Users/sailybaev/Desktop/Diplom/ai-lms/app/[org]/admin/courses/page.tsx","statementMap":{"0":{"start":{"line":68,"column":24},"end":{"line":68,"column":null}},"1":{"start":{"line":3,"column":22},"end":{"line":3,"column":null}},"2":{"start":{"line":4,"column":23},"end":{"line":4,"column":null}},"3":{"start":{"line":5,"column":21},"end":{"line":5,"column":null}},"4":{"start":{"line":6,"column":25},"end":{"line":6,"column":null}},"5":{"start":{"line":15,"column":7},"end":{"line":15,"column":null}},"6":{"start":{"line":21,"column":7},"end":{"line":21,"column":null}},"7":{"start":{"line":22,"column":22},"end":{"line":22,"column":null}},"8":{"start":{"line":23,"column":22},"end":{"line":23,"column":null}},"9":{"start":{"line":30,"column":7},"end":{"line":30,"column":null}},"10":{"start":{"line":31,"column":25},"end":{"line":31,"column":null}},"11":{"start":{"line":32,"column":25},"end":{"line":32,"column":null}},"12":{"start":{"line":33,"column":23},"end":{"line":33,"column":null}},"13":{"start":{"line":43,"column":7},"end":{"line":43,"column":null}},"14":{"start":{"line":44,"column":36},"end":{"line":44,"column":null}},"15":{"start":{"line":69,"column":21},"end":{"line":69,"column":null}},"16":{"start":{"line":70,"column":19},"end":{"line":70,"column":null}},"17":{"start":{"line":71,"column":31},"end":{"line":71,"column":null}},"18":{"start":{"line":72,"column":33},"end":{"line":72,"column":null}},"19":{"start":{"line":73,"column":31},"end":{"line":73,"column":null}},"20":{"start":{"line":74,"column":39},"end":{"line":74,"column":null}},"21":{"start":{"line":75,"column":41},"end":{"line":75,"column":null}},"22":{"start":{"line":76,"column":53},"end":{"line":76,"column":null}},"23":{"start":{"line":77,"column":49},"end":{"line":77,"column":null}},"24":{"start":{"line":78,"column":53},"end":{"line":78,"column":null}},"25":{"start":{"line":79,"column":41},"end":{"line":79,"column":null}},"26":{"start":{"line":82,"column":35},"end":{"line":88,"column":null}},"27":{"start":{"line":90,"column":43},"end":{"line":90,"column":null}},"28":{"start":{"line":91,"column":41},"end":{"line":96,"column":null}},"29":{"start":{"line":98,"column":47},"end":{"line":98,"column":null}},"30":{"start":{"line":99,"column":55},"end":{"line":99,"column":null}},"31":{"start":{"line":101,"column":22},"end":{"line":122,"column":null}},"32":{"start":{"line":102,"column":2},"end":{"line":102,"column":null}},"33":{"start":{"line":102,"column":16},"end":{"line":102,"column":null}},"34":{"start":{"line":104,"column":2},"end":{"line":121,"column":null}},"35":{"start":{"line":105,"column":3},"end":{"line":105,"column":null}},"36":{"start":{"line":106,"column":20},"end":{"line":106,"column":null}},"37":{"start":{"line":107,"column":3},"end":{"line":109,"column":null}},"38":{"start":{"line":108,"column":4},"end":{"line":108,"column":null}},"39":{"start":{"line":110,"column":16},"end":{"line":110,"column":null}},"40":{"start":{"line":111,"column":3},"end":{"line":111,"column":null}},"41":{"start":{"line":113,"column":3},"end":{"line":113,"column":null}},"42":{"start":{"line":114,"column":3},"end":{"line":118,"column":null}},"43":{"start":{"line":120,"column":3},"end":{"line":120,"column":null}},"44":{"start":{"line":124,"column":23},"end":{"line":143,"column":null}},"45":{"start":{"line":125,"column":2},"end":{"line":125,"column":null}},"46":{"start":{"line":125,"column":16},"end":{"line":125,"column":null}},"47":{"start":{"line":127,"column":2},"end":{"line":142,"column":null}},"48":{"start":{"line":128,"column":20},"end":{"line":128,"column":null}},"49":{"start":{"line":129,"column":3},"end":{"line":131,"column":null}},"50":{"start":{"line":130,"column":4},"end":{"line":130,"column":null}},"51":{"start":{"line":132,"column":16},"end":{"line":132,"column":null}},"52":{"start":{"line":133,"column":3},"end":{"line":138,"column":null}},"53":{"start":{"line":134,"column":35},"end":{"line":138,"column":null}},"54":{"start":{"line":141,"column":3},"end":{"line":141,"column":null}},"55":{"start":{"line":145,"column":1},"end":{"line":148,"column":null}},"56":{"start":{"line":146,"column":2},"end":{"line":146,"column":null}},"57":{"start":{"line":147,"column":2},"end":{"line":147,"column":null}},"58":{"start":{"line":150,"column":28},"end":{"line":194,"column":null}},"59":{"start":{"line":151,"column":2},"end":{"line":151,"column":null}},"60":{"start":{"line":152,"column":2},"end":{"line":152,"column":null}},"61":{"start":{"line":152,"column":16},"end":{"line":152,"column":null}},"62":{"start":{"line":154,"column":2},"end":{"line":154,"column":null}},"63":{"start":{"line":155,"column":2},"end":{"line":193,"column":null}},"64":{"start":{"line":156,"column":20},"end":{"line":162,"column":null}},"65":{"start":{"line":164,"column":3},"end":{"line":167,"column":null}},"66":{"start":{"line":165,"column":18},"end":{"line":165,"column":null}},"67":{"start":{"line":166,"column":4},"end":{"line":166,"column":null}},"68":{"start":{"line":169,"column":3},"end":{"line":172,"column":null}},"69":{"start":{"line":174,"column":3},"end":{"line":174,"column":null}},"70":{"start":{"line":175,"column":3},"end":{"line":181,"column":null}},"71":{"start":{"line":182,"column":3},"end":{"line":182,"column":null}},"72":{"start":{"line":184,"column":3},"end":{"line":184,"column":null}},"73":{"start":{"line":185,"column":3},"end":{"line":190,"column":null}},"74":{"start":{"line":192,"column":3},"end":{"line":192,"column":null}},"75":{"start":{"line":196,"column":26},"end":{"line":205,"column":null}},"76":{"start":{"line":197,"column":2},"end":{"line":197,"column":null}},"77":{"start":{"line":198,"column":2},"end":{"line":203,"column":null}},"78":{"start":{"line":204,"column":2},"end":{"line":204,"column":null}},"79":{"start":{"line":207,"column":28},"end":{"line":248,"column":null}},"80":{"start":{"line":208,"column":2},"end":{"line":208,"column":null}},"81":{"start":{"line":209,"column":2},"end":{"line":209,"column":null}},"82":{"start":{"line":209,"column":34},"end":{"line":209,"column":null}},"83":{"start":{"line":211,"column":2},"end":{"line":211,"column":null}},"84":{"start":{"line":212,"column":2},"end":{"line":247,"column":null}},"85":{"start":{"line":213,"column":20},"end":{"line":222,"column":null}},"86":{"start":{"line":224,"column":3},"end":{"line":227,"column":null}},"87":{"start":{"line":225,"column":18},"end":{"line":225,"column":null}},"88":{"start":{"line":226,"column":4},"end":{"line":226,"column":null}},"89":{"start":{"line":229,"column":3},"end":{"line":232,"column":null}},"90":{"start":{"line":234,"column":3},"end":{"line":234,"column":null}},"91":{"start":{"line":235,"column":3},"end":{"line":235,"column":null}},"92":{"start":{"line":236,"column":3},"end":{"line":236,"column":null}},"93":{"start":{"line":238,"column":3},"end":{"line":238,"column":null}},"94":{"start":{"line":239,"column":3},"end":{"line":244,"column":null}},"95":{"start":{"line":246,"column":3},"end":{"line":246,"column":null}},"96":{"start":{"line":250,"column":30},"end":{"line":254,"column":null}},"97":{"start":{"line":251,"column":2},"end":{"line":251,"column":null}},"98":{"start":{"line":252,"column":2},"end":{"line":252,"column":null}},"99":{"start":{"line":252,"column":53},"end":{"line":252,"column":57}},"100":{"start":{"line":253,"column":2},"end":{"line":253,"column":null}},"101":{"start":{"line":256,"column":31},"end":{"line":297,"column":null}},"102":{"start":{"line":257,"column":2},"end":{"line":257,"column":null}},"103":{"start":{"line":257,"column":36},"end":{"line":257,"column":null}},"104":{"start":{"line":259,"column":2},"end":{"line":259,"column":null}},"105":{"start":{"line":260,"column":2},"end":{"line":296,"column":null}},"106":{"start":{"line":261,"column":20},"end":{"line":270,"column":null}},"107":{"start":{"line":272,"column":3},"end":{"line":275,"column":null}},"108":{"start":{"line":273,"column":18},"end":{"line":273,"column":null}},"109":{"start":{"line":274,"column":4},"end":{"line":274,"column":null}},"110":{"start":{"line":277,"column":3},"end":{"line":280,"column":null}},"111":{"start":{"line":282,"column":3},"end":{"line":282,"column":null}},"112":{"start":{"line":283,"column":3},"end":{"line":283,"column":null}},"113":{"start":{"line":284,"column":3},"end":{"line":284,"column":null}},"114":{"start":{"line":285,"column":3},"end":{"line":285,"column":null}},"115":{"start":{"line":287,"column":3},"end":{"line":287,"column":null}},"116":{"start":{"line":288,"column":3},"end":{"line":293,"column":null}},"117":{"start":{"line":295,"column":3},"end":{"line":295,"column":null}},"118":{"start":{"line":299,"column":28},"end":{"line":329,"column":null}},"119":{"start":{"line":300,"column":2},"end":{"line":300,"column":null}},"120":{"start":{"line":300,"column":16},"end":{"line":300,"column":null}},"121":{"start":{"line":301,"column":2},"end":{"line":301,"column":null}},"122":{"start":{"line":301,"column":64},"end":{"line":301,"column":null}},"123":{"start":{"line":303,"column":2},"end":{"line":328,"column":null}},"124":{"start":{"line":304,"column":20},"end":{"line":308,"column":null}},"125":{"start":{"line":311,"column":3},"end":{"line":313,"column":null}},"126":{"start":{"line":312,"column":4},"end":{"line":312,"column":null}},"127":{"start":{"line":315,"column":3},"end":{"line":318,"column":null}},"128":{"start":{"line":320,"column":3},"end":{"line":320,"column":null}},"129":{"start":{"line":322,"column":3},"end":{"line":322,"column":null}},"130":{"start":{"line":323,"column":3},"end":{"line":327,"column":null}},"131":{"start":{"line":331,"column":26},"end":{"line":346,"column":null}},"132":{"start":{"line":332,"column":2},"end":{"line":345,"column":null}},"133":{"start":{"line":333,"column":3},"end":{"line":338,"column":null}},"134":{"start":{"line":336,"column":44},"end":{"line":336,"column":null}},"135":{"start":{"line":340,"column":3},"end":{"line":343,"column":null}},"136":{"start":{"line":342,"column":40},"end":{"line":342,"column":null}},"137":{"start":{"line":348,"column":25},"end":{"line":355,"column":null}},"138":{"start":{"line":350,"column":3},"end":{"line":350,"column":null}},"139":{"start":{"line":352,"column":3},"end":{"line":353,"column":null}},"140":{"start":{"line":354,"column":2},"end":{"line":354,"column":null}},"141":{"start":{"line":357,"column":24},"end":{"line":368,"column":null}},"142":{"start":{"line":358,"column":2},"end":{"line":367,"column":null}},"143":{"start":{"line":360,"column":4},"end":{"line":360,"column":null}},"144":{"start":{"line":362,"column":4},"end":{"line":362,"column":null}},"145":{"start":{"line":364,"column":4},"end":{"line":364,"column":null}},"146":{"start":{"line":366,"column":4},"end":{"line":366,"column":null}},"147":{"start":{"line":402,"column":11},"end":{"line":402,"column":null}},"148":{"start":{"line":415,"column":11},"end":{"line":418,"column":null}},"149":{"start":{"line":430,"column":11},"end":{"line":433,"column":null}},"150":{"start":{"line":442,"column":11},"end":{"line":442,"column":null}},"151":{"start":{"line":464,"column":12},"end":{"line":465,"column":null}},"152":{"start":{"line":473,"column":15},"end":{"line":473,"column":null}},"153":{"start":{"line":494,"column":24},"end":{"line":494,"column":null}},"154":{"start":{"line":523,"column":28},"end":{"line":523,"column":51}},"155":{"start":{"line":533,"column":35},"end":{"line":533,"column":58}},"156":{"start":{"line":548,"column":23},"end":{"line":548,"column":null}},"157":{"start":{"line":577,"column":8},"end":{"line":578,"column":null}},"158":{"start":{"line":623,"column":15},"end":{"line":624,"column":null}},"159":{"start":{"line":645,"column":27},"end":{"line":645,"column":null}},"160":{"start":{"line":658,"column":29},"end":{"line":658,"column":null}},"161":{"start":{"line":674,"column":29},"end":{"line":674,"column":null}},"162":{"start":{"line":707,"column":11},"end":{"line":710,"column":null}},"163":{"start":{"line":721,"column":11},"end":{"line":724,"column":null}},"164":{"start":{"line":736,"column":11},"end":{"line":739,"column":null}},"165":{"start":{"line":748,"column":11},"end":{"line":748,"column":null}},"166":{"start":{"line":767,"column":23},"end":{"line":767,"column":null}},"167":{"start":{"line":799,"column":9},"end":{"line":800,"column":null}},"168":{"start":{"line":806,"column":12},"end":{"line":806,"column":null}},"169":{"start":{"line":829,"column":8},"end":{"line":829,"column":null}},"170":{"start":{"line":830,"column":8},"end":{"line":830,"column":null}}},"fnMap":{"0":{"name":"AdminCoursesPage","decl":{"start":{"line":68,"column":24},"end":{"line":68,"column":null}},"loc":{"start":{"line":68,"column":24},"end":{"line":844,"column":null}}},"1":{"name":"(anonymous_2)","decl":{"start":{"line":101,"column":22},"end":{"line":101,"column":null}},"loc":{"start":{"line":101,"column":22},"end":{"line":122,"column":null}}},"2":{"name":"(anonymous_3)","decl":{"start":{"line":124,"column":23},"end":{"line":124,"column":null}},"loc":{"start":{"line":124,"column":23},"end":{"line":143,"column":null}}},"3":{"name":"(anonymous_4)","decl":{"start":{"line":134,"column":22},"end":{"line":134,"column":23}},"loc":{"start":{"line":134,"column":35},"end":{"line":138,"column":null}}},"4":{"name":"(anonymous_5)","decl":{"start":{"line":145,"column":11},"end":{"line":145,"column":null}},"loc":{"start":{"line":145,"column":11},"end":{"line":148,"column":4}}},"5":{"name":"(anonymous_6)","decl":{"start":{"line":150,"column":28},"end":{"line":150,"column":35}},"loc":{"start":{"line":150,"column":35},"end":{"line":194,"column":null}}},"6":{"name":"(anonymous_7)","decl":{"start":{"line":196,"column":26},"end":{"line":196,"column":27}},"loc":{"start":{"line":196,"column":27},"end":{"line":205,"column":null}}},"7":{"name":"(anonymous_8)","decl":{"start":{"line":207,"column":28},"end":{"line":207,"column":35}},"loc":{"start":{"line":207,"column":35},"end":{"line":248,"column":null}}},"8":{"name":"(anonymous_9)","decl":{"start":{"line":250,"column":30},"end":{"line":250,"column":31}},"loc":{"start":{"line":250,"column":31},"end":{"line":254,"column":null}}},"9":{"name":"(anonymous_10)","decl":{"start":{"line":252,"column":48},"end":{"line":252,"column":53}},"loc":{"start":{"line":252,"column":53},"end":{"line":252,"column":57}}},"10":{"name":"(anonymous_11)","decl":{"start":{"line":256,"column":31},"end":{"line":256,"column":null}},"loc":{"start":{"line":256,"column":31},"end":{"line":297,"column":null}}},"11":{"name":"(anonymous_12)","decl":{"start":{"line":299,"column":28},"end":{"line":299,"column":35}},"loc":{"start":{"line":299,"column":35},"end":{"line":329,"column":null}}},"12":{"name":"(anonymous_13)","decl":{"start":{"line":331,"column":26},"end":{"line":331,"column":27}},"loc":{"start":{"line":331,"column":46},"end":{"line":346,"column":null}}},"13":{"name":"(anonymous_14)","decl":{"start":{"line":336,"column":38},"end":{"line":336,"column":44}},"loc":{"start":{"line":336,"column":44},"end":{"line":336,"column":null}}},"14":{"name":"(anonymous_15)","decl":{"start":{"line":342,"column":34},"end":{"line":342,"column":40}},"loc":{"start":{"line":342,"column":40},"end":{"line":342,"column":null}}},"15":{"name":"(anonymous_16)","decl":{"start":{"line":348,"column":40},"end":{"line":348,"column":null}},"loc":{"start":{"line":348,"column":40},"end":{"line":355,"column":null}}},"16":{"name":"(anonymous_17)","decl":{"start":{"line":357,"column":24},"end":{"line":357,"column":25}},"loc":{"start":{"line":357,"column":25},"end":{"line":368,"column":null}}},"17":{"name":"(anonymous_18)","decl":{"start":{"line":401,"column":20},"end":{"line":401,"column":null}},"loc":{"start":{"line":402,"column":11},"end":{"line":402,"column":null}}},"18":{"name":"(anonymous_19)","decl":{"start":{"line":414,"column":20},"end":{"line":414,"column":null}},"loc":{"start":{"line":415,"column":11},"end":{"line":418,"column":null}}},"19":{"name":"(anonymous_20)","decl":{"start":{"line":429,"column":20},"end":{"line":429,"column":null}},"loc":{"start":{"line":430,"column":11},"end":{"line":433,"column":null}}},"20":{"name":"(anonymous_21)","decl":{"start":{"line":441,"column":25},"end":{"line":441,"column":null}},"loc":{"start":{"line":442,"column":11},"end":{"line":442,"column":null}}},"21":{"name":"(anonymous_22)","decl":{"start":{"line":463,"column":24},"end":{"line":463,"column":null}},"loc":{"start":{"line":464,"column":12},"end":{"line":465,"column":null}}},"22":{"name":"(anonymous_23)","decl":{"start":{"line":472,"column":31},"end":{"line":472,"column":null}},"loc":{"start":{"line":473,"column":15},"end":{"line":473,"column":null}}},"23":{"name":"(anonymous_24)","decl":{"start":{"line":494,"column":18},"end":{"line":494,"column":24}},"loc":{"start":{"line":494,"column":24},"end":{"line":494,"column":null}}},"24":{"name":"(anonymous_25)","decl":{"start":{"line":523,"column":23},"end":{"line":523,"column":28}},"loc":{"start":{"line":523,"column":28},"end":{"line":523,"column":51}}},"25":{"name":"(anonymous_26)","decl":{"start":{"line":533,"column":23},"end":{"line":533,"column":24}},"loc":{"start":{"line":533,"column":35},"end":{"line":533,"column":58}}},"26":{"name":"(anonymous_27)","decl":{"start":{"line":548,"column":18},"end":{"line":548,"column":23}},"loc":{"start":{"line":548,"column":23},"end":{"line":548,"column":null}}},"27":{"name":"(anonymous_28)","decl":{"start":{"line":576,"column":28},"end":{"line":576,"column":null}},"loc":{"start":{"line":577,"column":8},"end":{"line":578,"column":null}}},"28":{"name":"(anonymous_29)","decl":{"start":{"line":622,"column":50},"end":{"line":622,"column":null}},"loc":{"start":{"line":623,"column":15},"end":{"line":624,"column":null}}},"29":{"name":"(anonymous_30)","decl":{"start":{"line":645,"column":21},"end":{"line":645,"column":27}},"loc":{"start":{"line":645,"column":27},"end":{"line":645,"column":null}}},"30":{"name":"(anonymous_31)","decl":{"start":{"line":658,"column":23},"end":{"line":658,"column":29}},"loc":{"start":{"line":658,"column":29},"end":{"line":658,"column":null}}},"31":{"name":"(anonymous_32)","decl":{"start":{"line":665,"column":24},"end":{"line":665,"column":null}},"loc":{"start":{"line":665,"column":24},"end":{"line":667,"column":null}}},"32":{"name":"(anonymous_33)","decl":{"start":{"line":674,"column":23},"end":{"line":674,"column":29}},"loc":{"start":{"line":674,"column":29},"end":{"line":674,"column":null}}},"33":{"name":"(anonymous_34)","decl":{"start":{"line":706,"column":20},"end":{"line":706,"column":null}},"loc":{"start":{"line":707,"column":11},"end":{"line":710,"column":null}}},"34":{"name":"(anonymous_35)","decl":{"start":{"line":720,"column":20},"end":{"line":720,"column":null}},"loc":{"start":{"line":721,"column":11},"end":{"line":724,"column":null}}},"35":{"name":"(anonymous_36)","decl":{"start":{"line":735,"column":20},"end":{"line":735,"column":null}},"loc":{"start":{"line":736,"column":11},"end":{"line":739,"column":null}}},"36":{"name":"(anonymous_37)","decl":{"start":{"line":747,"column":25},"end":{"line":747,"column":null}},"loc":{"start":{"line":748,"column":11},"end":{"line":748,"column":null}}},"37":{"name":"(anonymous_38)","decl":{"start":{"line":767,"column":17},"end":{"line":767,"column":23}},"loc":{"start":{"line":767,"column":23},"end":{"line":767,"column":null}}},"38":{"name":"(anonymous_39)","decl":{"start":{"line":798,"column":21},"end":{"line":798,"column":null}},"loc":{"start":{"line":799,"column":9},"end":{"line":800,"column":null}}},"39":{"name":"(anonymous_40)","decl":{"start":{"line":805,"column":28},"end":{"line":805,"column":null}},"loc":{"start":{"line":806,"column":12},"end":{"line":806,"column":null}}},"40":{"name":"(anonymous_41)","decl":{"start":{"line":828,"column":16},"end":{"line":828,"column":null}},"loc":{"start":{"line":828,"column":16},"end":{"line":831,"column":null}}}},"branchMap":{"0":{"loc":{"start":{"line":102,"column":2},"end":{"line":102,"column":null}},"type":"if","locations":[{"start":{"line":102,"column":2},"end":{"line":102,"column":null}},{"start":{},"end":{}}]},"1":{"loc":{"start":{"line":107,"column":3},"end":{"line":109,"column":null}},"type":"if","locations":[{"start":{"line":107,"column":3},"end":{"line":109,"column":null}},{"start":{},"end":{}}]},"2":{"loc":{"start":{"line":125,"column":2},"end":{"line":125,"column":null}},"type":"if","locations":[{"start":{"line":125,"column":2},"end":{"line":125,"column":null}},{"start":{},"end":{}}]},"3":{"loc":{"start":{"line":129,"column":3},"end":{"line":131,"column":null}},"type":"if","locations":[{"start":{"line":129,"column":3},"end":{"line":131,"column":null}},{"start":{},"end":{}}]},"4":{"loc":{"start":{"line":152,"column":2},"end":{"line":152,"column":null}},"type":"if","locations":[{"start":{"line":152,"column":2},"end":{"line":152,"column":null}},{"start":{},"end":{}}]},"5":{"loc":{"start":{"line":164,"column":3},"end":{"line":167,"column":null}},"type":"if","locations":[{"start":{"line":164,"column":3},"end":{"line":167,"column":null}},{"start":{},"end":{}}]},"6":{"loc":{"start":{"line":166,"column":20},"end":{"line":166,"column":null}},"type":"binary-expr","locations":[{"start":{"line":166,"column":20},"end":{"line":166,"column":31}},{"start":{"line":166,"column":35},"end":{"line":166,"column":null}}]},"7":{"loc":{"start":{"line":188,"column":5},"end":{"line":188,"column":null}},"type":"cond-expr","locations":[{"start":{"line":188,"column":30},"end":{"line":188,"column":43}},{"start":{"line":188,"column":46},"end":{"line":188,"column":null}}]},"8":{"loc":{"start":{"line":200,"column":16},"end":{"line":200,"column":null}},"type":"binary-expr","locations":[{"start":{"line":200,"column":16},"end":{"line":200,"column":34}},{"start":{"line":200,"column":38},"end":{"line":200,"column":null}}]},"9":{"loc":{"start":{"line":201,"column":17},"end":{"line":201,"column":null}},"type":"binary-expr","locations":[{"start":{"line":201,"column":17},"end":{"line":201,"column":36}},{"start":{"line":201,"column":40},"end":{"line":201,"column":null}}]},"10":{"loc":{"start":{"line":209,"column":2},"end":{"line":209,"column":null}},"type":"if","locations":[{"start":{"line":209,"column":2},"end":{"line":209,"column":null}},{"start":{},"end":{}}]},"11":{"loc":{"start":{"line":209,"column":6},"end":{"line":209,"column":34}},"type":"binary-expr","locations":[{"start":{"line":209,"column":6},"end":{"line":209,"column":18}},{"start":{"line":209,"column":18},"end":{"line":209,"column":34}}]},"12":{"loc":{"start":{"line":224,"column":3},"end":{"line":227,"column":null}},"type":"if","locations":[{"start":{"line":224,"column":3},"end":{"line":227,"column":null}},{"start":{},"end":{}}]},"13":{"loc":{"start":{"line":226,"column":20},"end":{"line":226,"column":null}},"type":"binary-expr","locations":[{"start":{"line":226,"column":20},"end":{"line":226,"column":31}},{"start":{"line":226,"column":35},"end":{"line":226,"column":null}}]},"14":{"loc":{"start":{"line":242,"column":5},"end":{"line":242,"column":null}},"type":"cond-expr","locations":[{"start":{"line":242,"column":30},"end":{"line":242,"column":43}},{"start":{"line":242,"column":46},"end":{"line":242,"column":null}}]},"15":{"loc":{"start":{"line":257,"column":2},"end":{"line":257,"column":null}},"type":"if","locations":[{"start":{"line":257,"column":2},"end":{"line":257,"column":null}},{"start":{},"end":{}}]},"16":{"loc":{"start":{"line":257,"column":6},"end":{"line":257,"column":36}},"type":"binary-expr","locations":[{"start":{"line":257,"column":6},"end":{"line":257,"column":18}},{"start":{"line":257,"column":18},"end":{"line":257,"column":36}}]},"17":{"loc":{"start":{"line":272,"column":3},"end":{"line":275,"column":null}},"type":"if","locations":[{"start":{"line":272,"column":3},"end":{"line":275,"column":null}},{"start":{},"end":{}}]},"18":{"loc":{"start":{"line":274,"column":20},"end":{"line":274,"column":null}},"type":"binary-expr","locations":[{"start":{"line":274,"column":20},"end":{"line":274,"column":31}},{"start":{"line":274,"column":35},"end":{"line":274,"column":null}}]},"19":{"loc":{"start":{"line":291,"column":5},"end":{"line":291,"column":null}},"type":"cond-expr","locations":[{"start":{"line":291,"column":30},"end":{"line":291,"column":43}},{"start":{"line":291,"column":46},"end":{"line":291,"column":null}}]},"20":{"loc":{"start":{"line":300,"column":2},"end":{"line":300,"column":null}},"type":"if","locations":[{"start":{"line":300,"column":2},"end":{"line":300,"column":null}},{"start":{},"end":{}}]},"21":{"loc":{"start":{"line":301,"column":2},"end":{"line":301,"column":null}},"type":"if","locations":[{"start":{"line":301,"column":2},"end":{"line":301,"column":null}},{"start":{},"end":{}}]},"22":{"loc":{"start":{"line":311,"column":3},"end":{"line":313,"column":null}},"type":"if","locations":[{"start":{"line":311,"column":3},"end":{"line":313,"column":null}},{"start":{},"end":{}}]},"23":{"loc":{"start":{"line":332,"column":2},"end":{"line":345,"column":null}},"type":"if","locations":[{"start":{"line":332,"column":2},"end":{"line":345,"column":null}},{"start":{"line":339,"column":9},"end":{"line":345,"column":null}}]},"24":{"loc":{"start":{"line":335,"column":19},"end":{"line":337,"column":null}},"type":"cond-expr","locations":[{"start":{"line":336,"column":7},"end":{"line":336,"column":null}},{"start":{"line":337,"column":7},"end":{"line":337,"column":null}}]},"25":{"loc":{"start":{"line":341,"column":4},"end":{"line":343,"column":null}},"type":"cond-expr","locations":[{"start":{"line":342,"column":7},"end":{"line":342,"column":null}},{"start":{"line":343,"column":7},"end":{"line":343,"column":null}}]},"26":{"loc":{"start":{"line":350,"column":3},"end":{"line":350,"column":null}},"type":"binary-expr","locations":[{"start":{"line":350,"column":3},"end":{"line":350,"column":29}},{"start":{"line":350,"column":29},"end":{"line":350,"column":null}}]},"27":{"loc":{"start":{"line":352,"column":3},"end":{"line":353,"column":null}},"type":"binary-expr","locations":[{"start":{"line":352,"column":3},"end":{"line":352,"column":null}},{"start":{"line":353,"column":3},"end":{"line":353,"column":null}}]},"28":{"loc":{"start":{"line":354,"column":9},"end":{"line":354,"column":null}},"type":"binary-expr","locations":[{"start":{"line":354,"column":9},"end":{"line":354,"column":26}},{"start":{"line":354,"column":26},"end":{"line":354,"column":null}}]},"29":{"loc":{"start":{"line":358,"column":2},"end":{"line":367,"column":null}},"type":"switch","locations":[{"start":{"line":359,"column":3},"end":{"line":360,"column":null}},{"start":{"line":361,"column":3},"end":{"line":362,"column":null}},{"start":{"line":363,"column":3},"end":{"line":364,"column":null}},{"start":{"line":365,"column":3},"end":{"line":366,"column":null}}]},"30":{"loc":{"start":{"line":458,"column":11},"end":{"line":465,"column":null}},"type":"cond-expr","locations":[{"start":{"line":459,"column":11},"end":{"line":463,"column":20}},{"start":{"line":463,"column":11},"end":{"line":465,"column":null}}]},"31":{"loc":{"start":{"line":500,"column":10},"end":{"line":500,"column":null}},"type":"cond-expr","locations":[{"start":{"line":500,"column":25},"end":{"line":500,"column":41}},{"start":{"line":500,"column":41},"end":{"line":500,"column":null}}]},"32":{"loc":{"start":{"line":565,"column":6},"end":{"line":568,"column":25}},"type":"cond-expr","locations":[{"start":{"line":565,"column":6},"end":{"line":568,"column":25}}]},"33":{"loc":{"start":{"line":569,"column":6},"end":{"line":575,"column":7}},"type":"cond-expr","locations":[{"start":{"line":569,"column":6},"end":{"line":575,"column":7}}]},"34":{"loc":{"start":{"line":570,"column":8},"end":{"line":572,"column":null}},"type":"cond-expr","locations":[{"start":{"line":571,"column":10},"end":{"line":571,"column":null}},{"start":{"line":572,"column":10},"end":{"line":572,"column":null}}]},"35":{"loc":{"start":{"line":570,"column":8},"end":{"line":570,"column":null}},"type":"binary-expr","locations":[{"start":{"line":570,"column":8},"end":{"line":570,"column":23}},{"start":{"line":570,"column":23},"end":{"line":570,"column":null}}]},"36":{"loc":{"start":{"line":589,"column":15},"end":{"line":589,"column":null}},"type":"binary-expr","locations":[{"start":{"line":589,"column":15},"end":{"line":589,"column":33}},{"start":{"line":589,"column":37},"end":{"line":589,"column":null}}]},"37":{"loc":{"start":{"line":620,"column":13},"end":{"line":620,"column":null}},"type":"binary-expr","locations":[{"start":{"line":620,"column":13},"end":{"line":620,"column":null}}]},"38":{"loc":{"start":{"line":631,"column":15},"end":{"line":631,"column":null}},"type":"binary-expr","locations":[{"start":{"line":631,"column":15},"end":{"line":631,"column":null}}]},"39":{"loc":{"start":{"line":663,"column":14},"end":{"line":663,"column":null}},"type":"binary-expr","locations":[{"start":{"line":663,"column":14},"end":{"line":663,"column":null}}]},"40":{"loc":{"start":{"line":699,"column":7},"end":{"line":699,"column":null}},"type":"binary-expr","locations":[{"start":{"line":699,"column":7},"end":{"line":699,"column":null}}]},"41":{"loc":{"start":{"line":773,"column":9},"end":{"line":773,"column":null}},"type":"cond-expr","locations":[{"start":{"line":773,"column":24},"end":{"line":773,"column":38}},{"start":{"line":773,"column":38},"end":{"line":773,"column":null}}]},"42":{"loc":{"start":{"line":786,"column":8},"end":{"line":788,"column":null}},"type":"cond-expr","locations":[{"start":{"line":787,"column":10},"end":{"line":787,"column":57}},{"start":{"line":788,"column":10},"end":{"line":788,"column":null}}]},"43":{"loc":{"start":{"line":793,"column":8},"end":{"line":800,"column":null}},"type":"cond-expr","locations":[{"start":{"line":794,"column":8},"end":{"line":798,"column":17}},{"start":{"line":798,"column":8},"end":{"line":800,"column":null}}]},"44":{"loc":{"start":{"line":821,"column":8},"end":{"line":821,"column":null}},"type":"cond-expr","locations":[{"start":{"line":821,"column":43},"end":{"line":821,"column":49}},{"start":{"line":821,"column":49},"end":{"line":821,"column":null}}]},"45":{"loc":{"start":{"line":837,"column":8},"end":{"line":837,"column":null}},"type":"cond-expr","locations":[{"start":{"line":837,"column":23},"end":{"line":837,"column":37}},{"start":{"line":837,"column":37},"end":{"line":837,"column":null}}]}},"s":{"0":0,"1":0,"2":0,"3":0,"4":0,"5":0,"6":0,"7":0,"8":0,"9":0,"10":0,"11":0,"12":0,"13":0,"14":0,"15":0,"16":0,"17":0,"18":0,"19":0,"20":0,"21":0,"22":0,"23":0,"24":0,"25":0,"26":0,"27":0,"28":0,"29":0,"30":0,"31":0,"32":0,"33":0,"34":0,"35":0,"36":0,"37":0,"38":0,"39":0,"40":0,"41":0,"42":0,"43":0,"44":0,"45":0,"46":0,"47":0,"48":0,"49":0,"50":0,"51":0,"52":0,"53":0,"54":0,"55":0,"56":0,"57":0,"58":0,"59":0,"60":0,"61":0,"62":0,"63":0,"64":0,"65":0,"66":0,"67":0,"68":0,"69":0,"70":0,"71":0,"72":0,"73":0,"74":0,"75":0,"76":0,"77":0,"78":0,"79":0,"80":0,"81":0,"82":0,"83":0,"84":0,"85":0,"86":0,"87":0,"88":0,"89":0,"90":0,"91":0,"92":0,"93":0,"94":0,"95":0,"96":0,"97":0,"98":0,"99":0,"100":0,"101":0,"102":0,"103":0,"104":0,"105":0,"106":0,"107":0,"108":0,"109":0,"110":0,"111":0,"112":0,"113":0,"114":0,"115":0,"116":0,"117":0,"118":0,"119":0,"120":0,"121":0,"122":0,"123":0,"124":0,"125":0,"126":0,"127":0,"128":0,"129":0,"130":0,"131":0,"132":0,"133":0,"134":0,"135":0,"136":0,"137":0,"138":0,"139":0,"140":0,"141":0,"142":0,"143":0,"144":0,"145":0,"146":0,"147":0,"148":0,"149":0,"150":0,"151":0,"152":0,"153":0,"154":0,"155":0,"156":0,"157":0,"158":0,"159":0,"160":0,"161":0,"162":0,"163":0,"164":0,"165":0,"166":0,"167":0,"168":0,"169":0,"170":0},"f":{"0":0,"1":0,"2":0,"3":0,"4":0,"5":0,"6":0,"7":0,"8":0,"9":0,"10":0,"11":0,"12":0,"13":0,"14":0,"15":0,"16":0,"17":0,"18":0,"19":0,"20":0,"21":0,"22":0,"23":0,"24":0,"25":0,"26":0,"27":0,"28":0,"29":0,"30":0,"31":0,"32":0,"33":0,"34":0,"35":0,"36":0,"37":0,"38":0,"39":0,"40":0},"b":{"0":[0,0],"1":[0,0],"2":[0,0],"3":[0,0],"4":[0,0],"5":[0,0],"6":[0,0],"7":[0,0],"8":[0,0],"9":[0,0],"10":[0,0],"11":[0,0],"12":[0,0],"13":[0,0],"14":[0,0],"15":[0,0],"16":[0,0],"17":[0,0],"18":[0,0],"19":[0,0],"20":[0,0],"21":[0,0],"22":[0,0],"23":[0,0],"24":[0,0],"25":[0,0],"26":[0,0],"27":[0,0],"28":[0,0],"29":[0,0,0,0],"30":[0,0],"31":[0,0],"32":[0],"33":[0],"34":[0,0],"35":[0,0],"36":[0,0],"37":[0],"38":[0],"39":[0],"40":[0],"41":[0,0],"42":[0,0],"43":[0,0],"44":[0,0],"45":[0,0]}}
,"/Users/sailybaev/Desktop/Diplom/ai-lms/app/[org]/admin/groups/page.tsx": {"path":"/Users/sailybaev/Desktop/Diplom/ai-lms/app/[org]/admin/groups/page.tsx","statementMap":{"0":{"start":{"line":71,"column":24},"end":{"line":71,"column":null}},"1":{"start":{"line":3,"column":22},"end":{"line":3,"column":null}},"2":{"start":{"line":4,"column":23},"end":{"line":4,"column":null}},"3":{"start":{"line":5,"column":21},"end":{"line":5,"column":null}},"4":{"start":{"line":6,"column":25},"end":{"line":6,"column":null}},"5":{"start":{"line":15,"column":7},"end":{"line":15,"column":null}},"6":{"start":{"line":16,"column":22},"end":{"line":16,"column":null}},"7":{"start":{"line":17,"column":22},"end":{"line":17,"column":null}},"8":{"start":{"line":24,"column":7},"end":{"line":24,"column":null}},"9":{"start":{"line":25,"column":25},"end":{"line":25,"column":null}},"10":{"start":{"line":26,"column":25},"end":{"line":26,"column":null}},"11":{"start":{"line":27,"column":23},"end":{"line":27,"column":null}},"12":{"start":{"line":28,"column":50},"end":{"line":28,"column":null}},"13":{"start":{"line":29,"column":36},"end":{"line":29,"column":null}},"14":{"start":{"line":72,"column":21},"end":{"line":72,"column":null}},"15":{"start":{"line":73,"column":19},"end":{"line":73,"column":null}},"16":{"start":{"line":74,"column":29},"end":{"line":74,"column":null}},"17":{"start":{"line":75,"column":31},"end":{"line":75,"column":null}},"18":{"start":{"line":76,"column":33},"end":{"line":76,"column":null}},"19":{"start":{"line":77,"column":33},"end":{"line":77,"column":null}},"20":{"start":{"line":78,"column":31},"end":{"line":78,"column":null}},"21":{"start":{"line":79,"column":39},"end":{"line":79,"column":null}},"22":{"start":{"line":80,"column":41},"end":{"line":80,"column":null}},"23":{"start":{"line":81,"column":41},"end":{"line":81,"column":null}},"24":{"start":{"line":82,"column":37},"end":{"line":82,"column":null}},"25":{"start":{"line":83,"column":41},"end":{"line":83,"column":null}},"26":{"start":{"line":84,"column":41},"end":{"line":84,"column":null}},"27":{"start":{"line":85,"column":33},"end":{"line":91,"column":null}},"28":{"start":{"line":93,"column":21},"end":{"line":112,"column":null}},"29":{"start":{"line":94,"column":2},"end":{"line":94,"column":null}},"30":{"start":{"line":94,"column":16},"end":{"line":94,"column":null}},"31":{"start":{"line":96,"column":2},"end":{"line":111,"column":null}},"32":{"start":{"line":97,"column":3},"end":{"line":97,"column":null}},"33":{"start":{"line":98,"column":20},"end":{"line":98,"column":null}},"34":{"start":{"line":99,"column":3},"end":{"line":99,"column":null}},"35":{"start":{"line":99,"column":21},"end":{"line":99,"column":null}},"36":{"start":{"line":100,"column":16},"end":{"line":100,"column":null}},"37":{"start":{"line":101,"column":3},"end":{"line":101,"column":null}},"38":{"start":{"line":103,"column":3},"end":{"line":103,"column":null}},"39":{"start":{"line":104,"column":3},"end":{"line":108,"column":null}},"40":{"start":{"line":110,"column":3},"end":{"line":110,"column":null}},"41":{"start":{"line":114,"column":22},"end":{"line":125,"column":null}},"42":{"start":{"line":115,"column":2},"end":{"line":115,"column":null}},"43":{"start":{"line":115,"column":16},"end":{"line":115,"column":null}},"44":{"start":{"line":117,"column":2},"end":{"line":124,"column":null}},"45":{"start":{"line":118,"column":20},"end":{"line":118,"column":null}},"46":{"start":{"line":119,"column":3},"end":{"line":119,"column":null}},"47":{"start":{"line":119,"column":21},"end":{"line":119,"column":null}},"48":{"start":{"line":120,"column":16},"end":{"line":120,"column":null}},"49":{"start":{"line":121,"column":3},"end":{"line":121,"column":null}},"50":{"start":{"line":123,"column":3},"end":{"line":123,"column":null}},"51":{"start":{"line":127,"column":23},"end":{"line":138,"column":null}},"52":{"start":{"line":128,"column":2},"end":{"line":128,"column":null}},"53":{"start":{"line":128,"column":16},"end":{"line":128,"column":null}},"54":{"start":{"line":130,"column":2},"end":{"line":137,"column":null}},"55":{"start":{"line":131,"column":20},"end":{"line":131,"column":null}},"56":{"start":{"line":132,"column":3},"end":{"line":132,"column":null}},"57":{"start":{"line":132,"column":21},"end":{"line":132,"column":null}},"58":{"start":{"line":133,"column":16},"end":{"line":133,"column":null}},"59":{"start":{"line":134,"column":3},"end":{"line":134,"column":null}},"60":{"start":{"line":136,"column":3},"end":{"line":136,"column":null}},"61":{"start":{"line":140,"column":23},"end":{"line":151,"column":null}},"62":{"start":{"line":141,"column":2},"end":{"line":141,"column":null}},"63":{"start":{"line":141,"column":16},"end":{"line":141,"column":null}},"64":{"start":{"line":143,"column":2},"end":{"line":150,"column":null}},"65":{"start":{"line":144,"column":20},"end":{"line":144,"column":null}},"66":{"start":{"line":145,"column":3},"end":{"line":145,"column":null}},"67":{"start":{"line":145,"column":21},"end":{"line":145,"column":null}},"68":{"start":{"line":146,"column":16},"end":{"line":146,"column":null}},"69":{"start":{"line":147,"column":3},"end":{"line":147,"column":null}},"70":{"start":{"line":149,"column":3},"end":{"line":149,"column":null}},"71":{"start":{"line":153,"column":1},"end":{"line":158,"column":null}},"72":{"start":{"line":154,"column":2},"end":{"line":154,"column":null}},"73":{"start":{"line":155,"column":2},"end":{"line":155,"column":null}},"74":{"start":{"line":156,"column":2},"end":{"line":156,"column":null}},"75":{"start":{"line":157,"column":2},"end":{"line":157,"column":null}},"76":{"start":{"line":160,"column":27},"end":{"line":202,"column":null}},"77":{"start":{"line":161,"column":2},"end":{"line":161,"column":null}},"78":{"start":{"line":162,"column":2},"end":{"line":162,"column":null}},"79":{"start":{"line":162,"column":34},"end":{"line":162,"column":null}},"80":{"start":{"line":164,"column":2},"end":{"line":164,"column":null}},"81":{"start":{"line":165,"column":2},"end":{"line":201,"column":null}},"82":{"start":{"line":166,"column":20},"end":{"line":170,"column":null}},"83":{"start":{"line":172,"column":3},"end":{"line":175,"column":null}},"84":{"start":{"line":173,"column":18},"end":{"line":173,"column":null}},"85":{"start":{"line":174,"column":4},"end":{"line":174,"column":null}},"86":{"start":{"line":177,"column":3},"end":{"line":180,"column":null}},"87":{"start":{"line":182,"column":3},"end":{"line":182,"column":null}},"88":{"start":{"line":183,"column":3},"end":{"line":189,"column":null}},"89":{"start":{"line":190,"column":3},"end":{"line":190,"column":null}},"90":{"start":{"line":192,"column":3},"end":{"line":192,"column":null}},"91":{"start":{"line":193,"column":3},"end":{"line":198,"column":null}},"92":{"start":{"line":200,"column":3},"end":{"line":200,"column":null}},"93":{"start":{"line":204,"column":27},"end":{"line":247,"column":null}},"94":{"start":{"line":205,"column":2},"end":{"line":205,"column":null}},"95":{"start":{"line":206,"column":2},"end":{"line":206,"column":null}},"96":{"start":{"line":206,"column":33},"end":{"line":206,"column":null}},"97":{"start":{"line":208,"column":2},"end":{"line":208,"column":null}},"98":{"start":{"line":209,"column":2},"end":{"line":246,"column":null}},"99":{"start":{"line":210,"column":20},"end":{"line":221,"column":null}},"100":{"start":{"line":219,"column":46},"end":{"line":219,"column":50}},"101":{"start":{"line":223,"column":3},"end":{"line":226,"column":null}},"102":{"start":{"line":224,"column":18},"end":{"line":224,"column":null}},"103":{"start":{"line":225,"column":4},"end":{"line":225,"column":null}},"104":{"start":{"line":228,"column":3},"end":{"line":231,"column":null}},"105":{"start":{"line":233,"column":3},"end":{"line":233,"column":null}},"106":{"start":{"line":234,"column":3},"end":{"line":234,"column":null}},"107":{"start":{"line":235,"column":3},"end":{"line":235,"column":null}},"108":{"start":{"line":237,"column":3},"end":{"line":237,"column":null}},"109":{"start":{"line":238,"column":3},"end":{"line":243,"column":null}},"110":{"start":{"line":245,"column":3},"end":{"line":245,"column":null}},"111":{"start":{"line":249,"column":27},"end":{"line":279,"column":null}},"112":{"start":{"line":250,"column":2},"end":{"line":251,"column":null}},"113":{"start":{"line":251,"column":3},"end":{"line":251,"column":null}},"114":{"start":{"line":253,"column":2},"end":{"line":278,"column":null}},"115":{"start":{"line":254,"column":20},"end":{"line":256,"column":null}},"116":{"start":{"line":259,"column":3},"end":{"line":262,"column":null}},"117":{"start":{"line":260,"column":18},"end":{"line":260,"column":null}},"118":{"start":{"line":261,"column":4},"end":{"line":261,"column":null}},"119":{"start":{"line":264,"column":3},"end":{"line":267,"column":null}},"120":{"start":{"line":269,"column":3},"end":{"line":269,"column":null}},"121":{"start":{"line":271,"column":3},"end":{"line":271,"column":null}},"122":{"start":{"line":272,"column":3},"end":{"line":277,"column":null}},"123":{"start":{"line":281,"column":32},"end":{"line":288,"column":null}},"124":{"start":{"line":282,"column":2},"end":{"line":287,"column":null}},"125":{"start":{"line":282,"column":23},"end":{"line":287,"column":null}},"126":{"start":{"line":285,"column":34},"end":{"line":285,"column":null}},"127":{"start":{"line":290,"column":33},"end":{"line":298,"column":null}},"128":{"start":{"line":291,"column":2},"end":{"line":291,"column":null}},"129":{"start":{"line":291,"column":21},"end":{"line":291,"column":null}},"130":{"start":{"line":292,"column":2},"end":{"line":297,"column":null}},"131":{"start":{"line":294,"column":43},"end":{"line":294,"column":62}},"132":{"start":{"line":295,"column":39},"end":{"line":295,"column":58}},"133":{"start":{"line":300,"column":24},"end":{"line":307,"column":null}},"134":{"start":{"line":302,"column":3},"end":{"line":302,"column":null}},"135":{"start":{"line":303,"column":24},"end":{"line":305,"column":null}},"136":{"start":{"line":306,"column":2},"end":{"line":306,"column":null}},"137":{"start":{"line":310,"column":7},"end":{"line":310,"column":33}},"138":{"start":{"line":314,"column":2},"end":{"line":314,"column":null}},"139":{"start":{"line":314,"column":39},"end":{"line":314,"column":69}},"140":{"start":{"line":348,"column":11},"end":{"line":348,"column":null}},"141":{"start":{"line":360,"column":11},"end":{"line":360,"column":null}},"142":{"start":{"line":370,"column":11},"end":{"line":370,"column":null}},"143":{"start":{"line":379,"column":12},"end":{"line":379,"column":40}},"144":{"start":{"line":391,"column":11},"end":{"line":391,"column":null}},"145":{"start":{"line":400,"column":12},"end":{"line":400,"column":41}},"146":{"start":{"line":411,"column":11},"end":{"line":412,"column":null}},"147":{"start":{"line":418,"column":14},"end":{"line":418,"column":null}},"148":{"start":{"line":436,"column":24},"end":{"line":436,"column":null}},"149":{"start":{"line":465,"column":38},"end":{"line":465,"column":64}},"150":{"start":{"line":476,"column":32},"end":{"line":476,"column":51}},"151":{"start":{"line":493,"column":23},"end":{"line":493,"column":null}},"152":{"start":{"line":503,"column":9},"end":{"line":503,"column":37}},"153":{"start":{"line":530,"column":8},"end":{"line":531,"column":null}},"154":{"start":{"line":556,"column":14},"end":{"line":556,"column":null}},"155":{"start":{"line":557,"column":14},"end":{"line":557,"column":null}},"156":{"start":{"line":566,"column":28},"end":{"line":566,"column":null}},"157":{"start":{"line":614,"column":11},"end":{"line":614,"column":null}},"158":{"start":{"line":625,"column":11},"end":{"line":628,"column":null}},"159":{"start":{"line":638,"column":11},"end":{"line":641,"column":null}},"160":{"start":{"line":650,"column":12},"end":{"line":650,"column":40}},"161":{"start":{"line":662,"column":11},"end":{"line":665,"column":null}},"162":{"start":{"line":674,"column":12},"end":{"line":674,"column":41}},"163":{"start":{"line":686,"column":12},"end":{"line":687,"column":null}},"164":{"start":{"line":692,"column":20},"end":{"line":692,"column":39}},"165":{"start":{"line":695,"column":15},"end":{"line":695,"column":null}},"166":{"start":{"line":716,"column":10},"end":{"line":716,"column":null}},"167":{"start":{"line":717,"column":10},"end":{"line":717,"column":null}}},"fnMap":{"0":{"name":"AdminGroupsPage","decl":{"start":{"line":71,"column":24},"end":{"line":71,"column":null}},"loc":{"start":{"line":71,"column":24},"end":{"line":733,"column":null}}},"1":{"name":"(anonymous_2)","decl":{"start":{"line":93,"column":21},"end":{"line":93,"column":null}},"loc":{"start":{"line":93,"column":21},"end":{"line":112,"column":null}}},"2":{"name":"(anonymous_3)","decl":{"start":{"line":114,"column":22},"end":{"line":114,"column":null}},"loc":{"start":{"line":114,"column":22},"end":{"line":125,"column":null}}},"3":{"name":"(anonymous_4)","decl":{"start":{"line":127,"column":23},"end":{"line":127,"column":null}},"loc":{"start":{"line":127,"column":23},"end":{"line":138,"column":null}}},"4":{"name":"(anonymous_5)","decl":{"start":{"line":140,"column":23},"end":{"line":140,"column":null}},"loc":{"start":{"line":140,"column":23},"end":{"line":151,"column":null}}},"5":{"name":"(anonymous_6)","decl":{"start":{"line":153,"column":11},"end":{"line":153,"column":null}},"loc":{"start":{"line":153,"column":11},"end":{"line":158,"column":4}}},"6":{"name":"(anonymous_7)","decl":{"start":{"line":160,"column":27},"end":{"line":160,"column":34}},"loc":{"start":{"line":160,"column":34},"end":{"line":202,"column":null}}},"7":{"name":"(anonymous_8)","decl":{"start":{"line":204,"column":27},"end":{"line":204,"column":34}},"loc":{"start":{"line":204,"column":34},"end":{"line":247,"column":null}}},"8":{"name":"(anonymous_9)","decl":{"start":{"line":219,"column":41},"end":{"line":219,"column":46}},"loc":{"start":{"line":219,"column":46},"end":{"line":219,"column":50}}},"9":{"name":"(anonymous_10)","decl":{"start":{"line":249,"column":27},"end":{"line":249,"column":34}},"loc":{"start":{"line":249,"column":34},"end":{"line":279,"column":null}}},"10":{"name":"(anonymous_11)","decl":{"start":{"line":281,"column":32},"end":{"line":281,"column":33}},"loc":{"start":{"line":281,"column":33},"end":{"line":288,"column":null}}},"11":{"name":"(anonymous_12)","decl":{"start":{"line":282,"column":14},"end":{"line":282,"column":23}},"loc":{"start":{"line":282,"column":23},"end":{"line":287,"column":null}}},"12":{"name":"(anonymous_13)","decl":{"start":{"line":285,"column":28},"end":{"line":285,"column":34}},"loc":{"start":{"line":285,"column":34},"end":{"line":285,"column":null}}},"13":{"name":"(anonymous_14)","decl":{"start":{"line":290,"column":33},"end":{"line":290,"column":34}},"loc":{"start":{"line":290,"column":34},"end":{"line":298,"column":null}}},"14":{"name":"(anonymous_15)","decl":{"start":{"line":294,"column":38},"end":{"line":294,"column":43}},"loc":{"start":{"line":294,"column":43},"end":{"line":294,"column":62}}},"15":{"name":"(anonymous_16)","decl":{"start":{"line":295,"column":34},"end":{"line":295,"column":39}},"loc":{"start":{"line":295,"column":39},"end":{"line":295,"column":58}}},"16":{"name":"(anonymous_17)","decl":{"start":{"line":300,"column":38},"end":{"line":300,"column":null}},"loc":{"start":{"line":300,"column":38},"end":{"line":307,"column":null}}},"17":{"name":"(anonymous_18)","decl":{"start":{"line":310,"column":2},"end":{"line":310,"column":7}},"loc":{"start":{"line":310,"column":7},"end":{"line":310,"column":33}}},"18":{"name":"(anonymous_19)","decl":{"start":{"line":314,"column":34},"end":{"line":314,"column":39}},"loc":{"start":{"line":314,"column":39},"end":{"line":314,"column":69}}},"19":{"name":"(anonymous_20)","decl":{"start":{"line":347,"column":20},"end":{"line":347,"column":null}},"loc":{"start":{"line":348,"column":11},"end":{"line":348,"column":null}}},"20":{"name":"(anonymous_21)","decl":{"start":{"line":359,"column":20},"end":{"line":359,"column":null}},"loc":{"start":{"line":360,"column":11},"end":{"line":360,"column":null}}},"21":{"name":"(anonymous_22)","decl":{"start":{"line":369,"column":25},"end":{"line":369,"column":null}},"loc":{"start":{"line":370,"column":11},"end":{"line":370,"column":null}}},"22":{"name":"(anonymous_23)","decl":{"start":{"line":378,"column":24},"end":{"line":378,"column":null}},"loc":{"start":{"line":379,"column":12},"end":{"line":379,"column":40}}},"23":{"name":"(anonymous_24)","decl":{"start":{"line":390,"column":25},"end":{"line":390,"column":null}},"loc":{"start":{"line":391,"column":11},"end":{"line":391,"column":null}}},"24":{"name":"(anonymous_25)","decl":{"start":{"line":399,"column":25},"end":{"line":399,"column":null}},"loc":{"start":{"line":400,"column":12},"end":{"line":400,"column":41}}},"25":{"name":"(anonymous_26)","decl":{"start":{"line":410,"column":41},"end":{"line":410,"column":null}},"loc":{"start":{"line":411,"column":11},"end":{"line":412,"column":null}}},"26":{"name":"(anonymous_27)","decl":{"start":{"line":417,"column":30},"end":{"line":417,"column":null}},"loc":{"start":{"line":418,"column":14},"end":{"line":418,"column":null}}},"27":{"name":"(anonymous_28)","decl":{"start":{"line":436,"column":18},"end":{"line":436,"column":24}},"loc":{"start":{"line":436,"column":24},"end":{"line":436,"column":null}}},"28":{"name":"(anonymous_29)","decl":{"start":{"line":465,"column":22},"end":{"line":465,"column":23}},"loc":{"start":{"line":465,"column":38},"end":{"line":465,"column":64}}},"29":{"name":"(anonymous_30)","decl":{"start":{"line":476,"column":27},"end":{"line":476,"column":32}},"loc":{"start":{"line":476,"column":32},"end":{"line":476,"column":51}}},"30":{"name":"(anonymous_31)","decl":{"start":{"line":493,"column":18},"end":{"line":493,"column":23}},"loc":{"start":{"line":493,"column":23},"end":{"line":493,"column":null}}},"31":{"name":"(anonymous_32)","decl":{"start":{"line":502,"column":21},"end":{"line":502,"column":null}},"loc":{"start":{"line":503,"column":9},"end":{"line":503,"column":37}}},"32":{"name":"(anonymous_33)","decl":{"start":{"line":529,"column":27},"end":{"line":529,"column":null}},"loc":{"start":{"line":530,"column":8},"end":{"line":531,"column":null}}},"33":{"name":"(anonymous_34)","decl":{"start":{"line":555,"column":22},"end":{"line":555,"column":null}},"loc":{"start":{"line":555,"column":22},"end":{"line":558,"column":null}}},"34":{"name":"(anonymous_35)","decl":{"start":{"line":566,"column":22},"end":{"line":566,"column":28}},"loc":{"start":{"line":566,"column":28},"end":{"line":566,"column":null}}},"35":{"name":"(anonymous_36)","decl":{"start":{"line":613,"column":20},"end":{"line":613,"column":null}},"loc":{"start":{"line":614,"column":11},"end":{"line":614,"column":null}}},"36":{"name":"(anonymous_37)","decl":{"start":{"line":624,"column":20},"end":{"line":624,"column":null}},"loc":{"start":{"line":625,"column":11},"end":{"line":628,"column":null}}},"37":{"name":"(anonymous_38)","decl":{"start":{"line":637,"column":25},"end":{"line":637,"column":null}},"loc":{"start":{"line":638,"column":11},"end":{"line":641,"column":null}}},"38":{"name":"(anonymous_39)","decl":{"start":{"line":649,"column":24},"end":{"line":649,"column":null}},"loc":{"start":{"line":650,"column":12},"end":{"line":650,"column":40}}},"39":{"name":"(anonymous_40)","decl":{"start":{"line":661,"column":25},"end":{"line":661,"column":null}},"loc":{"start":{"line":662,"column":11},"end":{"line":665,"column":null}}},"40":{"name":"(anonymous_41)","decl":{"start":{"line":673,"column":25},"end":{"line":673,"column":null}},"loc":{"start":{"line":674,"column":12},"end":{"line":674,"column":41}}},"41":{"name":"(anonymous_42)","decl":{"start":{"line":685,"column":39},"end":{"line":685,"column":null}},"loc":{"start":{"line":686,"column":12},"end":{"line":687,"column":null}}},"42":{"name":"(anonymous_43)","decl":{"start":{"line":692,"column":15},"end":{"line":692,"column":20}},"loc":{"start":{"line":692,"column":20},"end":{"line":692,"column":39}}},"43":{"name":"(anonymous_44)","decl":{"start":{"line":694,"column":31},"end":{"line":694,"column":null}},"loc":{"start":{"line":695,"column":15},"end":{"line":695,"column":null}}},"44":{"name":"(anonymous_45)","decl":{"start":{"line":715,"column":18},"end":{"line":715,"column":null}},"loc":{"start":{"line":715,"column":18},"end":{"line":718,"column":null}}}},"branchMap":{"0":{"loc":{"start":{"line":94,"column":2},"end":{"line":94,"column":null}},"type":"if","locations":[{"start":{"line":94,"column":2},"end":{"line":94,"column":null}},{"start":{},"end":{}}]},"1":{"loc":{"start":{"line":99,"column":3},"end":{"line":99,"column":null}},"type":"if","locations":[{"start":{"line":99,"column":3},"end":{"line":99,"column":null}},{"start":{},"end":{}}]},"2":{"loc":{"start":{"line":115,"column":2},"end":{"line":115,"column":null}},"type":"if","locations":[{"start":{"line":115,"column":2},"end":{"line":115,"column":null}},{"start":{},"end":{}}]},"3":{"loc":{"start":{"line":119,"column":3},"end":{"line":119,"column":null}},"type":"if","locations":[{"start":{"line":119,"column":3},"end":{"line":119,"column":null}},{"start":{},"end":{}}]},"4":{"loc":{"start":{"line":128,"column":2},"end":{"line":128,"column":null}},"type":"if","locations":[{"start":{"line":128,"column":2},"end":{"line":128,"column":null}},{"start":{},"end":{}}]},"5":{"loc":{"start":{"line":132,"column":3},"end":{"line":132,"column":null}},"type":"if","locations":[{"start":{"line":132,"column":3},"end":{"line":132,"column":null}},{"start":{},"end":{}}]},"6":{"loc":{"start":{"line":134,"column":15},"end":{"line":134,"column":31}},"type":"binary-expr","locations":[{"start":{"line":134,"column":15},"end":{"line":134,"column":25}},{"start":{"line":134,"column":29},"end":{"line":134,"column":31}}]},"7":{"loc":{"start":{"line":141,"column":2},"end":{"line":141,"column":null}},"type":"if","locations":[{"start":{"line":141,"column":2},"end":{"line":141,"column":null}},{"start":{},"end":{}}]},"8":{"loc":{"start":{"line":145,"column":3},"end":{"line":145,"column":null}},"type":"if","locations":[{"start":{"line":145,"column":3},"end":{"line":145,"column":null}},{"start":{},"end":{}}]},"9":{"loc":{"start":{"line":147,"column":15},"end":{"line":147,"column":31}},"type":"binary-expr","locations":[{"start":{"line":147,"column":15},"end":{"line":147,"column":25}},{"start":{"line":147,"column":29},"end":{"line":147,"column":31}}]},"10":{"loc":{"start":{"line":162,"column":2},"end":{"line":162,"column":null}},"type":"if","locations":[{"start":{"line":162,"column":2},"end":{"line":162,"column":null}},{"start":{},"end":{}}]},"11":{"loc":{"start":{"line":162,"column":6},"end":{"line":162,"column":32}},"type":"binary-expr","locations":[{"start":{"line":162,"column":6},"end":{"line":162,"column":18}},{"start":{"line":162,"column":18},"end":{"line":162,"column":32}}]},"12":{"loc":{"start":{"line":172,"column":3},"end":{"line":175,"column":null}},"type":"if","locations":[{"start":{"line":172,"column":3},"end":{"line":175,"column":null}},{"start":{},"
[...]
,"/Users/sailybaev/Desktop/Diplom/ai-lms/lib/user-management.ts": {"path":"/Users/sailybaev/Desktop/Diplom/ai-lms/lib/user-management.ts","statementMap":{"0":{"start":{"line":79,"column":22},"end":{"line":79,"column":32}},"1":{"start":{"line":150,"column":22},"end":{"line":150,"column":32}},"2":{"start":{"line":66,"column":22},"end":{"line":66,"column":31}},"3":{"start":{"line":41,"column":22},"end":{"line":41,"column":32}},"4":{"start":{"line":164,"column":16},"end":{"line":164,"column":26}},"5":{"start":{"line":171,"column":16},"end":{"line":171,"column":35}},"6":{"start":{"line":189,"column":16},"end":{"line":189,"column":30}},"7":{"start":{"line":104,"column":22},"end":{"line":104,"column":32}},"8":{"start":{"line":127,"column":22},"end":{"line":127,"column":42}},"9":{"start":{"line":47,"column":21},"end":{"line":47,"column":null}},"10":{"start":{"line":49,"column":1},"end":{"line":49,"column":null}},"11":{"start":{"line":49,"column":19},"end":{"line":49,"column":null}},"12":{"start":{"line":50,"column":1},"end":{"line":50,"column":null}},"13":{"start":{"line":50,"column":21},"end":{"line":50,"column":null}},"14":{"start":{"line":51,"column":1},"end":{"line":51,"column":null}},"15":{"start":{"line":51,"column":21},"end":{"line":51,"column":null}},"16":{"start":{"line":52,"column":1},"end":{"line":52,"column":null}},"17":{"start":{"line":52,"column":20},"end":{"line":52,"column":null}},"18":{"start":{"line":54,"column":18},"end":{"line":54,"column":null}},"19":{"start":{"line":56,"column":1},"end":{"line":58,"column":null}},"20":{"start":{"line":57,"column":2},"end":{"line":57,"column":null}},"21":{"start":{"line":60,"column":1},"end":{"line":60,"column":null}},"22":{"start":{"line":67,"column":18},"end":{"line":67,"column":null}},"23":{"start":{"line":69,"column":1},"end":{"line":71,"column":null}},"24":{"start":{"line":70,"column":2},"end":{"line":70,"column":null}},"25":{"start":{"line":73,"column":1},"end":{"line":73,"column":null}},"26":{"start":{"line":85,"column":18},"end":{"line":91,"column":null}},"27":{"start":{"line":93,"column":1},"end":{"line":96,"column":null}},"28":{"start":{"line":94,"column":16},"end":{"line":94,"column":null}},"29":{"start":{"line":95,"column":2},"end":{"line":95,"column":null}},"30":{"start":{"line":98,"column":1},"end":{"line":98,"column":null}},"31":{"start":{"line":108,"column":18},"end":{"line":114,"column":null}},"32":{"start":{"line":116,"column":1},"end":{"line":119,"column":null}},"33":{"start":{"line":117,"column":16},"end":{"line":117,"column":null}},"34":{"start":{"line":118,"column":2},"end":{"line":118,"column":null}},"35":{"start":{"line":121,"column":1},"end":{"line":121,"column":null}},"36":{"start":{"line":131,"column":18},"end":{"line":137,"column":null}},"37":{"start":{"line":139,"column":1},"end":{"line":142,"column":null}},"38":{"start":{"line":140,"column":16},"end":{"line":140,"column":null}},"39":{"start":{"line":141,"column":2},"end":{"line":141,"column":null}},"40":{"start":{"line":144,"column":1},"end":{"line":144,"column":null}},"41":{"start":{"line":151,"column":18},"end":{"line":153,"column":null}},"42":{"start":{"line":155,"column":1},"end":{"line":158,"column":null}},"43":{"start":{"line":156,"column":16},"end":{"line":156,"column":null}},"44":{"start":{"line":157,"column":2},"end":{"line":157,"column":null}},"45":{"start":{"line":165,"column":1},"end":{"line":165,"column":null}},"46":{"start":{"line":174,"column":1},"end":{"line":183,"column":null}},"47":{"start":{"line":176,"column":3},"end":{"line":176,"column":null}},"48":{"start":{"line":178,"column":3},"end":{"line":178,"column":null}},"49":{"start":{"line":180,"column":3},"end":{"line":180,"column":null}},"50":{"start":{"line":182,"column":3},"end":{"line":182,"column":null}},"51":{"start":{"line":190,"column":1},"end":{"line":199,"column":null}},"52":{"start":{"line":192,"column":3},"end":{"line":192,"column":null}},"53":{"start":{"line":194,"column":3},"end":{"line":194,"column":null}},"54":{"start":{"line":196,"column":3},"end":{"line":196,"column":null}},"55":{"start":{"line":198,"column":3},"end":{"line":198,"column":null}}},"fnMap":{"0":{"name":"fetchUsers","decl":{"start":{"line":41,"column":22},"end":{"line":41,"column":32}},"loc":{"start":{"line":46,"column":1},"end":{"line":61,"column":null}}},"1":{"name":"fetchUser","decl":{"start":{"line":66,"column":22},"end":{"line":66,"column":31}},"loc":{"start":{"line":66,"column":46},"end":{"line":74,"column":null}}},"2":{"name":"createUser","decl":{"start":{"line":79,"column":22},"end":{"line":79,"column":32}},"loc":{"start":{"line":84,"column":1},"end":{"line":99,"column":null}}},"3":{"name":"updateUser","decl":{"start":{"line":104,"column":22},"end":{"line":104,"column":32}},"loc":{"start":{"line":106,"column":24},"end":{"line":122,"column":null}}},"4":{"name":"updateUserMembership","decl":{"start":{"line":127,"column":22},"end":{"line":127,"column":42}},"loc":{"start":{"line":129,"column":30},"end":{"line":145,"column":null}}},"5":{"name":"deleteUser","decl":{"start":{"line":150,"column":22},"end":{"line":150,"column":32}},"loc":{"start":{"line":150,"column":47},"end":{"line":159,"column":null}}},"6":{"name":"formatRole","decl":{"start":{"line":164,"column":16},"end":{"line":164,"column":26}},"loc":{"start":{"line":164,"column":39},"end":{"line":166,"column":null}}},"7":{"name":"getRoleBadgeVariant","decl":{"start":{"line":171,"column":16},"end":{"line":171,"column":35}},"loc":{"start":{"line":172,"column":13},"end":{"line":184,"column":null}}},"8":{"name":"getStatusColor","decl":{"start":{"line":189,"column":16},"end":{"line":189,"column":30}},"loc":{"start":{"line":189,"column":45},"end":{"line":200,"column":null}}}},"branchMap":{"0":{"loc":{"start":{"line":49,"column":1},"end":{"line":49,"column":null}},"type":"if","locations":[{"start":{"line":49,"column":1},"end":{"line":49,"column":null}},{"start":{},"end":{}}]},"1":{"loc":{"start":{"line":50,"column":1},"end":{"line":50,"column":null}},"type":"if","locations":[{"start":{"line":50,"column":1},"end":{"line":50,"column":null}},{"start":{},"end":{}}]},"2":{"loc":{"start":{"line":51,"column":1},"end":{"line":51,"column":null}},"type":"if","locations":[{"start":{"line":51,"column":1},"end":{"line":51,"column":null}},{"start":{},"end":{}}]},"3":{"loc":{"start":{"line":52,"column":1},"end":{"line":52,"column":null}},"type":"if","locations":[{"start":{"line":52,"column":1},"end":{"line":52,"column":null}},{"start":{},"end":{}}]},"4":{"loc":{"start":{"line":56,"column":1},"end":{"line":58,"column":null}},"type":"if","locations":[{"start":{"line":56,"column":1},"end":{"line":58,"column":null}},{"start":{},"end":{}}]},"5":{"loc":{"start":{"line":69,"column":1},"end":{"line":71,"column":null}},"type":"if","locations":[{"start":{"line":69,"column":1},"end":{"line":71,"column":null}},{"start":{},"end":{}}]},"6":{"loc":{"start":{"line":93,"column":1},"end":{"line":96,"column":null}},"type":"if","locations":[{"start":{"line":93,"column":1},"end":{"line":96,"column":null}},{"start":{},"end":{}}]},"7":{"loc":{"start":{"line":95,"column":18},"end":{"line":95,"column":null}},"type":"binary-expr","locations":[{"start":{"line":95,"column":18},"end":{"line":95,"column":29}},{"start":{"line":95,"column":33},"end":{"line":95,"column":null}}]},"8":{"loc":{"start":{"line":116,"column":1},"end":{"line":119,"column":null}},"type":"if","locations":[{"start":{"line":116,"column":1},"end":{"line":119,"column":null}},{"start":{},"end":{}}]},"9":{"loc":{"start":{"line":118,"column":18},"end":{"line":118,"column":null}},"type":"binary-expr","locations":[{"start":{"line":118,"column":18},"end":{"line":118,"column":29}},{"start":{"line":118,"column":33},"end":{"line":118,"column":null}}]},"10":{"loc":{"start":{"line":139,"column":1},"end":{"line":142,"column":null}},"type":"if","locations":[{"start":{"line":139,"column":1},"end":{"line":142,"column":null}},{"start":{},"end":{}}]},"11":{"loc":{"start":{"line":141,"column":18},"end":{"line":141,"column":null}},"type":"binary-expr","locations":[{"start":{"line":141,"column":18},"end":{"line":141,"column":29}},{"start":{"line":141,"column":33},"end":{"line":141,"column":null}}]},"12":{"loc":{"start":{"line":155,"column":1},"end":{"line":158,"column":null}},"type":"if","locations":[{"start":{"line":155,"column":1},"end":{"line":158,"column":null}},{"start":{},"end":{}}]},"13":{"loc":{"start":{"line":157,"column":18},"end":{"line":157,"column":null}},"type":"binary-expr","locations":[{"start":{"line":157,"column":18},"end":{"line":157,"column":29}},{"start":{"line":157,"column":33},"end":{"line":157,"column":null}}]},"14":{"loc":{"start":{"line":174,"column":1},"end":{"line":183,"column":null}},"type":"switch","locations":[{"start":{"line":175,"column":2},"end":{"line":176,"column":null}},{"start":{"line":177,"column":2},"end":{"line":178,"column":null}},{"start":{"line":179,"column":2},"end":{"line":180,"column":null}},{"start":{"line":181,"column":2},"end":{"line":182,"column":null}}]},"15":{"loc":{"start":{"line":190,"column":1},"end":{"line":199,"column":null}},"type":"switch","locations":[{"start":{"line":191,"column":2},"end":{"line":192,"column":null}},{"start":{"line":193,"column":2},"end":{"line":194,"column":null}},{"start":{"line":195,"column":2},"end":{"line":196,"column":null}},{"start":{"line":197,"column":2},"end":{"line":198,"column":null}}]}},"s":{"0":3,"1":2,"2":2,"3":3,"4":5,"5":8,"6":8,"7":3,"8":3,"9":3,"10":3,"11":1,"12":3,"13":1,"14":3,"15":1,"16":3,"17":1,"18":3,"19":3,"20":1,"21":2,"22":2,"23":2,"24":1,"25":1,"26":3,"27":3,"28":2,"29":2,"30":1,"31":3,"32":3,"33":1,"34":1,"35":2,"36":3,"37":3,"38":1,"39":1,"40":2,"41":2,"42":2,"43":1,"44":1,"45":5,"46":8,"47":2,"48":2,"49":2,"50":2,"51":8,"52":2,"53":2,"54":2,"55":2},"f":{"0":3,"1":2,"2":3,"3":3,"4":3,"5":2,"6":5,"7":8,"8":8},"b":{"0":[1,2],"1":[1,2],"2":[1,2],"3":[1,2],"4":[1,2],"5":[1,1],"6":[2,1],"7":[2,1],"8":[1,2],"9":[1,0],"10":[1,2],"11":[1,0],"12":[1,1],"13":[1,0],"14":[2,2,2,2],"15":[2,2,2,2]}}
,"/Users/sailybaev/Desktop/Diplom/ai-lms/lib/user-profile.ts": {"path":"/Users/sailybaev/Desktop/Diplom/ai-lms/lib/user-profile.ts","statementMap":{"0":{"start":{"line":166,"column":22},"end":{"line":166,"column":41}},"1":{"start":{"line":194,"column":22},"end":{"line":194,"column":37}},"2":{"start":{"line":6,"column":22},"end":{"line":6,"column":36}},"3":{"start":{"line":122,"column":22},"end":{"line":122,"column":39}},"4":{"start":{"line":235,"column":16},"end":{"line":235,"column":37}},"5":{"start":{"line":1,"column":23},"end":{"line":1,"column":null}},"6":{"start":{"line":7,"column":14},"end":{"line":47,"column":null}},"7":{"start":{"line":49,"column":1},"end":{"line":51,"column":null}},"8":{"start":{"line":50,"column":2},"end":{"line":50,"column":null}},"9":{"start":{"line":53,"column":15},"end":{"line":53,"column":41}},"10":{"start":{"line":57,"column":2},"end":{"line":85,"column":null}},"11":{"start":{"line":87,"column":1},"end":{"line":116,"column":null}},"12":{"start":{"line":108,"column":42},"end":{"line":115,"column":null}},"13":{"start":{"line":129,"column":25},"end":{"line":131,"column":null}},"14":{"start":{"line":133,"column":1},"end":{"line":138,"column":null}},"15":{"start":{"line":134,"column":2},"end":{"line":136,"column":null}},"16":{"start":{"line":135,"column":3},"end":{"line":135,"column":null}},"17":{"start":{"line":137,"column":2},"end":{"line":137,"column":null}},"18":{"start":{"line":140,"column":1},"end":{"line":145,"column":null}},"19":{"start":{"line":141,"column":2},"end":{"line":143,"column":null}},"20":{"start":{"line":142,"column":3},"end":{"line":142,"column":null}},"21":{"start":{"line":144,"column":2},"end":{"line":144,"column":null}},"22":{"start":{"line":147,"column":21},"end":{"line":158,"column":null}},"23":{"start":{"line":160,"column":1},"end":{"line":160,"column":null}},"24":{"start":{"line":167,"column":20},"end":{"line":186,"column":null}},"25":{"start":{"line":188,"column":1},"end":{"line":188,"column":null}},"26":{"start":{"line":199,"column":20},"end":{"line":220,"column":null}},"27":{"start":{"line":222,"column":1},"end":{"line":229,"column":null}},"28":{"start":{"line":222,"column":36},"end":{"line":229,"column":null}},"29":{"start":{"line":236,"column":26},"end":{"line":236,"column":28}},"30":{"start":{"line":238,"column":1},"end":{"line":246,"column":null}},"31":{"start":{"line":239,"column":2},"end":{"line":245,"column":null}},"32":{"start":{"line":240,"column":3},"end":{"line":240,"column":null}},"33":{"start":{"line":241,"column":9},"end":{"line":245,"column":null}},"34":{"start":{"line":242,"column":3},"end":{"line":242,"column":null}},"35":{"start":{"line":243,"column":9},"end":{"line":245,"column":null}},"36":{"start":{"line":244,"column":3},"end":{"line":244,"column":null}},"37":{"start":{"line":248,"column":1},"end":{"line":262,"column":null}},"38":{"start":{"line":249,"column":2},"end":{"line":261,"column":null}},"39":{"start":{"line":250,"column":3},"end":{"line":250,"column":null}},"40":{"start":{"line":251,"column":9},"end":{"line":261,"column":null}},"41":{"start":{"line":252,"column":3},"end":{"line":252,"column":null}},"42":{"start":{"line":255,"column":7},"end":{"line":261,"column":null}},"43":{"start":{"line":256,"column":3},"end":{"line":260,"column":null}},"44":{"start":{"line":257,"column":4},"end":{"line":257,"column":null}},"45":{"start":{"line":259,"column":4},"end":{"line":259,"column":null}},"46":{"start":{"line":264,"column":1},"end":{"line":267,"column":null}}},"fnMap":{"0":{"name":"getUserProfile","decl":{"start":{"line":6,"column":22},"end":{"line":6,"column":36}},"loc":{"start":{"line":6,"column":71},"end":{"line":117,"column":null}}},"1":{"name":"(anonymous_7)","decl":{"start":{"line":108,"column":36},"end":{"line":108,"column":42}},"loc":{"start":{"line":108,"column":42},"end":{"line":115,"column":null}}},"2":{"name":"updateUserProfile","decl":{"start":{"line":122,"column":22},"end":{"line":122,"column":39}},"loc":{"start":{"line":127,"column":2},"end":{"line":161,"column":null}}},"3":{"name":"checkUserMembership","decl":{"start":{"line":166,"column":22},"end":{"line":166,"column":41}},"loc":{"start":{"line":166,"column":76},"end":{"line":189,"column":null}}},"4":{"name":"getUserActivity","decl":{"start":{"line":194,"column":22},"end":{"line":194,"column":37}},"loc":{"start":{"line":197,"column":19},"end":{"line":230,"column":null}}},"5":{"name":"(anonymous_11)","decl":{"start":{"line":222,"column":23},"end":{"line":222,"column":36}},"loc":{"start":{"line":222,"column":36},"end":{"line":229,"column":null}}},"6":{"name":"validateProfileUpdate","decl":{"start":{"line":235,"column":16},"end":{"line":235,"column":37}},"loc":{"start":{"line":235,"column":47},"end":{"line":268,"column":null}}}},"branchMap":{"0":{"loc":{"start":{"line":49,"column":1},"end":{"line":51,"column":null}},"type":"if","locations":[{"start":{"line":49,"column":1},"end":{"line":51,"column":null}},{"start":{},"end":{}}]},"1":{"loc":{"start":{"line":49,"column":5},"end":{"line":49,"column":45}},"type":"binary-expr","locations":[{"start":{"line":49,"column":5},"end":{"line":49,"column":14}},{"start":{"line":49,"column":14},"end":{"line":49,"column":45}}]},"2":{"loc":{"start":{"line":133,"column":1},"end":{"line":138,"column":null}},"type":"if","locations":[{"start":{"line":133,"column":1},"end":{"line":138,"column":null}},{"start":{},"end":{}}]},"3":{"loc":{"start":{"line":134,"column":2},"end":{"line":136,"column":null}},"type":"if","locations":[{"start":{"line":134,"column":2},"end":{"line":136,"column":null}},{"start":{},"end":{}}]},"4":{"loc":{"start":{"line":134,"column":6},"end":{"line":134,"column":70}},"type":"binary-expr","locations":[{"start":{"line":134,"column":6},"end":{"line":134,"column":39}},{"start":{"line":134,"column":39},"end":{"line":134,"column":70}}]},"5":{"loc":{"start":{"line":140,"column":1},"end":{"line":145,"column":null}},"type":"if","locations":[{"start":{"line":140,"column":1},"end":{"line":145,"column":null}},{"start":{},"end":{}}]},"6":{"loc":{"start":{"line":141,"column":2},"end":{"line":143,"column":null}},"type":"if","locations":[{"start":{"line":141,"column":2},"end":{"line":143,"column":null}},{"start":{},"end":{}}]},"7":{"loc":{"start":{"line":141,"column":6},"end":{"line":141,"column":69}},"type":"binary-expr","locations":[{"start":{"line":141,"column":6},"end":{"line":141,"column":33}},{"start":{"line":141,"column":33},"end":{"line":141,"column":69}}]},"8":{"loc":{"start":{"line":197,"column":1},"end":{"line":197,"column":19}},"type":"default-arg","locations":[{"start":{"line":197,"column":17},"end":{"line":197,"column":19}}]},"9":{"loc":{"start":{"line":238,"column":1},"end":{"line":246,"column":null}},"type":"if","locations":[{"start":{"line":238,"column":1},"end":{"line":246,"column":null}},{"start":{},"end":{}}]},"10":{"loc":{"start":{"line":239,"column":2},"end":{"line":245,"column":null}},"type":"if","locations":[{"start":{"line":239,"column":2},"end":{"line":245,"column":null}},{"start":{"line":241,"column":9},"end":{"line":245,"column":null}}]},"11":{"loc":{"start":{"line":241,"column":9},"end":{"line":245,"column":null}},"type":"if","locations":[{"start":{"line":241,"column":9},"end":{"line":245,"column":null}},{"start":{"line":243,"column":9},"end":{"line":245,"column":null}}]},"12":{"loc":{"start":{"line":243,"column":9},"end":{"line":245,"column":null}},"type":"if","locations":[{"start":{"line":243,"column":9},"end":{"line":245,"column":null}},{"start":{},"end":{}}]},"13":{"loc":{"start":{"line":248,"column":1},"end":{"line":262,"column":null}},"type":"if","locations":[{"start":{"line":248,"column":1},"end":{"line":262,"column":null}},{"start":{},"end":{}}]},"14":{"loc":{"start":{"line":248,"column":5},"end":{"line":248,"column":62}},"type":"binary-expr","locations":[{"start":{"line":248,"column":5},"end":{"line":248,"column":37}},{"start":{"line":248,"column":37},"end":{"line":248,"column":62}}]},"15":{"loc":{"start":{"line":249,"column":2},"end":{"line":261,"column":null}},"type":"if","locations":[{"start":{"line":249,"column":2},"end":{"line":261,"column":null}},{"start":{"line":251,"column":9},"end":{"line":261,"column":null}}]},"16":{"loc":{"start":{"line":251,"column":9},"end":{"line":261,"column":null}},"type":"if","locations":[{"start":{"line":251,"column":9},"end":{"line":261,"column":null}},{"start":{"line":255,"column":7},"end":{"line":261,"column":null}}]},"17":{"loc":{"start":{"line":255,"column":7},"end":{"line":261,"column":null}},"type":"if","locations":[{"start":{"line":255,"column":7},"end":{"line":261,"column":null}},{"start":{},"end":{}}]}},"s":{"0":0,"1":0,"2":0,"3":0,"4":0,"5":0,"6":0,"7":0,"8":0,"9":0,"10":0,"11":0,"12":0,"13":0,"14":0,"15":0,"16":0,"17":0,"18":0,"19":0,"20":0,"21":0,"22":0,"23":0,"24":0,"25":0,"26":0,"27":0,"28":0,"29":0,"30":0,"31":0,"32":0,"33":0,"34":0,"35":0,"36":0,"37":0,"38":0,"39":0,"40":0,"41":0,"42":0,"43":0,"44":0,"45":0,"46":0},"f":{"0":0,"1":0,"2":0,"3":0,"4":0,"5":0,"6":0},"b":{"0":[0,0],"1":[0,0],"2":[0,0],"3":[0,0],"4":[0,0],"5":[0,0],"6":[0,0],"7":[0,0],"8":[0],"9":[0,0],"10":[0,0],"11":[0,0],"12":[0,0],"13":[0,0],"14":[0,0],"15":[0,0],"16":[0,0],"17":[0,0]}}
,"/Users/sailybaev/Desktop/Diplom/ai-lms/lib/utils.ts": {"path":"/Users/sailybaev/Desktop/Diplom/ai-lms/lib/utils.ts","statementMap":{"0":{"start":{"line":4,"column":16},"end":{"line":4,"column":19}},"1":{"start":{"line":1,"column":38},"end":{"line":1,"column":null}},"2":{"start":{"line":2,"column":24},"end":{"line":2,"column":null}},"3":{"start":{"line":5,"column":1},"end":{"line":5,"column":null}}},"fnMap":{"0":{"name":"cn","decl":{"start":{"line":4,"column":16},"end":{"line":4,"column":19}},"loc":{"start":{"line":4,"column":42},"end":{"line":6,"column":null}}}},"branchMap":{},"s":{"0":0,"1":0,"2":0,"3":0},"f":{"0":0},"b":{}}
}
