TN:
SF:middleware.ts
FN:6,middleware
FNF:1
FNH:0
FNDA:0,middleware
DA:2,0
DA:4,0
DA:6,0
DA:7,0
DA:8,0
DA:11,0
DA:12,0
DA:17,0
DA:21,0
DA:25,0
DA:29,0
DA:30,0
DA:33,0
DA:35,0
DA:38,0
DA:40,0
DA:41,0
DA:42,0
DA:43,0
DA:45,0
DA:49,0
DA:50,0
DA:51,0
DA:52,0
DA:55,0
DA:56,0
DA:57,0
DA:58,0
DA:59,0
DA:60,0
DA:68,0
DA:71,0
LF:32
LH:0
BRDA:8,0,0,0
BRDA:8,0,1,0
BRDA:12,1,0,0
BRDA:12,1,1,0
BRDA:13,2,0,0
BRDA:13,2,1,0
BRDA:13,2,2,0
BRDA:21,3,0,0
BRDA:21,3,1,0
BRDA:22,4,0,0
BRDA:22,4,1,0
BRDA:31,5,0,0
BRDA:31,5,1,0
BRDA:33,6,0,0
BRDA:33,6,1,0
BRDA:35,7,0,0
BRDA:35,7,1,0
BRDA:38,8,0,0
BRDA:38,8,1,0
BRDA:40,9,0,0
BRDA:40,9,1,0
BRDA:49,10,0,0
BRDA:49,10,1,0
BRDA:50,11,0,0
BRDA:50,11,1,0
BRDA:55,12,0,0
BRDA:55,12,1,0
BRDA:57,13,0,0
BRDA:57,13,1,0
BRF:29
BRH:0
end_of_record
TN:
SF:app/layout.tsx
FN:16,RootLayout
FNF:1
FNH:0
FNDA:0,RootLayout
DA:1,0
DA:2,0
DA:3,0
DA:6,0
DA:7,0
DA:9,0
DA:16,0
LF:7
LH:0
BRF:0
BRH:0
end_of_record
TN:
SF:app/page.tsx
FN:6,HomePage
FNF:1
FNH:0
FNDA:0,HomePage
DA:1,0
DA:2,0
DA:3,0
DA:4,0
DA:6,0
LF:5
LH:0
BRF:0
BRH:0
end_of_record
TN:
SF:app/[org]/layout.tsx
FN:5,OrgLayout
FNF:1
FNH:0
FNDA:0,OrgLayout
DA:1,0
DA:2,0
DA:5,0
DA:12,0
DA:13,0
LF:5
LH:0
BRDA:12,0,0,0
BRDA:12,0,1,0
BRDA:13,1,0,0
BRDA:13,1,1,0
BRF:4
BRH:0
end_of_record
TN:
SF:app/[org]/admin/layout.tsx
FN:10,AdminOrgLayout
FNF:1
FNH:0
FNDA:0,AdminOrgLayout
DA:3,0
DA:4,0
DA:5,0
DA:6,0
DA:7,0
DA:10,0
LF:6
LH:0
BRF:0
BRH:0
end_of_record
TN:
SF:app/[org]/admin/page.tsx
FN:3,OrgAdminDashboardPage
FNF:1
FNH:0
FNDA:0,OrgAdminDashboardPage
DA:1,0
DA:3,0
DA:8,0
DA:9,0
LF:4
LH:0
BRF:0
BRH:0
end_of_record
TN:
SF:app/[org]/admin/ai-tools/page.tsx
FN:10,AIToolsPage
FN:14,(anonymous_2)
FN:16,(anonymous_3)
FN:140,(anonymous_4)
FNF:4
FNH:0
FNDA:0,AIToolsPage
FNDA:0,(anonymous_2)
FNDA:0,(anonymous_3)
FNDA:0,(anonymous_4)
DA:3,0
DA:4,0
DA:5,0
DA:6,0
DA:7,0
DA:8,0
DA:10,0
DA:11,0
DA:12,0
DA:14,0
DA:15,0
DA:16,0
DA:17,0
DA:34,0
DA:141,0
LF:15
LH:0
BRDA:67,0,0,0
BRDA:67,0,1,0
BRDA:91,1,0,0
BRDA:148,2,0,0
BRDA:148,2,1,0
BRDA:150,3,0,0
BRDA:150,3,1,0
BRF:7
BRH:0
end_of_record
TN:
SF:app/[org]/admin/analytics/page.tsx
FN:96,OrgAnalyticsPage
FN:103,(anonymous_2)
FN:128,(anonymous_3)
FN:132,(anonymous_4)
FN:141,(anonymous_5)
FN:149,(anonymous_6)
FN:156,(anonymous_7)
FN:396,(anonymous_8)
FN:403,(anonymous_9)
FN:563,(anonymous_10)
FN:598,(anonymous_11)
FN:636,(anonymous_12)
FNF:12
FNH:0
FNDA:0,OrgAnalyticsPage
FNDA:0,(anonymous_2)
FNDA:0,(anonymous_3)
FNDA:0,(anonymous_4)
FNDA:0,(anonymous_5)
FNDA:0,(anonymous_6)
FNDA:0,(anonymous_7)
FNDA:0,(anonymous_8)
FNDA:0,(anonymous_9)
FNDA:0,(anonymous_10)
FNDA:0,(anonymous_11)
FNDA:0,(anonymous_12)
DA:3,0
DA:4,0
DA:11,0
DA:12,0
DA:13,0
DA:26,0
DA:27,0
DA:42,0
DA:96,0
DA:97,0
DA:98,0
DA:99,0
DA:100,0
DA:101,0
DA:103,0
DA:104,0
DA:106,0
DA:107,0
DA:108,0
DA:111,0
DA:112,0
DA:114,0
DA:115,0
DA:117,0
DA:118,0
DA:124,0
DA:128,0
DA:129,0
DA:132,0
DA:133,0
DA:134,0
DA:135,0
DA:141,0
DA:142,0
DA:143,0
DA:144,0
DA:145,0
DA:146,0
DA:149,0
DA:150,0
DA:151,0
DA:156,0
DA:157,0
DA:164,0
DA:175,0
DA:185,0
DA:189,0
DA:193,0
DA:397,0
DA:404,0
DA:564,0
DA:599,0
DA:637,0
LF:53
LH:0
BRDA:104,0,0,0
BRDA:104,0,1,0
BRDA:111,1,0,0
BRDA:111,1,1,0
BRDA:133,2,0,0
BRDA:133,2,1,0
BRDA:144,3,0,0
BRDA:144,3,1,0
BRDA:145,4,0,0
BRDA:145,4,1,0
BRDA:150,5,0,0
BRDA:150,5,1,0
BRDA:164,6,0,0
BRDA:164,6,1,0
BRDA:175,7,0,0
BRDA:175,7,1,0
BRDA:241,8,0,0
BRDA:241,8,1,0
BRDA:245,9,0,0
BRDA:249,10,0,0
BRDA:249,10,1,0
BRDA:286,11,0,0
BRDA:286,11,1,0
BRDA:292,12,0,0
BRDA:296,13,0,0
BRDA:296,13,1,0
BRDA:315,14,0,0
BRDA:315,14,1,0
BRDA:321,15,0,0
BRDA:325,16,0,0
BRDA:325,16,1,0
BRF:31
BRH:0
end_of_record
TN:
SF:app/[org]/admin/courses/loading.tsx
FNF:0
FNH:0
DA:1,0
LF:1
LH:0
BRF:0
BRH:0
end_of_record
TN:
SF:app/[org]/admin/courses/page.tsx
FN:68,AdminCoursesPage
FN:101,(anonymous_2)
FN:124,(anonymous_3)
FN:134,(anonymous_4)
FN:145,(anonymous_5)
FN:150,(anonymous_6)
FN:196,(anonymous_7)
FN:207,(anonymous_8)
FN:250,(anonymous_9)
FN:252,(anonymous_10)
FN:256,(anonymous_11)
FN:299,(anonymous_12)
FN:331,(anonymous_13)
FN:336,(anonymous_14)
FN:342,(anonymous_15)
FN:348,(anonymous_16)
FN:357,(anonymous_17)
FN:401,(anonymous_18)
FN:414,(anonymous_19)
FN:429,(anonymous_20)
FN:441,(anonymous_21)
FN:463,(anonymous_22)
FN:472,(anonymous_23)
FN:494,(anonymous_24)
FN:523,(anonymous_25)
FN:533,(anonymous_26)
FN:548,(anonymous_27)
FN:576,(anonymous_28)
FN:622,(anonymous_29)
FN:645,(anonymous_30)
FN:658,(anonymous_31)
FN:665,(anonymous_32)
FN:674,(anonymous_33)
FN:706,(anonymous_34)
FN:720,(anonymous_35)
FN:735,(anonymous_36)
FN:747,(anonymous_37)
FN:767,(anonymous_38)
FN:798,(anonymous_39)
FN:805,(anonymous_40)
FN:828,(anonymous_41)
FNF:41
FNH:0
FNDA:0,AdminCoursesPage
FNDA:0,(anonymous_2)
FNDA:0,(anonymous_3)
FNDA:0,(anonymous_4)
FNDA:0,(anonymous_5)
FNDA:0,(anonymous_6)
FNDA:0,(anonymous_7)
FNDA:0,(anonymous_8)
FNDA:0,(anonymous_9)
FNDA:0,(anonymous_10)
FNDA:0,(anonymous_11)
FNDA:0,(anonymous_12)
FNDA:0,(anonymous_13)
FNDA:0,(anonymous_14)
FNDA:0,(anonymous_15)
FNDA:0,(anonymous_16)
FNDA:0,(anonymous_17)
FNDA:0,(anonymous_18)
FNDA:0,(anonymous_19)
FNDA:0,(anonymous_20)
FNDA:0,(anonymous_21)
FNDA:0,(anonymous_22)
FNDA:0,(anonymous_23)
FNDA:0,(anonymous_24)
FNDA:0,(anonymous_25)
FNDA:0,(anonymous_26)
FNDA:0,(anonymous_27)
FNDA:0,(anonymous_28)
FNDA:0,(anonymous_29)
FNDA:0,(anonymous_30)
FNDA:0,(anonymous_31)
FNDA:0,(anonymous_32)
FNDA:0,(anonymous_33)
FNDA:0,(anonymous_34)
FNDA:0,(anonymous_35)
FNDA:0,(anonymous_36)
FNDA:0,(anonymous_37)
FNDA:0,(anonymous_38)
FNDA:0,(anonymous_39)
FNDA:0,(anonymous_40)
FNDA:0,(anonymous_41)
DA:3,0
DA:4,0
DA:5,0
DA:6,0
DA:15,0
DA:21,0
DA:22,0
DA:23,0
DA:30,0
DA:31,0
DA:32,0
DA:33,0
DA:43,0
DA:44,0
DA:68,0
DA:69,0
DA:70,0
DA:71,0
DA:72,0
DA:73,0
DA:74,0
DA:75,0
DA:76,0
DA:77,0
DA:78,0
DA:79,0
DA:82,0
DA:90,0
DA:91,0
DA:98,0
DA:99,0
DA:101,0
DA:102,0
DA:104,0
DA:105,0
DA:106,0
DA:107,0
DA:108,0
DA:110,0
DA:111,0
DA:113,0
DA:114,0
DA:120,0
DA:124,0
DA:125,0
DA:127,0
DA:128,0
DA:129,0
DA:130,0
DA:132,0
DA:133,0
DA:134,0
DA:141,0
DA:145,0
DA:146,0
DA:147,0
DA:150,0
DA:151,0
DA:152,0
DA:154,0
DA:155,0
DA:156,0
DA:164,0
DA:165,0
DA:166,0
DA:169,0
DA:174,0
DA:175,0
DA:182,0
DA:184,0
DA:185,0
DA:192,0
DA:196,0
DA:197,0
DA:198,0
DA:204,0
DA:207,0
DA:208,0
DA:209,0
DA:211,0
DA:212,0
DA:213,0
DA:224,0
DA:225,0
DA:226,0
DA:229,0
DA:234,0
DA:235,0
DA:236,0
DA:238,0
DA:239,0
DA:246,0
DA:250,0
DA:251,0
DA:252,0
DA:253,0
DA:256,0
DA:257,0
DA:259,0
DA:260,0
DA:261,0
DA:272,0
DA:273,0
DA:274,0
DA:277,0
DA:282,0
DA:283,0
DA:284,0
DA:285,0
DA:287,0
DA:288,0
DA:295,0
DA:299,0
DA:300,0
DA:301,0
DA:303,0
DA:304,0
DA:311,0
DA:312,0
DA:315,0
DA:320,0
DA:322,0
DA:323,0
DA:331,0
DA:332,0
DA:333,0
DA:336,0
DA:340,0
DA:342,0
DA:348,0
DA:350,0
DA:352,0
DA:354,0
DA:357,0
DA:358,0
DA:360,0
DA:362,0
DA:364,0
DA:366,0
DA:402,0
DA:415,0
DA:430,0
DA:442,0
DA:464,0
DA:473,0
DA:494,0
DA:523,0
DA:533,0
DA:548,0
DA:577,0
DA:623,0
DA:645,0
DA:658,0
DA:674,0
DA:707,0
DA:721,0
DA:736,0
DA:748,0
DA:767,0
DA:799,0
DA:806,0
DA:829,0
DA:830,0
LF:163
LH:0
BRDA:102,0,0,0
BRDA:102,0,1,0
BRDA:107,1,0,0
BRDA:107,1,1,0
BRDA:125,2,0,0
BRDA:125,2,1,0
BRDA:129,3,0,0
BRDA:129,3,1,0
BRDA:152,4,0,0
BRDA:152,4,1,0
BRDA:164,5,0,0
BRDA:164,5,1,0
BRDA:166,6,0,0
BRDA:166,6,1,0
BRDA:188,7,0,0
BRDA:188,7,1,0
BRDA:200,8,0,0
BRDA:200,8,1,0
BRDA:201,9,0,0
BRDA:201,9,1,0
BRDA:209,10,0,0
BRDA:209,10,1,0
BRDA:209,11,0,0
BRDA:209,11,1,0
BRDA:224,12,0,0
BRDA:224,12,1,0
BRDA:226,13,0,0
BRDA:226,13,1,0
BRDA:242,14,0,0
BRDA:242,14,1,0
BRDA:257,15,0,0
BRDA:257,15,1,0
BRDA:257,16,0,0
BRDA:257,16,1,0
BRDA:272,17,0,0
BRDA:272,17,1,0
BRDA:274,18,0,0
BRDA:274,18,1,0
BRDA:291,19,0,0
BRDA:291,19,1,0
BRDA:300,20,0,0
BRDA:300,20,1,0
BRDA:301,21,0,0
BRDA:301,21,1,0
BRDA:311,22,0,0
BRDA:311,22,1,0
BRDA:332,23,0,0
BRDA:332,23,1,0
BRDA:335,24,0,0
BRDA:335,24,1,0
BRDA:341,25,0,0
BRDA:341,25,1,0
BRDA:350,26,0,0
BRDA:350,26,1,0
BRDA:352,27,0,0
BRDA:352,27,1,0
BRDA:354,28,0,0
BRDA:354,28,1,0
BRDA:358,29,0,0
BRDA:358,29,1,0
BRDA:358,29,2,0
BRDA:358,29,3,0
BRDA:458,30,0,0
BRDA:458,30,1,0
BRDA:500,31,0,0
BRDA:500,31,1,0
BRDA:565,32,0,0
BRDA:569,33,0,0
BRDA:570,34,0,0
BRDA:570,34,1,0
BRDA:570,35,0,0
BRDA:570,35,1,0
BRDA:589,36,0,0
BRDA:589,36,1,0
BRDA:620,37,0,0
BRDA:631,38,0,0
BRDA:663,39,0,0
BRDA:699,40,0,0
BRDA:773,41,0,0
BRDA:773,41,1,0
BRDA:786,42,0,0
BRDA:786,42,1,0
BRDA:793,43,0,0
BRDA:793,43,1,0
BRDA:821,44,0,0
BRDA:821,44,1,0
BRDA:837,45,0,0
BRDA:837,45,1,0
BRF:88
BRH:0
end_of_record
TN:
SF:app/[org]/admin/groups/page.tsx
FN:71,AdminGroupsPage
FN:93,(anonymous_2)
FN:114,(anonymous_3)
FN:127,(anonymous_4)
FN:140,(anonymous_5)
FN:153,(anonymous_6)
FN:160,(anonymous_7)
FN:204,(anonymous_8)
FN:219,(anonymous_9)
FN:249,(anonymous_10)
FN:281,(anonymous_11)
FN:282,(anonymous_12)
FN:285,(anonymous_13)
FN:290,(anonymous_14)
FN:294,(anonymous_15)
FN:295,(anonymous_16)
FN:300,(anonymous_17)
FN:310,(anonymous_18)
FN:314,(anonymous_19)
FN:347,(anonymous_20)
FN:359,(anonymous_21)
FN:369,(anonymous_22)
FN:378,(anonymous_23)
FN:390,(anonymous_24)
FN:399,(anonymous_25)
FN:410,(anonymous_26)
FN:417,(anonymous_27)
FN:436,(anonymous_28)
FN:465,(anonymous_29)
FN:476,(anonymous_30)
FN:493,(anonymous_31)
FN:502,(anonymous_32)
FN:529,(anonymous_33)
FN:555,(anonymous_34)
FN:566,(anonymous_35)
FN:613,(anonymous_36)
FN:624,(anonymous_37)
FN:637,(anonymous_38)
FN:649,(anonymous_39)
FN:661,(anonymous_40)
FN:673,(anonymous_41)
FN:685,(anonymous_42)
FN:692,(anonymous_43)
FN:694,(anonymous_44)
FN:715,(anonymous_45)
FNF:45
FNH:0
FNDA:0,AdminGroupsPage
FNDA:0,(anonymous_2)
FNDA:0,(anonymous_3)
FNDA:0,(anonymous_4)
FNDA:0,(anonymous_5)
FNDA:0,(anonymous_6)
FNDA:0,(anonymous_7)
FNDA:0,(anonymous_8)
FNDA:0,(anonymous_9)
FNDA:0,(anonymous_10)
FNDA:0,(anonymous_11)
FNDA:0,(anonymous_12)
FNDA:0,(anonymous_13)
FNDA:0,(anonymous_14)
FNDA:0,(anonymous_15)
FNDA:0,(anonymous_16)
FNDA:0,(anonymous_17)
FNDA:0,(anonymous_18)
FNDA:0,(anonymous_19)
FNDA:0,(anonymous_20)
FNDA:0,(anonymous_21)
FNDA:0,(anonymous_22)
FNDA:0,(anonymous_23)
FNDA:0,(anonymous_24)
FNDA:0,(anonymous_25)
FNDA:0,(anonymous_26)
FNDA:0,(anonymous_27)
FNDA:0,(anonymous_28)
FNDA:0,(anonymous_29)
FNDA:0,(anonymous_30)
FNDA:0,(anonymous_31)
FNDA:0,(anonymous_32)
FNDA:0,(anonymous_33)
FNDA:0,(anonymous_34)
FNDA:0,(anonymous_35)
FNDA:0,(anonymous_36)
FNDA:0,(anonymous_37)
FNDA:0,(anonymous_38)
FNDA:0,(anonymous_39)
FNDA:0,(anonymous_40)
FNDA:0,(anonymous_41)
FNDA:0,(anonymous_42)
FNDA:0,(anonymous_43)
FNDA:0,(anonymous_44)
FNDA:0,(anonymous_45)
DA:3,0
DA:4,0
DA:5,0
DA:6,0
DA:15,0
DA:16,0
DA:17,0
DA:24,0
DA:25,0
DA:26,0
DA:27,0
DA:28,0
DA:29,0
DA:71,0
DA:72,0
DA:73,0
DA:74,0
DA:75,0
DA:76,0
DA:77,0
DA:78,0
DA:79,0
DA:80,0
DA:81,0
DA:82,0
DA:83,0
DA:84,0
DA:85,0
DA:93,0
DA:94,0
DA:96,0
DA:97,0
DA:98,0
DA:99,0
DA:100,0
DA:101,0
DA:103,0
DA:104,0
DA:110,0
DA:114,0
DA:115,0
DA:117,0
DA:118,0
DA:119,0
DA:120,0
DA:121,0
DA:123,0
DA:127,0
DA:128,0
DA:130,0
DA:131,0
DA:132,0
DA:133,0
DA:134,0
DA:136,0
DA:140,0
DA:141,0
DA:143,0
DA:144,0
DA:145,0
DA:146,0
DA:147,0
DA:149,0
DA:153,0
DA:154,0
DA:155,0
DA:156,0
DA:157,0
DA:160,0
DA:161,0
DA:162,0
DA:164,0
DA:165,0
DA:166,0
DA:172,0
DA:173,0
DA:174,0
DA:177,0
DA:182,0
DA:183,0
DA:190,0
DA:192,0
DA:193,0
DA:200,0
DA:204,0
DA:205,0
DA:206,0
DA:208,0
DA:209,0
DA:210,0
DA:219,0
DA:223,0
DA:224,0
DA:225,0
DA:228,0
DA:233,0
DA:234,0
DA:235,0
DA:237,0
DA:238,0
DA:245,0
DA:249,0
DA:250,0
DA:251,0
DA:253,0
DA:254,0
DA:259,0
DA:260,0
DA:261,0
DA:264,0
DA:269,0
DA:271,0
DA:272,0
DA:281,0
DA:282,0
DA:285,0
DA:290,0
DA:291,0
DA:292,0
DA:294,0
DA:295,0
DA:300,0
DA:302,0
DA:303,0
DA:306,0
DA:310,0
DA:314,0
DA:348,0
DA:360,0
DA:370,0
DA:379,0
DA:391,0
DA:400,0
DA:411,0
DA:418,0
DA:436,0
DA:465,0
DA:476,0
DA:493,0
DA:503,0
DA:530,0
DA:556,0
DA:557,0
DA:566,0
DA:614,0
DA:625,0
DA:638,0
DA:650,0
DA:662,0
DA:674,0
DA:686,0
DA:692,0
DA:695,0
DA:716,0
DA:717,0
LF:155
LH:0
BRDA:94,0,0,0
BRDA:94,0,1,0
BRDA:99,1,0,0
BRDA:99,1,1,0
BRDA:115,2,0,0
BRDA:115,2,1,0
BRDA:119,3,0,0
BRDA:119,3,1,0
BRDA:128,4,0,0
BRDA:128,4,1,0
BRDA:132,5,0,0
BRDA:132,5,1,0
BRDA:134,6,0,0
BRDA:134,6,1,0
BRDA:141,7,0,0
BRDA:141,7,1,0
BRDA:145,8,0,0
BRDA:145,8,1,0
BRDA:147,9,0,0
BRDA:147,9,1,0
BRDA:162,10,0,0
BRDA:162,10,1,0
BRDA:162,11,0,0
BRDA:162,11,1,0
BRDA:172,12,0,0
BRDA:172,12,1,0
BRDA:174,13,0,0
BRDA:174,13,1,0
BRDA:196,14,0,0
BRDA:196,14,1,0
BRDA:206,15,0,0
BRDA:206,15,1,0
BRDA:206,16,0,0
BRDA:206,16,1,0
BRDA:223,17,0,0
BRDA:223,17,1,0
BRDA:225,18,0,0
BRDA:225,18,1,0
BRDA:241,19,0,0
BRDA:241,19,1,0
BRDA:250,20,0,0
BRDA:250,20,1,0
BRDA:250,21,0,0
BRDA:250,21,1,0
BRDA:259,22,0,0
BRDA:259,22,1,0
BRDA:261,23,0,0
BRDA:261,23,1,0
BRDA:275,24,0,0
BRDA:275,24,1,0
BRDA:284,25,0,0
BRDA:284,25,1,0
BRDA:291,26,0,0
BRDA:291,26,1,0
BRDA:294,27,0,0
BRDA:294,27,1,0
BRDA:302,28,0,0
BRDA:302,28,1,0
BRDA:306,29,0,0
BRDA:306,29,1,0
BRDA:310,30,0,0
BRDA:310,30,1,0
BRDA:314,31,0,0
BRDA:314,31,1,0
BRDA:314,32,0,0
BRDA:314,32,1,0
BRDA:442,33,0,0
BRDA:442,33,1,0
BRDA:512,34,0,0
BRDA:516,35,0,0
BRDA:522,36,0,0
BRDA:522,36,1,0
BRDA:522,37,0,0
BRDA:522,37,1,0
BRDA:546,38,0,0
BRDA:546,38,1,0
BRDA:572,39,0,0
BRDA:578,40,0,0
BRDA:581,41,0,0
BRDA:599,42,0,0
BRDA:623,43,0,0
BRDA:623,43,1,0
BRDA:636,44,0,0
BRDA:636,44,1,0
BRDA:640,45,0,0
BRDA:640,45,1,0
BRDA:660,46,0,0
BRDA:660,46,1,0
BRDA:664,47,0,0
BRDA:664,47,1,0
BRDA:684,48,0,0
BRDA:684,48,1,0
BRDA:724,49,0,0
BRDA:724,49,1,0
BRF:94
BRH:0
end_of_record
TN:
SF:app/[org]/admin/organizations/page.tsx
FN:13,OrganizationsAdminPage
FN:19,refresh
FN:24,(anonymous_3)
FN:29,(anonymous_4)
FN:34,createOrg
FN:44,addDomain
FN:65,(anonymous_7)
FN:77,(anonymous_8)
FN:91,(anonymous_9)
FN:91,(anonymous_10)
FN:100,(anonymous_11)
FN:100,(anonymous_12)
FN:112,(anonymous_13)
FN:125,(anonymous_14)
FN:129,(anonymous_15)
FN:142,DomainsList
FN:144,(anonymous_17)
FN:146,(anonymous_18)
FN:147,(anonymous_19)
FN:157,(anonymous_20)
FNF:20
FNH:0
FNDA:0,OrganizationsAdminPage
FNDA:0,refresh
FNDA:0,(anonymous_3)
FNDA:0,(anonymous_4)
FNDA:0,createOrg
FNDA:0,addDomain
FNDA:0,(anonymous_7)
FNDA:0,(anonymous_8)
FNDA:0,(anonymous_9)
FNDA:0,(anonymous_10)
FNDA:0,(anonymous_11)
FNDA:0,(anonymous_12)
FNDA:0,(anonymous_13)
FNDA:0,(anonymous_14)
FNDA:0,(anonymous_15)
FNDA:0,DomainsList
FNDA:0,(anonymous_17)
FNDA:0,(anonymous_18)
FNDA:0,(anonymous_19)
FNDA:0,(anonymous_20)
DA:3,0
DA:4,0
DA:5,0
DA:6,0
DA:7,0
DA:8,0
DA:13,0
DA:14,0
DA:15,0
DA:16,0
DA:17,0
DA:20,0
DA:21,0
DA:22,0
DA:23,0
DA:24,0
DA:25,0
DA:29,0
DA:30,0
DA:35,0
DA:40,0
DA:41,0
DA:45,0
DA:50,0
DA:51,0
DA:66,0
DA:77,0
DA:91,0
DA:100,0
DA:112,0
DA:125,0
DA:129,0
DA:143,0
DA:144,0
DA:145,0
DA:146,0
DA:147,0
DA:158,0
LF:38
LH:0
BRDA:23,0,0,0
BRDA:23,0,1,0
BRDA:25,1,0,0
BRDA:25,1,1,0
BRDA:108,2,0,0
BRDA:154,3,0,0
BRF:6
BRH:0
end_of_record
TN:
SF:app/[org]/admin/settings/page.tsx
FN:12,SettingsPage
FN:19,(anonymous_2)
FN:26,(anonymous_3)
FN:62,(anonymous_4)
FN:109,(anonymous_5)
FN:121,(anonymous_6)
FN:135,(anonymous_7)
FNF:7
FNH:0
FNDA:0,SettingsPage
FNDA:0,(anonymous_2)
FNDA:0,(anonymous_3)
FNDA:0,(anonymous_4)
FNDA:0,(anonymous_5)
FNDA:0,(anonymous_6)
FNDA:0,(anonymous_7)
DA:3,0
DA:4,0
DA:5,0
DA:6,0
DA:7,0
DA:8,0
DA:9,0
DA:10,0
DA:12,0
DA:13,0
DA:14,0
DA:15,0
DA:16,0
DA:17,0
DA:19,0
DA:20,0
DA:21,0
DA:22,0
DA:26,0
DA:27,0
DA:29,0
DA:30,0
DA:31,0
DA:42,0
DA:43,0
DA:44,0
DA:49,0
DA:52,0
DA:58,0
DA:62,0
DA:63,0
DA:64,0
DA:65,0
DA:69,0
DA:109,0
DA:121,0
DA:136,0
DA:137,0
LF:38
LH:0
BRDA:20,0,0,0
BRDA:20,0,1,0
BRDA:21,1,0,0
BRDA:21,1,1,0
BRDA:22,2,0,0
BRDA:22,2,1,0
BRDA:27,3,0,0
BRDA:27,3,1,0
BRDA:37,4,0,0
BRDA:37,4,1,0
BRDA:38,5,0,0
BRDA:38,5,1,0
BRDA:42,6,0,0
BRDA:42,6,1,0
BRDA:63,7,0,0
BRDA:63,7,1,0
BRDA:64,8,0,0
BRDA:64,8,1,0
BRDA:65,9,0,0
BRDA:65,9,1,0
BRDA:69,10,0,0
BRDA:69,10,1,0
BRDA:127,11,0,0
BRDA:152,12,0,0
BRDA:152,12,1,0
BRF:25
BRH:0
end_of_record
TN:
SF:app/[org]/admin/students/page.tsx
FN:49,OrgStudentsPage
FN:74,(anonymous_2)
FN:97,(anonymous_3)
FN:101,(anonymous_4)
FN:141,(anonymous_5)
FN:173,(anonymous_6)
FN:183,(anonymous_7)
FN:253,(anonymous_8)
FN:310,(anonymous_9)
FN:348,(anonymous_10)
FN:355,(anonymous_11)
FN:395,(anonymous_12)
FN:408,(anonymous_13)
FN:421,(anonymous_14)
FN:434,(anonymous_15)
FN:457,(anonymous_16)
FN:499,(anonymous_17)
FN:563,(anonymous_18)
FN:570,(anonymous_19)
FN:583,(anonymous_20)
FN:595,(anonymous_21)
FN:654,(anonymous_22)
FN:677,(anonymous_23)
FN:702,(anonymous_24)
FN:718,(anonymous_25)
FN:744,(anonymous_26)
FN:765,(anonymous_27)
FNF:27
FNH:0
FNDA:0,OrgStudentsPage
FNDA:0,(anonymous_2)
FNDA:0,(anonymous_3)
FNDA:0,(anonymous_4)
FNDA:0,(anonymous_5)
FNDA:0,(anonymous_6)
FNDA:0,(anonymous_7)
FNDA:0,(anonymous_8)
FNDA:0,(anonymous_9)
FNDA:0,(anonymous_10)
FNDA:0,(anonymous_11)
FNDA:0,(anonymous_12)
FNDA:0,(anonymous_13)
FNDA:0,(anonymous_14)
FNDA:0,(anonymous_15)
FNDA:0,(anonymous_16)
FNDA:0,(anonymous_17)
FNDA:0,(anonymous_18)
FNDA:0,(anonymous_19)
FNDA:0,(anonymous_20)
FNDA:0,(anonymous_21)
FNDA:0,(anonymous_22)
FNDA:0,(anonymous_23)
FNDA:0,(anonymous_24)
FNDA:0,(anonymous_25)
FNDA:0,(anonymous_26)
FNDA:0,(anonymous_27)
DA:3,0
DA:4,0
DA:5,0
DA:14,0
DA:20,0
DA:21,0
DA:22,0
DA:23,0
DA:24,0
DA:35,0
DA:36,0
DA:49,0
DA:50,0
DA:51,0
DA:52,0
DA:53,0
DA:54,0
DA:55,0
DA:56,0
DA:57,0
DA:58,0
DA:61,0
DA:67,0
DA:68,0
DA:72,0
DA:74,0
DA:75,0
DA:77,0
DA:78,0
DA:79,0
DA:80,0
DA:81,0
DA:83,0
DA:84,0
DA:86,0
DA:87,0
DA:93,0
DA:97,0
DA:98,0
DA:101,0
DA:102,0
DA:103,0
DA:105,0
DA:106,0
DA:107,0
DA:115,0
DA:116,0
DA:117,0
DA:120,0
DA:125,0
DA:126,0
DA:127,0
DA:129,0
DA:130,0
DA:137,0
DA:141,0
DA:142,0
DA:144,0
DA:145,0
DA:153,0
DA:154,0
DA:157,0
DA:162,0
DA:164,0
DA:165,0
DA:173,0
DA:174,0
DA:175,0
DA:179,0
DA:180,0
DA:183,0
DA:184,0
DA:185,0
DA:188,0
DA:189,0
DA:190,0
DA:195,0
DA:199,0
DA:200,0
DA:205,0
DA:208,0
DA:209,0
DA:211,0
DA:212,0
DA:214,0
DA:219,0
DA:220,0
DA:221,0
DA:224,0
DA:227,0
DA:232,0
DA:237,0
DA:238,0
DA:245,0
DA:247,0
DA:248,0
DA:253,0
DA:254,0
DA:255,0
DA:258,0
DA:259,0
DA:264,0
DA:267,0
DA:268,0
DA:269,0
DA:283,0
DA:284,0
DA:285,0
DA:288,0
DA:293,0
DA:294,0
DA:295,0
DA:296,0
DA:298,0
DA:299,0
DA:306,0
DA:310,0
DA:311,0
DA:312,0
DA:317,0
DA:320,0
DA:321,0
DA:328,0
DA:329,0
DA:332,0
DA:337,0
DA:339,0
DA:340,0
DA:348,0
DA:350,0
DA:352,0
DA:355,0
DA:356,0
DA:396,0
DA:409,0
DA:422,0
DA:434,0
DA:457,0
DA:500,0
DA:563,0
DA:571,0
DA:584,0
DA:596,0
DA:654,0
DA:678,0
DA:703,0
DA:719,0
DA:745,0
DA:766,0
DA:767,0
LF:150
LH:0
BRDA:75,0,0,0
BRDA:75,0,1,0
BRDA:80,1,0,0
BRDA:80,1,1,0
BRDA:103,2,0,0
BRDA:103,2,1,0
BRDA:115,3,0,0
BRDA:115,3,1,0
BRDA:117,4,0,0
BRDA:117,4,1,0
BRDA:133,5,0,0
BRDA:133,5,1,0
BRDA:142,6,0,0
BRDA:142,6,1,0
BRDA:153,7,0,0
BRDA:153,7,1,0
BRDA:177,8,0,0
BRDA:177,8,1,0
BRDA:185,9,0,0
BRDA:185,9,1,0
BRDA:189,10,0,0
BRDA:189,10,1,0
BRDA:199,11,0,0
BRDA:199,11,1,0
BRDA:219,12,0,0
BRDA:219,12,1,0
BRDA:221,13,0,0
BRDA:221,13,1,0
BRDA:241,14,0,0
BRDA:241,14,1,0
BRDA:247,15,0,0
BRDA:247,15,1,0
BRDA:255,16,0,0
BRDA:255,16,1,0
BRDA:255,17,0,0
BRDA:255,17,1,0
BRDA:258,18,0,0
BRDA:258,18,1,0
BRDA:258,19,0,0
BRDA:258,19,1,0
BRDA:278,20,0,0
BRDA:278,20,1,0
BRDA:279,21,0,0
BRDA:279,21,1,0
BRDA:283,22,0,0
BRDA:283,22,1,0
BRDA:285,23,0,0
BRDA:285,23,1,0
BRDA:302,24,0,0
BRDA:302,24,1,0
BRDA:311,25,0,0
BRDA:311,25,1,0
BRDA:312,26,0,0
BRDA:312,26,1,0
BRDA:328,27,0,0
BRDA:328,27,1,0
BRDA:350,28,0,0
BRDA:350,28,1,0
BRDA:440,29,0,0
BRDA:440,29,1,0
BRDA:467,30,0,0
BRDA:471,31,0,0
BRDA:472,32,0,0
BRDA:472,32,1,0
BRDA:508,33,0,0
BRDA:531,34,0,0
BRDA:531,34,1,0
BRDA:536,35,0,0
BRDA:536,35,1,0
BRDA:538,36,0,0
BRDA:538,36,1,0
BRDA:550,37,0,0
BRDA:550,37,1,0
BRDA:568,38,0,0
BRDA:581,39,0,0
BRDA:625,40,0,0
BRDA:634,41,0,0
BRDA:633,42,0,0
BRDA:633,42,1,0
BRDA:636,43,0,0
BRDA:636,43,1,0
BRDA:636,43,2,0
BRDA:773,44,0,0
BRDA:773,44,1,0
BRDA:774,45,0,0
BRDA:774,45,1,0
BRF:86
BRH:0
end_of_record
TN:
SF:app/[org]/admin/teachers/page.tsx
FN:49,OrgTeachersPage
FN:74,(anonymous_2)
FN:100,(anonymous_3)
FN:104,(anonymous_4)
FN:144,(anonymous_5)
FN:176,(anonymous_6)
FN:186,(anonymous_7)
FN:256,(anonymous_8)
FN:313,(anonymous_9)
FN:351,(anonymous_10)
FN:358,(anonymous_11)
FN:398,(anonymous_12)
FN:411,(anonymous_13)
FN:424,(anonymous_14)
FN:437,(anonymous_15)
FN:460,(anonymous_16)
FN:502,(anonymous_17)
FN:566,(anonymous_18)
FN:573,(anonymous_19)
FN:586,(anonymous_20)
FN:598,(anonymous_21)
FN:657,(anonymous_22)
FN:680,(anonymous_23)
FN:705,(anonymous_24)
FN:721,(anonymous_25)
FN:747,(anonymous_26)
FN:768,(anonymous_27)
FNF:27
FNH:0
FNDA:0,OrgTeachersPage
FNDA:0,(anonymous_2)
FNDA:0,(anonymous_3)
FNDA:0,(anonymous_4)
FNDA:0,(anonymous_5)
FNDA:0,(anonymous_6)
FNDA:0,(anonymous_7)
FNDA:0,(anonymous_8)
FNDA:0,(anonymous_9)
FNDA:0,(anonymous_10)
FNDA:0,(anonymous_11)
FNDA:0,(anonymous_12)
FNDA:0,(anonymous_13)
FNDA:0,(anonymous_14)
FNDA:0,(anonymous_15)
FNDA:0,(anonymous_16)
FNDA:0,(anonymous_17)
FNDA:0,(anonymous_18)
FNDA:0,(anonymous_19)
FNDA:0,(anonymous_20)
FNDA:0,(anonymous_21)
FNDA:0,(anonymous_22)
FNDA:0,(anonymous_23)
FNDA:0,(anonymous_24)
FNDA:0,(anonymous_25)
FNDA:0,(anonymous_26)
FNDA:0,(anonymous_27)
DA:3,0
DA:4,0
DA:5,0
DA:14,0
DA:20,0
DA:21,0
DA:22,0
DA:23,0
DA:24,0
DA:35,0
DA:36,0
DA:49,0
DA:50,0
DA:51,0
DA:52,0
DA:53,0
DA:54,0
DA:55,0
DA:56,0
DA:57,0
DA:58,0
DA:61,0
DA:67,0
DA:68,0
DA:72,0
DA:74,0
DA:75,0
DA:77,0
DA:78,0
DA:79,0
DA:80,0
DA:81,0
DA:82,0
DA:83,0
DA:85,0
DA:86,0
DA:87,0
DA:89,0
DA:90,0
DA:96,0
DA:100,0
DA:101,0
DA:104,0
DA:105,0
DA:106,0
DA:108,0
DA:109,0
DA:110,0
DA:118,0
DA:119,0
DA:120,0
DA:123,0
DA:128,0
DA:129,0
DA:130,0
DA:132,0
DA:133,0
DA:140,0
DA:144,0
DA:145,0
DA:147,0
DA:148,0
DA:156,0
DA:157,0
DA:160,0
DA:165,0
DA:167,0
DA:168,0
DA:176,0
DA:177,0
DA:178,0
DA:182,0
DA:183,0
DA:186,0
DA:187,0
DA:188,0
DA:191,0
DA:192,0
DA:193,0
DA:198,0
DA:202,0
DA:203,0
DA:208,0
DA:211,0
DA:212,0
DA:214,0
DA:215,0
DA:217,0
DA:222,0
DA:223,0
DA:224,0
DA:227,0
DA:230,0
DA:235,0
DA:240,0
DA:241,0
DA:248,0
DA:250,0
DA:251,0
DA:256,0
DA:257,0
DA:258,0
DA:261,0
DA:262,0
DA:267,0
DA:270,0
DA:271,0
DA:272,0
DA:286,0
DA:287,0
DA:288,0
DA:291,0
DA:296,0
DA:297,0
DA:298,0
DA:299,0
DA:301,0
DA:302,0
DA:309,0
DA:313,0
DA:314,0
DA:315,0
DA:320,0
DA:323,0
DA:324,0
DA:331,0
DA:332,0
DA:335,0
DA:340,0
DA:342,0
DA:343,0
DA:351,0
DA:353,0
DA:355,0
DA:358,0
DA:359,0
DA:399,0
DA:412,0
DA:425,0
DA:437,0
DA:460,0
DA:503,0
DA:566,0
DA:574,0
DA:587,0
DA:599,0
DA:657,0
DA:681,0
DA:706,0
DA:722,0
DA:748,0
DA:769,0
DA:770,0
LF:153
LH:0
BRDA:75,0,0,0
BRDA:75,0,1,0
BRDA:82,1,0,0
BRDA:82,1,1,0
BRDA:106,2,0,0
BRDA:106,2,1,0
BRDA:118,3,0,0
BRDA:118,3,1,0
BRDA:120,4,0,0
BRDA:120,4,1,0
BRDA:136,5,0,0
BRDA:136,5,1,0
BRDA:145,6,0,0
BRDA:145,6,1,0
BRDA:156,7,0,0
BRDA:156,7,1,0
BRDA:180,8,0,0
BRDA:180,8,1,0
BRDA:188,9,0,0
BRDA:188,9,1,0
BRDA:192,10,0,0
BRDA:192,10,1,0
BRDA:202,11,0,0
BRDA:202,11,1,0
BRDA:222,12,0,0
BRDA:222,12,1,0
BRDA:224,13,0,0
BRDA:224,13,1,0
BRDA:244,14,0,0
BRDA:244,14,1,0
BRDA:250,15,0,0
BRDA:250,15,1,0
BRDA:258,16,0,0
BRDA:258,16,1,0
BRDA:258,17,0,0
BRDA:258,17,1,0
BRDA:261,18,0,0
BRDA:261,18,1,0
BRDA:261,19,0,0
BRDA:261,19,1,0
BRDA:281,20,0,0
BRDA:281,20,1,0
BRDA:282,21,0,0
BRDA:282,21,1,0
BRDA:286,22,0,0
BRDA:286,22,1,0
BRDA:288,23,0,0
BRDA:288,23,1,0
BRDA:305,24,0,0
BRDA:305,24,1,0
BRDA:314,25,0,0
BRDA:314,25,1,0
BRDA:315,26,0,0
BRDA:315,26,1,0
BRDA:331,27,0,0
BRDA:331,27,1,0
BRDA:353,28,0,0
BRDA:353,28,1,0
BRDA:443,29,0,0
BRDA:443,29,1,0
BRDA:470,30,0,0
BRDA:474,31,0,0
BRDA:475,32,0,0
BRDA:475,32,1,0
BRDA:511,33,0,0
BRDA:534,34,0,0
BRDA:534,34,1,0
BRDA:539,35,0,0
BRDA:539,35,1,0
BRDA:541,36,0,0
BRDA:541,36,1,0
BRDA:553,37,0,0
BRDA:553,37,1,0
BRDA:571,38,0,0
BRDA:584,39,0,0
BRDA:628,40,0,0
BRDA:637,41,0,0
BRDA:636,42,0,0
BRDA:636,42,1,0
BRDA:639,43,0,0
BRDA:639,43,1,0
BRDA:639,43,2,0
BRDA:776,44,0,0
BRDA:776,44,1,0
BRDA:777,45,0,0
BRDA:777,45,1,0
BRF:86
BRH:0
end_of_record
TN:
SF:app/[org]/admin/users/loading.tsx
FNF:0
FNH:0
DA:1,0
LF:1
LH:0
BRF:0
BRH:0
end_of_record
TN:
SF:app/[org]/admin/users/page.tsx
FN:68,UsersPage
FN:95,(anonymous_2)
FN:100,(anonymous_3)
FN:116,(anonymous_4)
FN:128,(anonymous_5)
FN:132,(anonymous_6)
FN:137,(anonymous_7)
FN:147,(anonymous_8)
FN:180,(anonymous_9)
FN:185,(anonymous_10)
FN:194,(anonymous_11)
FN:213,(anonymous_12)
FN:221,(anonymous_13)
FN:239,(anonymous_14)
FN:249,(anonymous_15)
FN:337,(anonymous_16)
FN:375,(anonymous_17)
FN:429,(anonymous_18)
FN:435,(anonymous_19)
FN:451,(anonymous_20)
FN:483,(anonymous_21)
FN:494,(anonymous_22)
FN:503,(anonymous_23)
FN:526,(anonymous_24)
FN:549,(anonymous_25)
FN:564,(anonymous_26)
FNF:26
FNH:0
FNDA:0,UsersPage
FNDA:0,(anonymous_2)
FNDA:0,(anonymous_3)
FNDA:0,(anonymous_4)
FNDA:0,(anonymous_5)
FNDA:0,(anonymous_6)
FNDA:0,(anonymous_7)
FNDA:0,(anonymous_8)
FNDA:0,(anonymous_9)
FNDA:0,(anonymous_10)
FNDA:0,(anonymous_11)
FNDA:0,(anonymous_12)
FNDA:0,(anonymous_13)
FNDA:0,(anonymous_14)
FNDA:0,(anonymous_15)
FNDA:0,(anonymous_16)
FNDA:0,(anonymous_17)
FNDA:0,(anonymous_18)
FNDA:0,(anonymous_19)
FNDA:0,(anonymous_20)
FNDA:0,(anonymous_21)
FNDA:0,(anonymous_22)
FNDA:0,(anonymous_23)
FNDA:0,(anonymous_24)
FNDA:0,(anonymous_25)
FNDA:0,(anonymous_26)
DA:12,0
DA:13,0
DA:14,0
DA:15,0
DA:24,0
DA:32,0
DA:33,0
DA:34,0
DA:41,0
DA:42,0
DA:48,0
DA:59,0
DA:60,0
DA:68,0
DA:69,0
DA:70,0
DA:71,0
DA:72,0
DA:73,0
DA:74,0
DA:77,0
DA:78,0
DA:79,0
DA:82,0
DA:83,0
DA:84,0
DA:87,0
DA:95,0
DA:96,0
DA:97,0
DA:100,0
DA:101,0
DA:102,0
DA:103,0
DA:104,0
DA:106,0
DA:112,0
DA:116,0
DA:117,0
DA:118,0
DA:119,0
DA:120,0
DA:121,0
DA:124,0
DA:128,0
DA:131,0
DA:132,0
DA:136,0
DA:137,0
DA:141,0
DA:144,0
DA:147,0
DA:148,0
DA:149,0
DA:154,0
DA:157,0
DA:158,0
DA:159,0
DA:160,0
DA:161,0
DA:162,0
DA:164,0
DA:169,0
DA:176,0
DA:180,0
DA:181,0
DA:182,0
DA:185,0
DA:186,0
DA:188,0
DA:189,0
DA:194,0
DA:195,0
DA:196,0
DA:198,0
DA:203,0
DA:209,0
DA:213,0
DA:214,0
DA:216,0
DA:217,0
DA:221,0
DA:222,0
DA:224,0
DA:229,0
DA:235,0
DA:239,0
DA:240,0
DA:241,0
DA:243,0
DA:248,0
DA:250,0
DA:259,0
DA:264,0
DA:270,0
DA:337,0
DA:376,0
DA:429,0
DA:435,0
DA:451,0
DA:484,0
DA:495,0
DA:504,0
DA:527,0
DA:549,0
DA:564,0
LF:106
LH:0
BRDA:119,0,0,0
BRDA:119,0,1,0
BRDA:121,1,0,0
BRDA:121,1,1,0
BRDA:131,2,0,0
BRDA:131,2,1,0
BRDA:136,3,0,0
BRDA:136,3,1,0
BRDA:141,4,0,0
BRDA:141,4,1,0
BRDA:144,5,0,0
BRDA:144,5,1,0
BRDA:144,5,2,0
BRDA:148,6,0,0
BRDA:148,6,1,0
BRDA:148,7,0,0
BRDA:148,7,1,0
BRDA:148,7,2,0
BRDA:148,7,3,0
BRDA:172,8,0,0
BRDA:172,8,1,0
BRDA:186,9,0,0
BRDA:186,9,1,0
BRDA:194,10,0,0
BRDA:194,10,1,0
BRDA:214,11,0,0
BRDA:214,11,1,0
BRDA:243,12,0,0
BRDA:243,12,1,0
BRDA:250,13,0,0
BRDA:250,13,1,0
BRDA:398,14,0,0
BRDA:401,15,0,0
BRDA:401,15,1,0
BRDA:407,16,0,0
BRDA:407,16,1,0
BRDA:412,17,0,0
BRDA:412,17,1,0
BRDA:438,18,0,0
BRDA:476,19,0,0
BRDA:502,20,0,0
BRDA:502,20,1,0
BRDA:525,21,0,0
BRDA:525,21,1,0
BRDA:555,22,0,0
BRDA:555,22,1,0
BRDA:564,23,0,0
BRDA:564,23,1,0
BRDA:582,24,0,0
BRDA:582,24,1,0
BRF:50
BRH:0
end_of_record
TN:
SF:app/[org]/login/page.tsx
FN:10,OrgLoginPage
FN:18,onSubmit
FN:45,(anonymous_3)
FN:54,(anonymous_4)
FNF:4
FNH:0
FNDA:0,OrgLoginPage
FNDA:0,onSubmit
FNDA:0,(anonymous_3)
FNDA:0,(anonymous_4)
DA:3,0
DA:4,0
DA:5,0
DA:6,0
DA:7,0
DA:8,0
DA:10,0
DA:11,0
DA:12,0
DA:13,0
DA:14,0
DA:15,0
DA:16,0
DA:19,0
DA:20,0
DA:21,0
DA:22,0
DA:28,0
DA:29,0
DA:45,0
DA:54,0
LF:21
LH:0
BRDA:21,0,0,0
BRDA:21,0,1,0
BRDA:29,1,0,0
BRDA:29,1,1,0
BRDA:59,2,0,0
BRDA:59,2,1,0
BRF:6
BRH:0
end_of_record
TN:
SF:app/[org]/student/layout.tsx
FN:10,StudentOrgLayout
FNF:1
FNH:0
FNDA:0,StudentOrgLayout
DA:3,0
DA:4,0
DA:5,0
DA:6,0
DA:7,0
DA:10,0
LF:6
LH:0
BRF:0
BRH:0
end_of_record
TN:
SF:app/[org]/student/page.tsx
FN:3,OrgStudentDashboardPage
FNF:1
FNH:0
FNDA:0,OrgStudentDashboardPage
DA:1,0
DA:3,0
DA:8,0
DA:9,0
LF:4
LH:0
BRF:0
BRH:0
end_of_record
TN:
SF:app/[org]/student/ai-assistant/page.tsx
FN:21,AIAssistantPage
FN:32,(anonymous_2)
FN:36,(anonymous_3)
FN:41,(anonymous_4)
FN:46,(anonymous_5)
FN:69,(anonymous_6)
FN:73,(anonymous_7)
FN:90,(anonymous_8)
FN:143,(anonymous_9)
FN:151,(anonymous_10)
FNF:10
FNH:0
FNDA:0,AIAssistantPage
FNDA:0,(anonymous_2)
FNDA:0,(anonymous_3)
FNDA:0,(anonymous_4)
FNDA:0,(anonymous_5)
FNDA:0,(anonymous_6)
FNDA:0,(anonymous_7)
FNDA:0,(anonymous_8)
FNDA:0,(anonymous_9)
FNDA:0,(anonymous_10)
DA:3,0
DA:4,0
DA:5,0
DA:6,0
DA:7,0
DA:8,0
DA:15,0
DA:21,0
DA:22,0
DA:29,0
DA:30,0
DA:32,0
DA:33,0
DA:35,0
DA:36,0
DA:37,0
DA:38,0
DA:41,0
DA:42,0
DA:46,0
DA:47,0
DA:70,0
DA:73,0
DA:91,0
DA:144,0
DA:145,0
DA:151,0
LF:27
LH:0
BRDA:33,0,0,0
BRDA:33,0,1,0
BRDA:67,1,0,0
BRDA:94,2,0,0
BRDA:94,2,1,0
BRDA:97,3,0,0
BRDA:104,4,0,0
BRDA:104,4,1,0
BRDA:113,5,0,0
BRDA:122,6,0,0
BRDA:158,7,0,0
BRDA:158,7,1,0
BRF:12
BRH:0
end_of_record
TN:
SF:app/[org]/student/assignments/page.tsx
FN:49,AssignmentsPage
FN:50,(anonymous_2)
FN:51,(anonymous_3)
FN:52,(anonymous_4)
FN:85,(anonymous_5)
FN:98,(anonymous_6)
FN:134,(anonymous_7)
FN:163,(anonymous_8)
FNF:8
FNH:0
FNDA:0,AssignmentsPage
FNDA:0,(anonymous_2)
FNDA:0,(anonymous_3)
FNDA:0,(anonymous_4)
FNDA:0,(anonymous_5)
FNDA:0,(anonymous_6)
FNDA:0,(anonymous_7)
FNDA:0,(anonymous_8)
DA:1,0
DA:2,0
DA:3,0
DA:4,0
DA:6,0
DA:49,0
DA:50,0
DA:51,0
DA:52,0
DA:85,0
DA:99,0
DA:135,0
DA:164,0
LF:13
LH:0
BRDA:85,0,0,0
BRDA:85,0,1,0
BRDA:94,1,0,0
BRDA:130,2,0,0
BRDA:159,3,0,0
BRF:5
BRH:0
end_of_record
TN:
SF:app/[org]/student/courses/loading.tsx
FNF:0
FNH:0
DA:1,0
LF:1
LH:0
BRF:0
BRH:0
end_of_record
TN:
SF:app/[org]/student/courses/page.tsx
FN:3,OrgStudentCoursesPage
FNF:1
FNH:0
FNDA:0,OrgStudentCoursesPage
DA:1,0
DA:3,0
DA:8,0
DA:9,0
LF:4
LH:0
BRF:0
BRH:0
end_of_record
TN:
SF:app/[org]/student/courses/[id]/page.tsx
FNF:0
FNH:0
DA:1,0
LF:1
LH:0
BRF:0
BRH:0
end_of_record
TN:
SF:app/[org]/student/profile/page.tsx
FN:8,getProfile
FN:13,ProfilePage
FN:87,(anonymous_3)
FN:138,Label
FNF:4
FNH:0
FNDA:0,getProfile
FNDA:0,ProfilePage
FNDA:0,(anonymous_3)
FNDA:0,Label
DA:1,0
DA:2,0
DA:3,0
DA:4,0
DA:5,0
DA:6,0
DA:9,0
DA:10,0
DA:13,0
DA:18,0
DA:19,0
DA:20,0
DA:22,0
DA:88,0
LF:14
LH:0
BRDA:22,0,0,0
BRDA:22,0,1,0
BRDA:82,1,0,0
BRDA:82,1,1,0
BRF:4
BRH:0
end_of_record
TN:
SF:app/[org]/student/progress/page.tsx
FN:57,ProgressPage
FN:200,(anonymous_2)
FNF:2
FNH:0
FNDA:0,ProgressPage
FNDA:0,(anonymous_2)
DA:3,0
DA:4,0
DA:15,0
DA:17,0
DA:24,0
DA:30,0
DA:57,0
DA:201,0
LF:8
LH:0
BRDA:204,0,0,0
BRDA:204,0,1,0
BRDA:212,1,0,0
BRDA:212,1,1,0
BRDA:217,2,0,0
BRDA:217,2,1,0
BRDA:229,3,0,0
BRDA:229,3,1,0
BRF:8
BRH:0
end_of_record
TN:
SF:app/[org]/teacher/layout.tsx
FN:10,TeacherOrgLayout
FNF:1
FNH:0
FNDA:0,TeacherOrgLayout
DA:3,0
DA:4,0
DA:5,0
DA:6,0
DA:7,0
DA:10,0
LF:6
LH:0
BRF:0
BRH:0
end_of_record
TN:
SF:app/[org]/teacher/page.tsx
FN:3,OrgTeacherDashboardPage
FNF:1
FNH:0
FNDA:0,OrgTeacherDashboardPage
DA:1,0
DA:3,0
DA:8,0
DA:9,0
LF:4
LH:0
BRF:0
BRH:0
end_of_record
TN:
SF:app/[org]/teacher/ai-tools/page.tsx
FN:18,AIToolsPage
FN:23,(anonymous_2)
FN:25,(anonymous_3)
FN:118,(anonymous_4)
FN:139,(anonymous_5)
FN:160,(anonymous_6)
FN:259,(anonymous_7)
FNF:7
FNH:0
FNDA:0,AIToolsPage
FNDA:0,(anonymous_2)
FNDA:0,(anonymous_3)
FNDA:0,(anonymous_4)
FNDA:0,(anonymous_5)
FNDA:0,(anonymous_6)
FNDA:0,(anonymous_7)
DA:3,0
DA:4,0
DA:5,0
DA:6,0
DA:13,0
DA:14,0
DA:15,0
DA:16,0
DA:18,0
DA:19,0
DA:20,0
DA:21,0
DA:23,0
DA:24,0
DA:25,0
DA:26,0
DA:27,0
DA:52,0
DA:53,0
DA:76,0
DA:98,0
DA:118,0
DA:139,0
DA:160,0
DA:259,0
LF:25
LH:0
BRDA:26,0,0,0
BRDA:26,0,1,0
BRDA:52,1,0,0
BRDA:52,1,1,0
BRDA:114,2,0,0
BRDA:114,2,1,0
BRDA:135,3,0,0
BRDA:135,3,1,0
BRDA:156,4,0,0
BRDA:156,4,1,0
BRDA:181,5,0,0
BRDA:181,5,1,0
BRDA:183,6,0,0
BRDA:183,6,1,0
BRDA:190,7,0,0
BRDA:222,8,0,0
BRDA:233,9,0,0
BRDA:264,10,0,0
BRDA:264,10,1,0
BRDA:268,11,0,0
BRF:20
BRH:0
end_of_record
TN:
SF:app/[org]/teacher/analytics/page.tsx
FN:42,AnalyticsPage
FN:144,(anonymous_2)
FNF:2
FNH:0
FNDA:0,AnalyticsPage
FNDA:0,(anonymous_2)
DA:3,0
DA:4,0
DA:15,0
DA:17,0
DA:26,0
DA:34,0
DA:42,0
DA:145,0
LF:8
LH:0
BRF:0
BRH:0
end_of_record
TN:
SF:app/[org]/teacher/courses/page.tsx
FN:23,CoursesPage
FN:29,(anonymous_3)
FN:52,(anonymous_4)
FN:56,(anonymous_5)
FN:98,(anonymous_6)
FNF:5
FNH:0
FNDA:0,CoursesPage
FNDA:0,(anonymous_3)
FNDA:0,(anonymous_4)
FNDA:0,(anonymous_5)
FNDA:0,(anonymous_6)
DA:3,0
DA:4,0
DA:5,0
DA:6,0
DA:7,0
DA:8,0
DA:9,0
DA:23,0
DA:24,0
DA:25,0
DA:26,0
DA:27,0
DA:29,0
DA:30,0
DA:32,0
DA:33,0
DA:34,0
DA:35,0
DA:36,0
DA:38,0
DA:39,0
DA:41,0
DA:42,0
DA:48,0
DA:52,0
DA:53,0
DA:56,0
DA:57,0
DA:59,0
DA:61,0
DA:63,0
DA:65,0
DA:99,0
LF:33
LH:0
BRDA:30,0,0,0
BRDA:30,0,1,0
BRDA:35,1,0,0
BRDA:35,1,1,0
BRDA:57,2,0,0
BRDA:57,2,1,0
BRDA:57,2,2,0
BRDA:57,2,3,0
BRDA:80,3,0,0
BRDA:84,4,0,0
BRDA:108,5,0,0
BRDA:108,5,1,0
BRF:12
BRH:0
end_of_record
TN:
SF:app/[org]/teacher/courses/[id]/page.tsx
FN:6,(anonymous_1)
FNF:1
FNH:0
FNDA:0,(anonymous_1)
DA:1,0
DA:2,0
DA:3,0
DA:6,0
DA:7,0
DA:8,0
DA:17,0
LF:7
LH:0
BRDA:8,0,0,0
BRDA:8,0,1,0
BRF:2
BRH:0
end_of_record
TN:
SF:app/[org]/teacher/groups/loading.tsx
FNF:0
FNH:0
DA:1,0
LF:1
LH:0
BRF:0
BRH:0
end_of_record
TN:
SF:app/[org]/teacher/groups/page-old.tsx
FN:51,GroupsPage
FN:72,(anonymous_2)
FN:95,(anonymous_3)
FN:110,(anonymous_4)
FN:120,(anonymous_5)
FN:132,(anonymous_6)
FN:138,(anonymous_7)
FN:181,(anonymous_8)
FN:186,(anonymous_9)
FN:201,(anonymous_10)
FN:231,(anonymous_11)
FN:263,(anonymous_12)
FN:265,(anonymous_13)
FN:266,(anonymous_14)
FN:270,(anonymous_15)
FN:276,(anonymous_16)
FN:282,(anonymous_17)
FN:319,(anonymous_18)
FN:331,(anonymous_19)
FN:340,(anonymous_20)
FN:349,(anonymous_21)
FN:365,(anonymous_22)
FN:372,(anonymous_23)
FN:394,(anonymous_24)
FN:423,(anonymous_25)
FN:435,(anonymous_26)
FN:453,(anonymous_27)
FN:462,(anonymous_28)
FN:483,(anonymous_29)
FN:517,(anonymous_30)
FN:539,(anonymous_31)
FN:548,(anonymous_32)
FN:576,(anonymous_33)
FN:590,(anonymous_34)
FN:606,(anonymous_35)
FN:613,(anonymous_36)
FN:615,(anonymous_37)
FN:638,(anonymous_38)
FNF:38
FNH:0
FNDA:0,GroupsPage
FNDA:0,(anonymous_2)
FNDA:0,(anonymous_3)
FNDA:0,(anonymous_4)
FNDA:0,(anonymous_5)
FNDA:0,(anonymous_6)
FNDA:0,(anonymous_7)
FNDA:0,(anonymous_8)
FNDA:0,(anonymous_9)
FNDA:0,(anonymous_10)
FNDA:0,(anonymous_11)
FNDA:0,(anonymous_12)
FNDA:0,(anonymous_13)
FNDA:0,(anonymous_14)
FNDA:0,(anonymous_15)
FNDA:0,(anonymous_16)
FNDA:0,(anonymous_17)
FNDA:0,(anonymous_18)
FNDA:0,(anonymous_19)
FNDA:0,(anonymous_20)
FNDA:0,(anonymous_21)
FNDA:0,(anonymous_22)
FNDA:0,(anonymous_23)
FNDA:0,(anonymous_24)
FNDA:0,(anonymous_25)
FNDA:0,(anonymous_26)
FNDA:0,(anonymous_27)
FNDA:0,(anonymous_28)
FNDA:0,(anonymous_29)
FNDA:0,(anonymous_30)
FNDA:0,(anonymous_31)
FNDA:0,(anonymous_32)
FNDA:0,(anonymous_33)
FNDA:0,(anonymous_34)
FNDA:0,(anonymous_35)
FNDA:0,(anonymous_36)
FNDA:0,(anonymous_37)
FNDA:0,(anonymous_38)
DA:3,0
DA:4,0
DA:5,0
DA:6,0
DA:14,0
DA:15,0
DA:16,0
DA:23,0
DA:24,0
DA:25,0
DA:26,0
DA:27,0
DA:28,0
DA:51,0
DA:52,0
DA:53,0
DA:54,0
DA:55,0
DA:56,0
DA:57,0
DA:58,0
DA:59,0
DA:60,0
DA:61,0
DA:62,0
DA:64,0
DA:65,0
DA:72,0
DA:73,0
DA:75,0
DA:76,0
DA:77,0
DA:78,0
DA:79,0
DA:81,0
DA:82,0
DA:84,0
DA:85,0
DA:91,0
DA:95,0
DA:96,0
DA:98,0
DA:99,0
DA:100,0
DA:101,0
DA:103,0
DA:104,0
DA:106,0
DA:110,0
DA:111,0
DA:113,0
DA:114,0
DA:115,0
DA:116,0
DA:118,0
DA:119,0
DA:120,0
DA:128,0
DA:132,0
DA:133,0
DA:134,0
DA:135,0
DA:138,0
DA:139,0
DA:140,0
DA:142,0
DA:143,0
DA:144,0
DA:155,0
DA:156,0
DA:157,0
DA:160,0
DA:165,0
DA:166,0
DA:167,0
DA:169,0
DA:170,0
DA:177,0
DA:181,0
DA:182,0
DA:183,0
DA:186,0
DA:187,0
DA:188,0
DA:190,0
DA:191,0
DA:192,0
DA:201,0
DA:205,0
DA:206,0
DA:207,0
DA:210,0
DA:215,0
DA:216,0
DA:217,0
DA:219,0
DA:220,0
DA:227,0
DA:231,0
DA:232,0
DA:233,0
DA:235,0
DA:236,0
DA:243,0
DA:244,0
DA:247,0
DA:252,0
DA:254,0
DA:255,0
DA:263,0
DA:264,0
DA:265,0
DA:266,0
DA:267,0
DA:269,0
DA:270,0
DA:273,0
DA:275,0
DA:276,0
DA:278,0
DA:282,0
DA:284,0
DA:285,0
DA:288,0
DA:320,0
DA:332,0
DA:341,0
DA:350,0
DA:366,0
DA:373,0
DA:394,0
DA:423,0
DA:435,0
DA:453,0
DA:463,0
DA:484,0
DA:518,0
DA:539,0
DA:548,0
DA:577,0
DA:591,0
DA:607,0
DA:613,0
DA:616,0
DA:639,0
DA:640,0
LF:146
LH:0
BRDA:73,0,0,0
BRDA:73,0,1,0
BRDA:78,1,0,0
BRDA:78,1,1,0
BRDA:96,2,0,0
BRDA:96,2,1,0
BRDA:100,3,0,0
BRDA:100,3,1,0
BRDA:111,4,0,0
BRDA:111,4,1,0
BRDA:115,5,0,0
BRDA:115,5,1,0
BRDA:140,6,0,0
BRDA:140,6,1,0
BRDA:151,7,0,0
BRDA:151,7,1,0
BRDA:155,8,0,0
BRDA:155,8,1,0
BRDA:157,9,0,0
BRDA:157,9,1,0
BRDA:173,10,0,0
BRDA:173,10,1,0
BRDA:188,11,0,0
BRDA:188,11,1,0
BRDA:188,12,0,0
BRDA:188,12,1,0
BRDA:205,13,0,0
BRDA:205,13,1,0
BRDA:207,14,0,0
BRDA:207,14,1,0
BRDA:223,15,0,0
BRDA:223,15,1,0
BRDA:232,16,0,0
BRDA:232,16,1,0
BRDA:233,17,0,0
BRDA:233,17,1,0
BRDA:243,18,0,0
BRDA:243,18,1,0
BRDA:264,19,0,0
BRDA:264,19,1,0
BRDA:264,20,0,0
BRDA:264,20,1,0
BRDA:267,21,0,0
BRDA:267,21,1,0
BRDA:269,22,0,0
BRDA:269,22,1,0
BRDA:275,23,0,0
BRDA:275,23,1,0
BRDA:284,24,0,0
BRDA:284,24,1,0
BRDA:288,25,0,0
BRDA:288,25,1,0
BRDA:360,26,0,0
BRDA:360,26,1,0
BRDA:400,27,0,0
BRDA:400,27,1,0
BRDA:433,28,0,0
BRDA:433,28,1,0
BRDA:472,29,0,0
BRDA:476,30,0,0
BRDA:477,31,0,0
BRDA:477,31,1,0
BRDA:477,32,0,0
BRDA:477,32,1,0
BRDA:496,33,0,0
BRDA:506,34,0,0
BRDA:506,34,1,0
BRDA:526,35,0,0
BRDA:569,36,0,0
BRDA:589,37,0,0
BRDA:589,37,1,0
BRDA:601,38,0,0
BRDA:601,38,1,0
BRDA:647,39,0,0
BRDA:647,39,1,0
BRF:75
BRH:0
end_of_record
TN:
SF:app/[org]/teacher/groups/page.tsx
FN:32,GroupsPage
FN:40,(anonymous_2)
FN:63,(anonymous_3)
FN:67,(anonymous_4)
FN:78,(anonymous_5)
FN:79,(anonymous_6)
FN:80,(anonymous_7)
FN:113,(anonymous_8)
FN:125,(anonymous_9)
FN:143,(anonymous_10)
FN:152,(anonymous_11)
FN:179,(anonymous_12)
FN:212,(anonymous_13)
FNF:13
FNH:0
FNDA:0,GroupsPage
FNDA:0,(anonymous_2)
FNDA:0,(anonymous_3)
FNDA:0,(anonymous_4)
FNDA:0,(anonymous_5)
FNDA:0,(anonymous_6)
FNDA:0,(anonymous_7)
FNDA:0,(anonymous_8)
FNDA:0,(anonymous_9)
FNDA:0,(anonymous_10)
FNDA:0,(anonymous_11)
FNDA:0,(anonymous_12)
FNDA:0,(anonymous_13)
DA:3,0
DA:4,0
DA:5,0
DA:12,0
DA:13,0
DA:14,0
DA:15,0
DA:16,0
DA:32,0
DA:33,0
DA:34,0
DA:35,0
DA:36,0
DA:37,0
DA:38,0
DA:40,0
DA:41,0
DA:43,0
DA:44,0
DA:45,0
DA:46,0
DA:47,0
DA:49,0
DA:50,0
DA:52,0
DA:53,0
DA:59,0
DA:63,0
DA:64,0
DA:67,0
DA:69,0
DA:70,0
DA:73,0
DA:77,0
DA:78,0
DA:80,0
DA:81,0
DA:113,0
DA:125,0
DA:143,0
DA:153,0
DA:180,0
DA:213,0
LF:43
LH:0
BRDA:41,0,0,0
BRDA:41,0,1,0
BRDA:46,1,0,0
BRDA:46,1,1,0
BRDA:69,2,0,0
BRDA:69,2,1,0
BRDA:73,3,0,0
BRDA:73,3,1,0
BRDA:83,4,0,0
BRDA:83,4,1,0
BRDA:123,5,0,0
BRDA:123,5,1,0
BRDA:162,6,0,0
BRDA:166,7,0,0
BRDA:172,8,0,0
BRDA:172,8,1,0
BRDA:172,9,0,0
BRDA:172,9,1,0
BRDA:194,10,0,0
BRDA:194,10,1,0
BRDA:199,11,0,0
BRDA:204,12,0,0
BRDA:225,13,0,0
BRF:23
BRH:0
end_of_record
TN:
SF:app/[org]/teacher/settings/page.tsx
FN:9,SettingsPage
FNF:1
FNH:0
FNDA:0,SettingsPage
DA:1,0
DA:2,0
DA:3,0
DA:4,0
DA:5,0
DA:6,0
DA:7,0
DA:9,0
LF:8
LH:0
BRF:0
BRH:0
end_of_record
TN:
SF:app/[org]/teacher/students/loading.tsx
FNF:0
FNH:0
DA:1,0
LF:1
LH:0
BRF:0
BRH:0
end_of_record
TN:
SF:app/[org]/teacher/students/page.tsx
FN:37,StudentsPage
FN:46,(anonymous_2)
FN:53,(anonymous_3)
FN:72,(anonymous_4)
FN:78,(anonymous_5)
FN:89,(anonymous_6)
FN:90,(anonymous_7)
FN:96,(anonymous_8)
FN:108,(anonymous_9)
FN:115,(anonymous_10)
FN:123,(anonymous_11)
FN:169,(anonymous_12)
FN:178,(anonymous_13)
FN:199,(anonymous_14)
FN:204,(anonymous_15)
FN:244,(anonymous_16)
FNF:16
FNH:0
FNDA:0,StudentsPage
FNDA:0,(anonymous_2)
FNDA:0,(anonymous_3)
FNDA:0,(anonymous_4)
FNDA:0,(anonymous_5)
FNDA:0,(anonymous_6)
FNDA:0,(anonymous_7)
FNDA:0,(anonymous_8)
FNDA:0,(anonymous_9)
FNDA:0,(anonymous_10)
FNDA:0,(anonymous_11)
FNDA:0,(anonymous_12)
FNDA:0,(anonymous_13)
FNDA:0,(anonymous_14)
FNDA:0,(anonymous_15)
FNDA:0,(anonymous_16)
DA:3,0
DA:4,0
DA:5,0
DA:6,0
DA:7,0
DA:14,0
DA:15,0
DA:16,0
DA:17,0
DA:18,0
DA:37,0
DA:38,0
DA:39,0
DA:40,0
DA:41,0
DA:42,0
DA:43,0
DA:44,0
DA:46,0
DA:47,0
DA:48,0
DA:49,0
DA:53,0
DA:54,0
DA:55,0
DA:56,0
DA:57,0
DA:58,0
DA:59,0
DA:61,0
DA:62,0
DA:68,0
DA:72,0
DA:73,0
DA:74,0
DA:75,0
DA:76,0
DA:77,0
DA:78,0
DA:84,0
DA:89,0
DA:90,0
DA:96,0
DA:98,0
DA:100,0
DA:102,0
DA:106,0
DA:108,0
DA:113,0
DA:114,0
DA:115,0
DA:119,0
DA:122,0
DA:123,0
DA:169,0
DA:179,0
DA:202,0
DA:204,0
DA:206,0
DA:245,0
LF:60
LH:0
BRDA:47,0,0,0
BRDA:47,0,1,0
BRDA:57,1,0,0
BRDA:57,1,1,0
BRDA:59,2,0,0
BRDA:59,2,1,0
BRDA:75,3,0,0
BRDA:75,3,1,0
BRDA:98,4,0,0
BRDA:98,4,1,0
BRDA:100,5,0,0
BRDA:100,5,1,0
BRDA:102,6,0,0
BRDA:102,6,1,0
BRDA:119,7,0,0
BRDA:119,7,1,0
BRDA:188,8,0,0
BRDA:192,9,0,0
BRDA:193,10,0,0
BRDA:193,10,1,0
BRDA:193,11,0,0
BRDA:193,11,1,0
BRDA:202,12,0,0
BRDA:202,12,1,0
BRDA:215,13,0,0
BRF:25
BRH:0
end_of_record
TN:
SF:app/admin/layout.tsx
FN:10,AdminLayout
FNF:1
FNH:0
FNDA:0,AdminLayout
DA:3,0
DA:4,0
DA:5,0
DA:6,0
DA:7,0
DA:10,0
LF:6
LH:0
BRF:0
BRH:0
end_of_record
TN:
SF:app/admin/page.tsx
FN:69,AdminDashboard
FN:215,(anonymous_2)
FNF:2
FNH:0
FNDA:0,AdminDashboard
FNDA:0,(anonymous_2)
DA:3,0
DA:4,0
DA:5,0
DA:6,0
DA:17,0
DA:19,0
DA:28,0
DA:38,0
DA:69,0
DA:216,0
LF:10
LH:0
BRDA:228,0,0,0
BRDA:228,0,1,0
BRF:2
BRH:0
end_of_record
TN:
SF:app/admin/ai-tools/page.tsx
FN:10,AIToolsPage
FN:14,(anonymous_2)
FN:16,(anonymous_3)
FN:112,(anonymous_4)
FNF:4
FNH:0
FNDA:0,AIToolsPage
FNDA:0,(anonymous_2)
FNDA:0,(anonymous_3)
FNDA:0,(anonymous_4)
DA:3,0
DA:4,0
DA:5,0
DA:6,0
DA:7,0
DA:8,0
DA:10,0
DA:11,0
DA:12,0
DA:14,0
DA:15,0
DA:16,0
DA:17,0
DA:34,0
DA:113,0
LF:15
LH:0
BRDA:60,0,0,0
BRDA:60,0,1,0
BRDA:83,1,0,0
BRDA:117,2,0,0
BRDA:117,2,1,0
BRDA:119,3,0,0
BRDA:119,3,1,0
BRF:7
BRH:0
end_of_record
TN:
SF:app/admin/analytics/page.tsx
FN:31,AnalyticsPage
FN:114,(anonymous_2)
FN:119,(anonymous_3)
FN:161,(anonymous_4)
FNF:4
FNH:0
FNDA:0,AnalyticsPage
FNDA:0,(anonymous_2)
FNDA:0,(anonymous_3)
FNDA:0,(anonymous_4)
DA:3,0
DA:4,0
DA:5,0
DA:6,0
DA:8,0
DA:14,0
DA:22,0
DA:31,0
DA:114,0
DA:120,0
DA:162,0
LF:11
LH:0
BRF:0
BRH:0
end_of_record
TN:
SF:app/admin/courses/loading.tsx
FN:1,Loading
FNF:1
FNH:0
FNDA:0,Loading
DA:1,0
DA:2,0
LF:2
LH:0
BRF:0
BRH:0
end_of_record
TN:
SF:app/admin/courses/page.tsx
FN:60,CoursesPage
FN:64,(anonymous_2)
FN:89,(anonymous_3)
FN:96,(anonymous_4)
FN:111,(anonymous_5)
FN:127,(anonymous_6)
FNF:6
FNH:0
FNDA:0,CoursesPage
FNDA:0,(anonymous_2)
FNDA:0,(anonymous_3)
FNDA:0,(anonymous_4)
FNDA:0,(anonymous_5)
FNDA:0,(anonymous_6)
DA:3,0
DA:4,0
DA:5,0
DA:6,0
DA:7,0
DA:8,0
DA:9,0
DA:10,0
DA:12,0
DA:60,0
DA:61,0
DA:62,0
DA:64,0
DA:65,0
DA:67,0
DA:69,0
DA:89,0
DA:96,0
DA:111,0
DA:128,0
LF:20
LH:0
BRDA:65,0,0,0
BRDA:65,0,1,0
BRDA:67,1,0,0
BRDA:67,1,1,0
BRDA:69,2,0,0
BRDA:69,2,1,0
BRDA:137,3,0,0
BRDA:137,3,1,0
BRDA:138,4,0,0
BRDA:138,4,1,0
BRDA:163,5,0,0
BRF:11
BRH:0
end_of_record
TN:
SF:app/admin/organizations/page.tsx
FN:13,OrganizationsAdminPage
FN:19,refresh
FN:24,(anonymous_3)
FN:29,(anonymous_4)
FN:34,createOrg
FN:44,addDomain
FN:65,(anonymous_7)
FN:77,(anonymous_8)
FN:91,(anonymous_9)
FN:91,(anonymous_10)
FN:100,(anonymous_11)
FN:100,(anonymous_12)
FN:112,(anonymous_13)
FN:125,(anonymous_14)
FN:129,(anonymous_15)
FN:142,DomainsList
FN:144,(anonymous_17)
FN:146,(anonymous_18)
FN:147,(anonymous_19)
FN:157,(anonymous_20)
FNF:20
FNH:0
FNDA:0,OrganizationsAdminPage
FNDA:0,refresh
FNDA:0,(anonymous_3)
FNDA:0,(anonymous_4)
FNDA:0,createOrg
FNDA:0,addDomain
FNDA:0,(anonymous_7)
FNDA:0,(anonymous_8)
FNDA:0,(anonymous_9)
FNDA:0,(anonymous_10)
FNDA:0,(anonymous_11)
FNDA:0,(anonymous_12)
FNDA:0,(anonymous_13)
FNDA:0,(anonymous_14)
FNDA:0,(anonymous_15)
FNDA:0,DomainsList
FNDA:0,(anonymous_17)
FNDA:0,(anonymous_18)
FNDA:0,(anonymous_19)
FNDA:0,(anonymous_20)
DA:3,0
DA:4,0
DA:5,0
DA:6,0
DA:7,0
DA:8,0
DA:13,0
DA:14,0
DA:15,0
DA:16,0
DA:17,0
DA:20,0
DA:21,0
DA:22,0
DA:23,0
DA:24,0
DA:25,0
DA:29,0
DA:30,0
DA:35,0
DA:40,0
DA:41,0
DA:45,0
DA:50,0
DA:51,0
DA:66,0
DA:77,0
DA:91,0
DA:100,0
DA:112,0
DA:125,0
DA:129,0
DA:143,0
DA:144,0
DA:145,0
DA:146,0
DA:147,0
DA:158,0
LF:38
LH:0
BRDA:23,0,0,0
BRDA:23,0,1,0
BRDA:25,1,0,0
BRDA:25,1,1,0
BRDA:108,2,0,0
BRDA:154,3,0,0
BRF:6
BRH:0
end_of_record
TN:
SF:app/admin/settings/page.tsx
FN:8,SettingsPage
FNF:1
FNH:0
FNDA:0,SettingsPage
DA:1,0
DA:2,0
DA:3,0
DA:4,0
DA:5,0
DA:6,0
DA:8,0
LF:7
LH:0
BRF:0
BRH:0
end_of_record
TN:
SF:app/admin/users/loading.tsx
FN:1,Loading
FNF:1
FNH:0
FNDA:0,Loading
DA:1,0
DA:2,0
LF:2
LH:0
BRF:0
BRH:0
end_of_record
TN:
SF:app/api/admin/orgs/route.ts
FN:4,GET
FN:26,POST
FNF:2
FNH:0
FNDA:0,GET
FNDA:0,POST
DA:1,0
DA:2,0
DA:4,0
DA:5,0
DA:23,0
DA:26,0
DA:27,0
DA:28,0
DA:29,0
DA:30,0
DA:34,0
DA:35,0
LF:12
LH:0
BRDA:29,0,0,0
BRDA:29,0,1,0
BRDA:29,1,0,0
BRDA:29,1,1,0
BRF:4
BRH:0
end_of_record
TN:
SF:app/api/admin/orgs/[id]/route.ts
FN:4,PUT
FN:34,DELETE
FNF:2
FNH:0
FNDA:0,PUT
FNDA:0,DELETE
DA:1,0
DA:2,0
DA:4,0
DA:8,0
DA:9,0
DA:10,0
DA:12,0
DA:13,0
DA:16,0
DA:24,0
DA:26,0
DA:27,0
DA:34,0
DA:38,0
DA:39,0
DA:51,0
DA:52,0
DA:58,0
DA:59,0
DA:68,0
DA:72,0
DA:74,0
DA:75,0
LF:23
LH:0
BRDA:12,0,0,0
BRDA:12,0,1,0
BRDA:20,1,0,0
BRDA:20,1,1,0
BRDA:51,2,0,0
BRDA:51,2,1,0
BRDA:58,3,0,0
BRDA:58,3,1,0
BRDA:58,4,0,0
BRDA:58,4,1,0
BRF:10
BRH:0
end_of_record
TN:
SF:app/api/admin/orgs/[id]/domains/route.ts
FN:4,GET
FN:15,POST
FNF:2
FNH:0
FNDA:0,GET
FNDA:0,POST
DA:1,0
DA:2,0
DA:4,0
DA:8,0
DA:12,0
DA:15,0
DA:19,0
DA:20,0
DA:21,0
DA:22,0
DA:23,0
DA:26,0
LF:12
LH:0
BRDA:21,0,0,0
BRDA:21,0,1,0
BRF:2
BRH:0
end_of_record
TN:
SF:app/api/admin/users/route.ts
FN:5,GET
FN:64,POST
FNF:2
FNH:0
FNDA:0,GET
FNDA:0,POST
DA:1,0
DA:2,0
DA:5,0
DA:6,0
DA:7,0
DA:8,0
DA:9,0
DA:10,0
DA:11,0
DA:14,0
DA:16,0
DA:17,0
DA:26,0
DA:27,0
DA:33,0
DA:53,0
DA:55,0
DA:56,0
DA:64,0
DA:65,0
DA:66,0
DA:67,0
DA:70,0
DA:71,0
DA:78,0
DA:82,0
DA:83,0
DA:90,0
DA:111,0
DA:113,0
DA:114,0
LF:31
LH:0
BRDA:16,0,0,0
BRDA:16,0,1,0
BRDA:20,1,0,0
BRDA:20,1,1,0
BRDA:21,2,0,0
BRDA:21,2,1,0
BRDA:26,3,0,0
BRDA:26,3,1,0
BRDA:70,4,0,0
BRDA:70,4,1,0
BRDA:70,5,0,0
BRDA:70,5,1,0
BRDA:70,5,2,0
BRDA:70,5,3,0
BRDA:82,6,0,0
BRDA:82,6,1,0
BRF:16
BRH:0
end_of_record
TN:
SF:app/api/admin/users/[id]/route.ts
FN:5,GET
FN:33,PATCH
FN:85,DELETE
FNF:3
FNH:0
FNDA:0,GET
FNDA:0,PATCH
FNDA:0,DELETE
DA:1,0
DA:2,0
DA:5,0
DA:9,0
DA:10,0
DA:21,0
DA:22,0
DA:25,0
DA:27,0
DA:28,0
DA:33,0
DA:37,0
DA:38,0
DA:39,0
DA:42,0
DA:46,0
DA:47,0
DA:51,0
DA:52,0
DA:56,0
DA:57,0
DA:65,0
DA:74,0
DA:76,0
DA:77,0
DA:85,0
DA:89,0
DA:91,0
DA:95,0
DA:96,0
DA:100,0
DA:104,0
DA:106,0
DA:107,0
LF:34
LH:0
BRDA:21,0,0,0
BRDA:21,0,1,0
BRDA:46,1,0,0
BRDA:46,1,1,0
BRDA:51,2,0,0
BRDA:51,2,1,0
BRDA:51,3,0,0
BRDA:51,3,1,0
BRDA:56,4,0,0
BRDA:56,4,1,0
BRDA:68,5,0,0
BRDA:68,5,1,0
BRDA:69,6,0,0
BRDA:69,6,1,0
BRDA:70,7,0,0
BRDA:70,7,1,0
BRDA:95,8,0,0
BRDA:95,8,1,0
BRF:18
BRH:0
end_of_record
TN:
SF:app/api/admin/users/[id]/membership/route.ts
FN:6,PATCH
FNF:1
FNH:0
FNDA:0,PATCH
DA:1,0
DA:2,0
DA:3,0
DA:6,0
DA:10,0
DA:11,0
DA:12,0
DA:14,0
DA:15,0
DA:22,0
DA:23,0
DA:27,0
DA:28,0
DA:32,0
DA:41,0
DA:42,0
DA:49,0
DA:66,0
DA:68,0
DA:69,0
LF:20
LH:0
BRDA:14,0,0,0
BRDA:14,0,1,0
BRDA:22,1,0,0
BRDA:22,1,1,0
BRDA:22,2,0,0
BRDA:22,2,1,0
BRDA:27,3,0,0
BRDA:27,3,1,0
BRDA:27,4,0,0
BRDA:27,4,1,0
BRDA:41,5,0,0
BRDA:41,5,1,0
BRDA:57,6,0,0
BRDA:57,6,1,0
BRDA:58,7,0,0
BRDA:58,7,1,0
BRF:16
BRH:0
end_of_record
TN:
SF:app/api/auth/[...nextauth]/route.ts
FN:15,(anonymous_5)
FN:31,(anonymous_6)
FN:37,(anonymous_7)
FNF:3
FNH:0
FNDA:0,(anonymous_5)
FNDA:0,(anonymous_6)
FNDA:0,(anonymous_7)
DA:1,0
DA:2,0
DA:3,0
DA:4,0
DA:6,0
DA:16,0
DA:17,0
DA:20,0
DA:21,0
DA:25,0
DA:26,0
DA:32,0
DA:33,0
DA:35,0
DA:38,0
DA:39,0
DA:41,0
DA:46,0
DA:48,0
LF:19
LH:0
BRDA:16,0,0,0
BRDA:16,0,1,0
BRDA:16,1,0,0
BRDA:16,1,1,0
BRDA:20,2,0,0
BRDA:20,2,1,0
BRDA:20,3,0,0
BRDA:20,3,1,0
BRDA:25,4,0,0
BRDA:25,4,1,0
BRDA:32,5,0,0
BRDA:32,5,1,0
BRDA:38,6,0,0
BRDA:38,6,1,0
BRDA:38,7,0,0
BRDA:38,7,1,0
BRF:16
BRH:0
end_of_record
TN:
SF:app/api/org/[org]/admin/groups/route.ts
FN:7,GET
FN:100,(anonymous_6)
FN:108,(anonymous_7)
FN:127,POST
FN:236,(anonymous_9)
FN:288,(anonymous_10)
FN:308,PUT
FN:409,(anonymous_12)
FN:461,(anonymous_13)
FN:479,DELETE
FNF:10
FNH:0
FNDA:0,GET
FNDA:0,(anonymous_6)
FNDA:0,(anonymous_7)
FNDA:0,POST
FNDA:0,(anonymous_9)
FNDA:0,(anonymous_10)
FNDA:0,PUT
FNDA:0,(anonymous_12)
FNDA:0,(anonymous_13)
FNDA:0,DELETE
DA:1,0
DA:2,0
DA:3,0
DA:4,0
DA:7,0
DA:11,0
DA:12,0
DA:13,0
DA:14,0
DA:17,0
DA:18,0
DA:19,0
DA:20,0
DA:23,0
DA:27,0
DA:28,0
DA:35,0
DA:47,0
DA:48,0
DA:55,0
DA:60,0
DA:61,0
DA:65,0
DA:100,0
DA:108,0
DA:116,0
DA:118,0
DA:119,0
DA:127,0
DA:131,0
DA:132,0
DA:133,0
DA:134,0
DA:137,0
DA:138,0
DA:139,0
DA:140,0
DA:142,0
DA:143,0
DA:150,0
DA:154,0
DA:155,0
DA:162,0
DA:174,0
DA:175,0
DA:184,0
DA:185,0
DA:192,0
DA:193,0
DA:201,0
DA:202,0
DA:214,0
DA:215,0
DA:223,0
DA:234,0
DA:235,0
DA:236,0
DA:245,0
DA:276,0
DA:288,0
DA:299,0
DA:300,0
DA:308,0
DA:312,0
DA:313,0
DA:314,0
DA:315,0
DA:318,0
DA:319,0
DA:320,0
DA:328,0
DA:330,0
DA:331,0
DA:338,0
DA:342,0
DA:343,0
DA:350,0
DA:362,0
DA:363,0
DA:372,0
DA:379,0
DA:380,0
DA:387,0
DA:388,0
DA:389,0
DA:390,0
DA:391,0
DA:392,0
DA:394,0
DA:400,0
DA:402,0
DA:407,0
DA:408,0
DA:409,0
DA:419,0
DA:450,0
DA:461,0
DA:470,0
DA:471,0
DA:479,0
DA:483,0
DA:484,0
DA:485,0
DA:486,0
DA:489,0
DA:490,0
DA:491,0
DA:492,0
DA:494,0
DA:495,0
DA:502,0
DA:506,0
DA:507,0
DA:514,0
DA:526,0
DA:527,0
DA:536,0
DA:543,0
DA:544,0
DA:551,0
DA:555,0
DA:559,0
DA:560,0
LF:123
LH:0
BRDA:13,0,0,0
BRDA:13,0,1,0
BRDA:27,1,0,0
BRDA:27,1,1,0
BRDA:47,2,0,0
BRDA:47,2,1,0
BRDA:47,3,0,0
BRDA:47,3,1,0
BRDA:60,4,0,0
BRDA:60,4,1,0
BRDA:133,5,0,0
BRDA:133,5,1,0
BRDA:142,6,0,0
BRDA:142,6,1,0
BRDA:154,7,0,0
BRDA:154,7,1,0
BRDA:174,8,0,0
BRDA:174,8,1,0
BRDA:174,9,0,0
BRDA:174,9,1,0
BRDA:184,10,0,0
BRDA:184,10,1,0
BRDA:192,11,0,0
BRDA:192,11,1,0
BRDA:201,12,0,0
BRDA:201,12,1,0
BRDA:214,13,0,0
BRDA:214,13,1,0
BRDA:226,14,0,0
BRDA:226,14,1,0
BRDA:227,15,0,0
BRDA:227,15,1,0
BRDA:229,16,0,0
BRDA:229,16,1,0
BRDA:234,17,0,0
BRDA:234,17,1,0
BRDA:234,18,0,0
BRDA:234,18,1,0
BRDA:234,18,2,0
BRDA:288,19,0,0
BRDA:288,19,1,0
BRDA:314,20,0,0
BRDA:314,20,1,0
BRDA:330,21,0,0
BRDA:330,21,1,0
BRDA:342,22,0,0
BRDA:342,22,1,0
BRDA:362,23,0,0
BRDA:362,23,1,0
BRDA:362,24,0,0
BRDA:362,24,1,0
BRDA:379,25,0,0
BRDA:379,25,1,0
BRDA:388,26,0,0
BRDA:388,26,1,0
BRDA:389,27,0,0
BRDA:389,27,1,0
BRDA:390,28,0,0
BRDA:390,28,1,0
BRDA:391,29,0,0
BRDA:391,29,1,0
BRDA:400,30,0,0
BRDA:400,30,1,0
BRDA:400,31,0,0
BRDA:400,31,1,0
BRDA:407,32,0,0
BRDA:407,32,1,0
BRDA:461,33,0,0
BRDA:461,33,1,0
BRDA:485,34,0,0
BRDA:485,34,1,0
BRDA:494,35,0,0
BRDA:494,35,1,0
BRDA:506,36,0,0
BRDA:506,36,1,0
BRDA:526,37,0,0
BRDA:526,37,1,0
BRDA:526,38,0,0
BRDA:526,38,1,0
BRDA:543,39,0,0
BRDA:543,39,1,0
BRF:81
BRH:0
end_of_record
TN:
SF:app/api/org/[org]/admin/photo/route.ts
FN:9,POST
FNF:1
FNH:0
FNDA:0,POST
DA:1,0
DA:2,0
DA:3,0
DA:4,0
DA:5,0
DA:6,0
DA:9,0
DA:13,0
DA:14,0
DA:15,0
DA:16,0
DA:19,0
DA:22,0
DA:26,0
DA:27,0
DA:34,0
DA:46,0
DA:47,0
DA:54,0
DA:55,0
DA:57,0
DA:58,0
DA:62,0
DA:63,0
DA:64,0
DA:74,0
DA:75,0
DA:82,0
DA:83,0
DA:84,0
DA:90,0
DA:91,0
DA:92,0
DA:95,0
DA:98,0
DA:99,0
DA:100,0
DA:103,0
DA:105,0
DA:110,0
DA:111,0
LF:41
LH:0
BRDA:15,0,0,0
BRDA:15,0,1,0
BRDA:26,1,0,0
BRDA:26,1,1,0
BRDA:46,2,0,0
BRDA:46,2,1,0
BRDA:46,3,0,0
BRDA:46,3,1,0
BRDA:57,4,0,0
BRDA:57,4,1,0
BRDA:63,5,0,0
BRDA:63,5,1,0
BRDA:74,6,0,0
BRDA:74,6,1,0
BRF:14
BRH:0
end_of_record
TN:
SF:app/api/org/[org]/analytics/route.ts
FN:5,GET
FN:227,(anonymous_2)
FN:234,(anonymous_3)
FN:268,(anonymous_4)
FN:282,(anonymous_5)
FN:290,(anonymous_6)
FN:295,(anonymous_7)
FN:302,(anonymous_8)
FN:304,(anonymous_9)
FN:316,(anonymous_10)
FN:338,(anonymous_11)
FNF:11
FNH:0
FNDA:0,GET
FNDA:0,(anonymous_2)
FNDA:0,(anonymous_3)
FNDA:0,(anonymous_4)
FNDA:0,(anonymous_5)
FNDA:0,(anonymous_6)
FNDA:0,(anonymous_7)
FNDA:0,(anonymous_8)
FNDA:0,(anonymous_9)
FNDA:0,(anonymous_10)
FNDA:0,(anonymous_11)
DA:1,0
DA:2,0
DA:3,0
DA:5,0
DA:9,0
DA:11,0
DA:12,0
DA:13,0
DA:14,0
DA:17,0
DA:21,0
DA:22,0
DA:29,0
DA:30,0
DA:31,0
DA:33,0
DA:35,0
DA:36,0
DA:37,0
DA:39,0
DA:40,0
DA:41,0
DA:43,0
DA:44,0
DA:45,0
DA:47,0
DA:48,0
DA:49,0
DA:69,0
DA:209,0
DA:213,0
DA:218,0
DA:221,0
DA:227,0
DA:234,0
DA:235,0
DA:236,0
DA:238,0
DA:241,0
DA:249,0
DA:256,0
DA:257,0
DA:258,0
DA:259,0
DA:260,0
DA:264,0
DA:268,0
DA:269,0
DA:273,0
DA:274,0
DA:275,0
DA:276,0
DA:277,0
DA:281,0
DA:282,0
DA:289,0
DA:290,0
DA:291,0
DA:292,0
DA:295,0
DA:301,0
DA:303,0
DA:304,0
DA:306,0
DA:307,0
DA:308,0
DA:316,0
DA:320,0
DA:330,0
DA:338,0
DA:345,0
DA:370,0
DA:372,0
DA:373,0
LF:74
LH:0
BRDA:11,0,0,0
BRDA:11,0,1,0
BRDA:14,1,0,0
BRDA:14,1,1,0
BRDA:21,2,0,0
BRDA:21,2,1,0
BRDA:33,3,0,0
BRDA:33,3,1,0
BRDA:33,3,2,0
BRDA:33,3,3,0
BRDA:209,4,0,0
BRDA:209,4,1,0
BRDA:213,5,0,0
BRDA:213,5,1,0
BRDA:230,6,0,0
BRDA:230,6,1,0
BRDA:238,7,0,0
BRDA:238,7,1,0
BRDA:256,8,0,0
BRDA:256,8,1,0
BRDA:256,9,0,0
BRDA:256,9,1,0
BRDA:256,10,0,0
BRDA:256,10,1,0
BRDA:274,11,0,0
BRDA:274,11,1,0
BRDA:275,12,0,0
BRDA:275,12,1,0
BRDA:276,13,0,0
BRDA:276,13,1,0
BRDA:277,14,0,0
BRDA:277,14,1,0
BRDA:292,15,0,0
BRDA:292,15,1,0
BRDA:296,16,0,0
BRDA:296,16,1,0
BRDA:296,17,0,0
BRDA:296,17,1,0
BRDA:297,18,0,0
BRDA:297,18,1,0
BRDA:307,19,0,0
BRDA:307,19,1,0
BRF:42
BRH:0
end_of_record
TN:
SF:app/api/org/[org]/branding/route.ts
FN:6,GET
FN:43,PATCH
FNF:2
FNH:0
FNDA:0,GET
FNDA:0,PATCH
DA:1,0
DA:3,0
DA:6,0
DA:10,0
DA:12,0
DA:13,0
DA:15,0
DA:25,0
DA:26,0
DA:32,0
DA:34,0
DA:35,0
DA:43,0
DA:47,0
DA:49,0
DA:50,0
DA:51,0
DA:53,0
DA:56,0
DA:61,0
DA:67,0
DA:72,0
DA:79,0
DA:83,0
DA:84,0
DA:91,0
DA:92,0
DA:93,0
DA:95,0
DA:96,0
DA:100,0
DA:101,0
DA:108,0
DA:119,0
DA:121,0
DA:123,0
DA:124,0
LF:37
LH:0
BRDA:12,0,0,0
BRDA:12,0,1,0
BRDA:25,1,0,0
BRDA:25,1,1,0
BRDA:49,2,0,0
BRDA:49,2,1,0
BRDA:56,3,0,0
BRDA:56,3,1,0
BRDA:57,4,0,0
BRDA:57,4,1,0
BRDA:57,4,2,0
BRDA:67,5,0,0
BRDA:67,5,1,0
BRDA:68,6,0,0
BRDA:68,6,1,0
BRDA:68,6,2,0
BRDA:83,7,0,0
BRDA:83,7,1,0
BRDA:92,8,0,0
BRDA:92,8,1,0
BRDA:95,9,0,0
BRDA:95,9,1,0
BRDA:100,10,0,0
BRDA:100,10,1,0
BRDA:123,11,0,0
BRDA:123,11,1,0
BRF:26
BRH:0
end_of_record
TN:
SF:app/api/org/[org]/courses/route.ts
FN:7,GET
FN:88,(anonymous_6)
FN:95,(anonymous_7)
FN:111,POST
FN:195,(anonymous_9)
FN:238,(anonymous_10)
FN:254,PUT
FN:364,(anonymous_12)
FN:407,(anonymous_13)
FN:421,DELETE
FNF:10
FNH:0
FNDA:0,GET
FNDA:0,(anonymous_6)
FNDA:0,(anonymous_7)
FNDA:0,POST
FNDA:0,(anonymous_9)
FNDA:0,(anonymous_10)
FNDA:0,PUT
FNDA:0,(anonymous_12)
FNDA:0,(anonymous_13)
FNDA:0,DELETE
DA:1,0
DA:2,0
DA:3,0
DA:4,0
DA:7,0
DA:11,0
DA:12,0
DA:13,0
DA:14,0
DA:17,0
DA:18,0
DA:21,0
DA:25,0
DA:26,0
DA:33,0
DA:45,0
DA:46,0
DA:53,0
DA:88,0
DA:95,0
DA:100,0
DA:102,0
DA:103,0
DA:111,0
DA:115,0
DA:116,0
DA:117,0
DA:118,0
DA:121,0
DA:122,0
DA:125,0
DA:126,0
DA:128,0
DA:129,0
DA:136,0
DA:140,0
DA:141,0
DA:148,0
DA:160,0
DA:161,0
DA:168,0
DA:189,0
DA:194,0
DA:195,0
DA:204,0
DA:233,0
DA:238,0
DA:245,0
DA:246,0
DA:254,0
DA:258,0
DA:259,0
DA:260,0
DA:261,0
DA:264,0
DA:265,0
DA:268,0
DA:276,0
DA:278,0
DA:279,0
DA:286,0
DA:290,0
DA:291,0
DA:298,0
DA:310,0
DA:311,0
DA:318,0
DA:325,0
DA:326,0
DA:333,0
DA:355,0
DA:357,0
DA:362,0
DA:363,0
DA:364,0
DA:374,0
DA:403,0
DA:407,0
DA:412,0
DA:413,0
DA:421,0
DA:425,0
DA:426,0
DA:427,0
DA:428,0
DA:431,0
DA:432,0
DA:435,0
DA:436,0
DA:438,0
DA:439,0
DA:446,0
DA:450,0
DA:451,0
DA:458,0
DA:470,0
DA:471,0
DA:478,0
DA:485,0
DA:486,0
DA:493,0
DA:497,0
DA:501,0
DA:502,0
LF:104
LH:0
BRDA:13,0,0,0
BRDA:13,0,1,0
BRDA:25,1,0,0
BRDA:25,1,1,0
BRDA:45,2,0,0
BRDA:45,2,1,0
BRDA:45,3,0,0
BRDA:45,3,1,0
BRDA:117,4,0,0
BRDA:117,4,1,0
BRDA:128,5,0,0
BRDA:128,5,1,0
BRDA:140,6,0,0
BRDA:140,6,1,0
BRDA:160,7,0,0
BRDA:160,7,1,0
BRDA:160,8,0,0
BRDA:160,8,1,0
BRDA:172,9,0,0
BRDA:172,9,1,0
BRDA:173,10,0,0
BRDA:173,10,1,0
BRDA:174,11,0,0
BRDA:174,11,1,0
BRDA:189,12,0,0
BRDA:189,12,1,0
BRDA:190,13,0,0
BRDA:190,13,1,0
BRDA:190,13,2,0
BRDA:238,14,0,0
BRDA:238,14,1,0
BRDA:239,15,0,0
BRDA:239,15,1,0
BRDA:260,16,0,0
BRDA:260,16,1,0
BRDA:278,17,0,0
BRDA:278,17,1,0
BRDA:290,18,0,0
BRDA:290,18,1,0
BRDA:310,19,0,0
BRDA:310,19,1,0
BRDA:310,20,0,0
BRDA:310,20,1,0
BRDA:325,21,0,0
BRDA:325,21,1,0
BRDA:336,22,0,0
BRDA:336,22,1,0
BRDA:338,23,0,0
BRDA:338,23,1,0
BRDA:340,24,0,0
BRDA:340,24,1,0
BRDA:341,25,0,0
BRDA:341,25,1,0
BRDA:355,26,0,0
BRDA:355,26,1,0
BRDA:355,27,0,0
BRDA:355,27,1,0
BRDA:362,28,0,0
BRDA:362,28,1,0
BRDA:407,29,0,0
BRDA:407,29,1,0
BRDA:408,30,0,0
BRDA:408,30,1,0
BRDA:427,31,0,0
BRDA:427,31,1,0
BRDA:438,32,0,0
BRDA:438,32,1,0
BRDA:450,33,0,0
BRDA:450,33,1,0
BRDA:470,34,0,0
BRDA:470,34,1,0
BRDA:470,35,0,0
BRDA:470,35,1,0
BRDA:485,36,0,0
BRDA:485,36,1,0
BRF:75
BRH:0
end_of_record
TN:
SF:app/api/org/[org]/profile/route.ts
FN:6,GET
FN:37,PATCH
FN:53,(anonymous_9)
FN:93,DELETE
FN:104,(anonymous_11)
FN:105,(anonymous_12)
FNF:6
FNH:0
FNDA:0,GET
FNDA:0,PATCH
FNDA:0,(anonymous_9)
FNDA:0,DELETE
FNDA:0,(anonymous_11)
FNDA:0,(anonymous_12)
DA:1,0
DA:2,0
DA:3,0
DA:6,0
DA:10,0
DA:11,0
DA:12,0
DA:13,0
DA:16,0
DA:17,0
DA:19,0
DA:20,0
DA:26,0
DA:28,0
DA:29,0
DA:37,0
DA:41,0
DA:42,0
DA:43,0
DA:44,0
DA:47,0
DA:48,0
DA:49,0
DA:53,0
DA:54,0
DA:56,0
DA:57,0
DA:64,0
DA:66,0
DA:67,0
DA:74,0
DA:76,0
DA:81,0
DA:82,0
DA:93,0
DA:97,0
DA:98,0
DA:99,0
DA:100,0
DA:103,0
DA:104,0
DA:105,0
DA:108,0
DA:110,0
DA:111,0
DA:118,0
DA:127,0
DA:132,0
DA:133,0
LF:49
LH:0
BRDA:12,0,0,0
BRDA:12,0,1,0
BRDA:19,1,0,0
BRDA:19,1,1,0
BRDA:43,2,0,0
BRDA:43,2,1,0
BRDA:56,3,0,0
BRDA:56,3,1,0
BRDA:66,4,0,0
BRDA:66,4,1,0
BRDA:85,5,0,0
BRDA:85,5,1,0
BRDA:99,6,0,0
BRDA:99,6,1,0
BRDA:110,7,0,0
BRDA:110,7,1,0
BRDA:136,8,0,0
BRDA:136,8,1,0
BRF:18
BRH:0
end_of_record
TN:
SF:app/api/org/[org]/profile/password/route.ts
FN:8,PATCH
FNF:1
FNH:0
FNDA:0,PATCH
DA:1,0
DA:2,0
DA:3,0
DA:4,0
DA:5,0
DA:8,0
DA:12,0
DA:13,0
DA:14,0
DA:15,0
DA:18,0
DA:19,0
DA:21,0
DA:22,0
DA:28,0
DA:29,0
DA:36,0
DA:44,0
DA:45,0
DA:49,0
DA:50,0
DA:56,0
DA:61,0
DA:62,0
DA:69,0
DA:72,0
DA:79,0
DA:83,0
DA:84,0
LF:29
LH:0
BRDA:14,0,0,0
BRDA:14,0,1,0
BRDA:21,1,0,0
BRDA:21,1,1,0
BRDA:21,2,0,0
BRDA:21,2,1,0
BRDA:28,3,0,0
BRDA:28,3,1,0
BRDA:44,4,0,0
BRDA:44,4,1,0
BRDA:49,5,0,0
BRDA:49,5,1,0
BRDA:61,6,0,0
BRDA:61,6,1,0
BRF:14
BRH:0
end_of_record
TN:
SF:app/api/org/[org]/profile/photo/route.ts
FN:9,POST
FNF:1
FNH:0
FNDA:0,POST
DA:1,0
DA:2,0
DA:3,0
DA:4,0
DA:5,0
DA:6,0
DA:9,0
DA:13,0
DA:14,0
DA:15,0
DA:16,0
DA:19,0
DA:20,0
DA:22,0
DA:23,0
DA:27,0
DA:28,0
DA:35,0
DA:36,0
DA:43,0
DA:48,0
DA:49,0
DA:53,0
DA:54,0
DA:57,0
DA:58,0
DA:59,0
DA:62,0
DA:63,0
DA:66,0
DA:67,0
DA:70,0
DA:71,0
DA:72,0
DA:74,0
DA:78,0
DA:81,0
DA:86,0
DA:91,0
DA:92,0
LF:40
LH:0
BRDA:15,0,0,0
BRDA:15,0,1,0
BRDA:22,1,0,0
BRDA:22,1,1,0
BRDA:27,2,0,0
BRDA:27,2,1,0
BRDA:35,3,0,0
BRDA:35,3,1,0
BRDA:48,4,0,0
BRDA:48,4,1,0
BRDA:71,5,0,0
BRDA:71,5,1,0
BRF:12
BRH:0
end_of_record
TN:
SF:app/api/org/[org]/students/route.ts
FN:8,GET
FN:84,(anonymous_8)
FN:105,POST
FN:250,PUT
FN:382,PATCH
FN:471,DELETE
FNF:6
FNH:0
FNDA:0,GET
FNDA:0,(anonymous_8)
FNDA:0,POST
FNDA:0,PUT
FNDA:0,PATCH
FNDA:0,DELETE
DA:1,0
DA:2,0
DA:3,0
DA:4,0
DA:5,0
DA:8,0
DA:12,0
DA:13,0
DA:14,0
DA:15,0
DA:18,0
DA:19,0
DA:22,0
DA:26,0
DA:27,0
DA:34,0
DA:48,0
DA:49,0
DA:59,0
DA:83,0
DA:84,0
DA:96,0
DA:97,0
DA:105,0
DA:109,0
DA:110,0
DA:111,0
DA:112,0
DA:115,0
DA:116,0
DA:117,0
DA:118,0
DA:120,0
DA:121,0
DA:128,0
DA:132,0
DA:133,0
DA:140,0
DA:152,0
DA:153,0
DA:160,0
DA:164,0
DA:166,0
DA:175,0
DA:176,0
DA:183,0
DA:192,0
DA:207,0
DA:211,0
DA:226,0
DA:241,0
DA:242,0
DA:250,0
DA:254,0
DA:255,0
DA:256,0
DA:257,0
DA:260,0
DA:261,0
DA:262,0
DA:263,0
DA:265,0
DA:266,0
DA:273,0
DA:274,0
DA:281,0
DA:285,0
DA:286,0
DA:293,0
DA:305,0
DA:306,0
DA:313,0
DA:322,0
DA:323,0
DA:330,0
DA:334,0
DA:335,0
DA:342,0
DA:348,0
DA:349,0
DA:353,0
DA:354,0
DA:358,0
DA:363,0
DA:373,0
DA:374,0
DA:382,0
DA:386,0
DA:387,0
DA:388,0
DA:389,0
DA:392,0
DA:393,0
DA:394,0
DA:395,0
DA:397,0
DA:398,0
DA:405,0
DA:409,0
DA:410,0
DA:417,0
DA:429,0
DA:430,0
DA:437,0
DA:451,0
DA:462,0
DA:463,0
DA:471,0
DA:475,0
DA:476,0
DA:477,0
DA:478,0
DA:481,0
DA:482,0
DA:483,0
DA:484,0
DA:486,0
DA:487,0
DA:494,0
DA:498,0
DA:499,0
DA:506,0
DA:518,0
DA:519,0
DA:526,0
DA:534,0
DA:538,0
DA:539,0
LF:128
LH:0
BRDA:14,0,0,0
BRDA:14,0,1,0
BRDA:26,1,0,0
BRDA:26,1,1,0
BRDA:48,2,0,0
BRDA:48,2,1,0
BRDA:48,3,0,0
BRDA:48,3,1,0
BRDA:111,4,0,0
BRDA:111,4,1,0
BRDA:120,5,0,0
BRDA:120,5,1,0
BRDA:120,6,0,0
BRDA:120,6,1,0
BRDA:132,7,0,0
BRDA:132,7,1,0
BRDA:152,8,0,0
BRDA:152,8,1,0
BRDA:152,9,0,0
BRDA:152,9,1,0
BRDA:164,10,0,0
BRDA:164,10,1,0
BRDA:175,11,0,0
BRDA:175,11,1,0
BRDA:207,12,0,0
BRDA:207,12,1,0
BRDA:256,13,0,0
BRDA:256,13,1,0
BRDA:265,14,0,0
BRDA:265,14,1,0
BRDA:265,15,0,0
BRDA:265,15,1,0
BRDA:265,15,2,0
BRDA:273,16,0,0
BRDA:273,16,1,0
BRDA:273,17,0,0
BRDA:273,17,1,0
BRDA:285,18,0,0
BRDA:285,18,1,0
BRDA:305,19,0,0
BRDA:305,19,1,0
BRDA:305,20,0,0
BRDA:305,20,1,0
BRDA:322,21,0,0
BRDA:322,21,1,0
BRDA:322,22,0,0
BRDA:322,22,1,0
BRDA:334,23,0,0
BRDA:334,23,1,0
BRDA:334,24,0,0
BRDA:334,24,1,0
BRDA:348,25,0,0
BRDA:348,25,1,0
BRDA:353,26,0,0
BRDA:353,26,1,0
BRDA:388,27,0,0
BRDA:388,27,1,0
BRDA:397,28,0,0
BRDA:397,28,1,0
BRDA:397,29,0,0
BRDA:397,29,1,0
BRDA:409,30,0,0
BRDA:409,30,1,0
BRDA:429,31,0,0
BRDA:429,31,1,0
BRDA:429,32,0,0
BRDA:429,32,1,0
BRDA:477,33,0,0
BRDA:477,33,1,0
BRDA:486,34,0,0
BRDA:486,34,1,0
BRDA:498,35,0,0
BRDA:498,35,1,0
BRDA:518,36,0,0
BRDA:518,36,1,0
BRDA:518,37,0,0
BRDA:518,37,1,0
BRF:77
BRH:0
end_of_record
TN:
SF:app/api/org/[org]/teacher/courses/route.ts
FN:7,GET
FN:108,(anonymous_2)
FN:110,(anonymous_3)
FN:114,(anonymous_4)
FN:124,(anonymous_5)
FNF:5
FNH:0
FNDA:0,GET
FNDA:0,(anonymous_2)
FNDA:0,(anonymous_3)
FNDA:0,(anonymous_4)
FNDA:0,(anonymous_5)
DA:1,0
DA:2,0
DA:3,0
DA:4,0
DA:7,0
DA:11,0
DA:12,0
DA:13,0
DA:14,0
DA:17,0
DA:18,0
DA:21,0
DA:25,0
DA:26,0
DA:33,0
DA:45,0
DA:46,0
DA:53,0
DA:108,0
DA:109,0
DA:110,0
DA:113,0
DA:114,0
DA:117,0
DA:124,0
DA:132,0
DA:134,0
DA:135,0
LF:28
LH:0
BRDA:13,0,0,0
BRDA:13,0,1,0
BRDA:25,1,0,0
BRDA:25,1,1,0
BRDA:45,2,0,0
BRDA:45,2,1,0
BRDA:45,3,0,0
BRDA:45,3,1,0
BRF:8
BRH:0
end_of_record
TN:
SF:app/api/org/[org]/teacher/groups/route.ts
FN:7,GET
FN:94,(anonymous_2)
FN:100,(anonymous_3)
FNF:3
FNH:0
FNDA:0,GET
FNDA:0,(anonymous_2)
FNDA:0,(anonymous_3)
DA:1,0
DA:2,0
DA:3,0
DA:4,0
DA:7,0
DA:11,0
DA:12,0
DA:13,0
DA:14,0
DA:17,0
DA:18,0
DA:19,0
DA:20,0
DA:23,0
DA:27,0
DA:28,0
DA:35,0
DA:47,0
DA:48,0
DA:55,0
DA:61,0
DA:62,0
DA:66,0
DA:94,0
DA:100,0
DA:108,0
DA:110,0
DA:111,0
LF:28
LH:0
BRDA:13,0,0,0
BRDA:13,0,1,0
BRDA:27,1,0,0
BRDA:27,1,1,0
BRDA:47,2,0,0
BRDA:47,2,1,0
BRDA:47,3,0,0
BRDA:47,3,1,0
BRDA:61,4,0,0
BRDA:61,4,1,0
BRF:10
BRH:0
end_of_record
TN:
SF:app/api/org/[org]/teacher/students/route.ts
FN:7,GET
FN:82,(anonymous_2)
FN:116,(anonymous_3)
FN:152,(anonymous_4)
FN:186,(anonymous_5)
FN:191,(anonymous_6)
FN:199,(anonymous_7)
FN:208,(anonymous_8)
FN:211,(anonymous_9)
FN:215,(anonymous_10)
FN:269,(anonymous_11)
FNF:11
FNH:0
FNDA:0,GET
FNDA:0,(anonymous_2)
FNDA:0,(anonymous_3)
FNDA:0,(anonymous_4)
FNDA:0,(anonymous_5)
FNDA:0,(anonymous_6)
FNDA:0,(anonymous_7)
FNDA:0,(anonymous_8)
FNDA:0,(anonymous_9)
FNDA:0,(anonymous_10)
FNDA:0,(anonymous_11)
DA:1,0
DA:2,0
DA:3,0
DA:4,0
DA:7,0
DA:11,0
DA:12,0
DA:13,0
DA:14,0
DA:17,0
DA:18,0
DA:21,0
DA:22,0
DA:25,0
DA:29,0
DA:30,0
DA:37,0
DA:49,0
DA:50,0
DA:57,0
DA:78,0
DA:79,0
DA:82,0
DA:85,0
DA:111,0
DA:112,0
DA:116,0
DA:118,0
DA:136,0
DA:151,0
DA:153,0
DA:154,0
DA:155,0
DA:161,0
DA:184,0
DA:186,0
DA:187,0
DA:190,0
DA:192,0
DA:194,0
DA:195,0
DA:198,0
DA:200,0
DA:204,0
DA:205,0
DA:207,0
DA:208,0
DA:209,0
DA:210,0
DA:211,0
DA:214,0
DA:215,0
DA:218,0
DA:221,0
DA:222,0
DA:223,0
DA:224,0
DA:225,0
DA:226,0
DA:227,0
DA:228,0
DA:229,0
DA:230,0
DA:235,0
DA:236,0
DA:237,0
DA:238,0
DA:239,0
DA:240,0
DA:242,0
DA:243,0
DA:244,0
DA:245,0
DA:248,0
DA:249,0
DA:259,0
DA:269,0
DA:270,0
DA:273,0
DA:275,0
DA:276,0
LF:81
LH:0
BRDA:13,0,0,0
BRDA:13,0,1,0
BRDA:29,1,0,0
BRDA:29,1,1,0
BRDA:49,2,0,0
BRDA:49,2,1,0
BRDA:49,3,0,0
BRDA:49,3,1,0
BRDA:60,4,0,0
BRDA:60,4,1,0
BRDA:78,5,0,0
BRDA:78,5,1,0
BRDA:111,6,0,0
BRDA:111,6,1,0
BRDA:154,7,0,0
BRDA:154,7,1,0
BRDA:192,8,0,0
BRDA:192,8,1,0
BRDA:194,9,0,0
BRDA:194,9,1,0
BRDA:200,10,0,0
BRDA:200,10,1,0
BRDA:207,11,0,0
BRDA:207,11,1,0
BRDA:209,12,0,0
BRDA:209,12,1,0
BRDA:211,13,0,0
BRDA:211,13,1,0
BRDA:215,14,0,0
BRDA:215,14,1,0
BRDA:221,15,0,0
BRDA:221,15,1,0
BRDA:222,16,0,0
BRDA:222,16,1,0
BRDA:223,17,0,0
BRDA:223,17,1,0
BRDA:224,18,0,0
BRDA:224,18,1,0
BRDA:225,19,0,0
BRDA:225,19,1,0
BRDA:226,20,0,0
BRDA:226,20,1,0
BRDA:227,21,0,0
BRDA:227,21,1,0
BRDA:228,22,0,0
BRDA:228,22,1,0
BRDA:229,23,0,0
BRDA:229,23,1,0
BRDA:237,24,0,0
BRDA:237,24,1,0
BRDA:242,25,0,0
BRDA:242,25,1,0
BRDA:242,26,0,0
BRDA:242,26,1,0
BRDA:243,27,0,0
BRDA:243,27,1,0
BRDA:244,28,0,0
BRDA:244,28,1,0
BRDA:248,29,0,0
BRDA:248,29,1,0
BRF:60
BRH:0
end_of_record
TN:
SF:app/api/org/[org]/teachers/route.ts
FN:8,GET
FN:79,(anonymous_8)
FN:100,POST
FN:245,PUT
FN:377,PATCH
FN:466,DELETE
FNF:6
FNH:0
FNDA:0,GET
FNDA:0,(anonymous_8)
FNDA:0,POST
FNDA:0,PUT
FNDA:0,PATCH
FNDA:0,DELETE
DA:1,0
DA:2,0
DA:3,0
DA:4,0
DA:5,0
DA:8,0
DA:12,0
DA:13,0
DA:14,0
DA:15,0
DA:18,0
DA:19,0
DA:22,0
DA:26,0
DA:27,0
DA:34,0
DA:46,0
DA:47,0
DA:54,0
DA:78,0
DA:79,0
DA:91,0
DA:92,0
DA:100,0
DA:104,0
DA:105,0
DA:106,0
DA:107,0
DA:110,0
DA:111,0
DA:112,0
DA:113,0
DA:115,0
DA:116,0
DA:123,0
DA:127,0
DA:128,0
DA:135,0
DA:147,0
DA:148,0
DA:155,0
DA:159,0
DA:161,0
DA:170,0
DA:171,0
DA:178,0
DA:187,0
DA:202,0
DA:206,0
DA:221,0
DA:236,0
DA:237,0
DA:245,0
DA:249,0
DA:250,0
DA:251,0
DA:252,0
DA:255,0
DA:256,0
DA:257,0
DA:258,0
DA:260,0
DA:261,0
DA:268,0
DA:269,0
DA:276,0
DA:280,0
DA:281,0
DA:288,0
DA:300,0
DA:301,0
DA:308,0
DA:317,0
DA:318,0
DA:325,0
DA:329,0
DA:330,0
DA:337,0
DA:343,0
DA:344,0
DA:348,0
DA:349,0
DA:353,0
DA:358,0
DA:368,0
DA:369,0
DA:377,0
DA:381,0
DA:382,0
DA:383,0
DA:384,0
DA:387,0
DA:388,0
DA:389,0
DA:390,0
DA:392,0
DA:393,0
DA:400,0
DA:404,0
DA:405,0
DA:412,0
DA:424,0
DA:425,0
DA:432,0
DA:446,0
DA:457,0
DA:458,0
DA:466,0
DA:470,0
DA:471,0
DA:472,0
DA:473,0
DA:476,0
DA:477,0
DA:478,0
DA:479,0
DA:481,0
DA:482,0
DA:489,0
DA:493,0
DA:494,0
DA:501,0
DA:513,0
DA:514,0
DA:521,0
DA:529,0
DA:533,0
DA:534,0
LF:128
LH:0
BRDA:14,0,0,0
BRDA:14,0,1,0
BRDA:26,1,0,0
BRDA:26,1,1,0
BRDA:46,2,0,0
BRDA:46,2,1,0
BRDA:46,3,0,0
BRDA:46,3,1,0
BRDA:106,4,0,0
BRDA:106,4,1,0
BRDA:115,5,0,0
BRDA:115,5,1,0
BRDA:115,6,0,0
BRDA:115,6,1,0
BRDA:127,7,0,0
BRDA:127,7,1,0
BRDA:147,8,0,0
BRDA:147,8,1,0
BRDA:147,9,0,0
BRDA:147,9,1,0
BRDA:159,10,0,0
BRDA:159,10,1,0
BRDA:170,11,0,0
BRDA:170,11,1,0
BRDA:202,12,0,0
BRDA:202,12,1,0
BRDA:251,13,0,0
BRDA:251,13,1,0
BRDA:260,14,0,0
BRDA:260,14,1,0
BRDA:260,15,0,0
BRDA:260,15,1,0
BRDA:260,15,2,0
BRDA:268,16,0,0
BRDA:268,16,1,0
BRDA:268,17,0,0
BRDA:268,17,1,0
BRDA:280,18,0,0
BRDA:280,18,1,0
BRDA:300,19,0,0
BRDA:300,19,1,0
BRDA:300,20,0,0
BRDA:300,20,1,0
BRDA:317,21,0,0
BRDA:317,21,1,0
BRDA:317,22,0,0
BRDA:317,22,1,0
BRDA:329,23,0,0
BRDA:329,23,1,0
BRDA:329,24,0,0
BRDA:329,24,1,0
BRDA:343,25,0,0
BRDA:343,25,1,0
BRDA:348,26,0,0
BRDA:348,26,1,0
BRDA:383,27,0,0
BRDA:383,27,1,0
BRDA:392,28,0,0
BRDA:392,28,1,0
BRDA:392,29,0,0
BRDA:392,29,1,0
BRDA:404,30,0,0
BRDA:404,30,1,0
BRDA:424,31,0,0
BRDA:424,31,1,0
BRDA:424,32,0,0
BRDA:424,32,1,0
BRDA:472,33,0,0
BRDA:472,33,1,0
BRDA:481,34,0,0
BRDA:481,34,1,0
BRDA:493,35,0,0
BRDA:493,35,1,0
BRDA:513,36,0,0
BRDA:513,36,1,0
BRDA:513,37,0,0
BRDA:513,37,1,0
BRF:77
BRH:0
end_of_record
TN:
SF:app/api/org/resolve/route.ts
FN:4,GET
FNF:1
FNH:0
FNDA:0,GET
DA:1,0
DA:2,0
DA:4,0
DA:5,0
DA:6,0
DA:7,0
DA:8,0
DA:11,0
DA:15,0
DA:18,0
DA:19,0
DA:20,0
DA:21,0
DA:24,0
LF:14
LH:0
BRDA:7,0,0,0
BRDA:7,0,1,0
BRDA:15,1,0,0
BRDA:15,1,1,0
BRDA:19,2,0,0
BRDA:19,2,1,0
BRDA:19,3,0,0
BRDA:19,3,1,0
BRDA:21,4,0,0
BRDA:21,4,1,0
BRF:10
BRH:0
end_of_record
TN:
SF:app/api/superadmin/admins/route.ts
FN:6,GET
FN:33,POST
FNF:2
FNH:0
FNDA:0,GET
FNDA:0,POST
DA:1,0
DA:2,0
DA:3,0
DA:4,0
DA:6,0
DA:7,0
DA:8,0
DA:10,0
DA:26,0
DA:28,0
DA:29,0
DA:33,0
DA:34,0
DA:35,0
DA:37,0
DA:38,0
DA:40,0
DA:41,0
DA:48,0
DA:52,0
DA:53,0
DA:60,0
DA:63,0
DA:79,0
DA:81,0
DA:82,0
LF:26
LH:0
BRDA:40,0,0,0
BRDA:40,0,1,0
BRDA:40,1,0,0
BRDA:40,1,1,0
BRDA:40,1,2,0
BRDA:52,2,0,0
BRDA:52,2,1,0
BRF:7
BRH:0
end_of_record
TN:
SF:app/api/superadmin/admins/[id]/route.ts
FN:5,PATCH
FNF:1
FNH:0
FNDA:0,PATCH
DA:1,0
DA:2,0
DA:3,0
DA:5,0
DA:9,0
DA:10,0
DA:12,0
DA:13,0
DA:15,0
DA:16,0
DA:22,0
DA:33,0
DA:35,0
DA:36,0
LF:14
LH:0
BRDA:15,0,0,0
BRDA:15,0,1,0
BRF:2
BRH:0
end_of_record
TN:
SF:app/api/superadmin/organizations/[id]/route.ts
FN:5,GET
FNF:1
FNH:0
FNDA:0,GET
DA:1,0
DA:2,0
DA:3,0
DA:5,0
DA:9,0
DA:10,0
DA:12,0
DA:29,0
DA:30,0
DA:36,0
DA:38,0
DA:39,0
LF:12
LH:0
BRDA:29,0,0,0
BRDA:29,0,1,0
BRF:2
BRH:0
end_of_record
TN:
SF:app/api/superadmin/organizations/[id]/members/route.ts
FN:7,GET
FN:38,POST
FNF:2
FNH:0
FNDA:0,GET
FNDA:0,POST
DA:1,0
DA:2,0
DA:4,0
DA:5,0
DA:7,0
DA:11,0
DA:12,0
DA:14,0
DA:28,0
DA:30,0
DA:31,0
DA:38,0
DA:42,0
DA:43,0
DA:45,0
DA:46,0
DA:49,0
DA:50,0
DA:56,0
DA:57,0
DA:61,0
DA:65,0
DA:66,0
DA:73,0
DA:77,0
DA:79,0
DA:88,0
DA:89,0
DA:96,0
DA:97,0
DA:107,0
DA:125,0
DA:127,0
DA:128,0
LF:34
LH:0
BRDA:49,0,0,0
BRDA:49,0,1,0
BRDA:49,1,0,0
BRDA:49,1,1,0
BRDA:49,1,2,0
BRDA:49,1,3,0
BRDA:56,2,0,0
BRDA:56,2,1,0
BRDA:65,3,0,0
BRDA:65,3,1,0
BRDA:77,4,0,0
BRDA:77,4,1,0
BRDA:88,5,0,0
BRDA:88,5,1,0
BRF:14
BRH:0
end_of_record
TN:
SF:app/api/superadmin/organizations/[id]/members/[membershipId]/route.ts
FN:6,PATCH
FN:69,DELETE
FNF:2
FNH:0
FNDA:0,PATCH
FNDA:0,DELETE
DA:1,0
DA:2,0
DA:4,0
DA:6,0
DA:10,0
DA:11,0
DA:13,0
DA:14,0
DA:17,0
DA:18,0
DA:21,0
DA:22,0
DA:26,0
DA:30,0
DA:31,0
DA:37,0
DA:38,0
DA:45,0
DA:59,0
DA:61,0
DA:62,0
DA:69,0
DA:73,0
DA:74,0
DA:77,0
DA:81,0
DA:82,0
DA:88,0
DA:89,0
DA:96,0
DA:100,0
DA:102,0
DA:103,0
LF:33
LH:0
BRDA:17,0,0,0
BRDA:17,0,1,0
BRDA:21,1,0,0
BRDA:21,1,1,0
BRDA:30,2,0,0
BRDA:30,2,1,0
BRDA:37,3,0,0
BRDA:37,3,1,0
BRDA:81,4,0,0
BRDA:81,4,1,0
BRDA:88,5,0,0
BRDA:88,5,1,0
BRF:12
BRH:0
end_of_record
TN:
SF:app/api/superadmin/stats/route.ts
FN:5,GET
FNF:1
FNH:0
FNDA:0,GET
DA:1,0
DA:2,0
DA:3,0
DA:5,0
DA:6,0
DA:7,0
DA:9,0
DA:15,0
DA:25,0
DA:32,0
DA:33,0
LF:11
LH:0
BRF:0
BRH:0
end_of_record
TN:
SF:app/api/superadmin/users/route.ts
FN:5,GET
FNF:1
FNH:0
FNDA:0,GET
DA:1,0
DA:2,0
DA:3,0
DA:5,0
DA:6,0
DA:7,0
DA:9,0
DA:27,0
DA:29,0
DA:30,0
LF:10
LH:0
BRF:0
BRH:0
end_of_record
TN:
SF:app/login/page.tsx
FN:12,LoginPage
FN:22,(anonymous_2)
FN:70,(anonymous_3)
FN:82,(anonymous_4)
FNF:4
FNH:0
FNDA:0,LoginPage
FNDA:0,(anonymous_2)
FNDA:0,(anonymous_3)
FNDA:0,(anonymous_4)
DA:3,0
DA:4,0
DA:5,0
DA:6,0
DA:7,0
DA:8,0
DA:9,0
DA:10,0
DA:12,0
DA:13,0
DA:14,0
DA:15,0
DA:17,0
DA:18,0
DA:19,0
DA:20,0
DA:22,0
DA:23,0
DA:24,0
DA:25,0
DA:27,0
DA:28,0
DA:34,0
DA:35,0
DA:36,0
DA:37,0
DA:38,0
DA:41,0
DA:43,0
DA:70,0
DA:82,0
LF:31
LH:0
BRDA:15,0,0,0
BRDA:15,0,1,0
BRDA:34,1,0,0
BRDA:34,1,1,0
BRDA:36,2,0,0
BRDA:36,2,1,0
BRDA:87,3,0,0
BRDA:97,4,0,0
BRDA:97,4,1,0
BRF:9
BRH:0
end_of_record
TN:
SF:app/student/layout.tsx
FN:10,StudentLayout
FNF:1
FNH:0
FNDA:0,StudentLayout
DA:3,0
DA:4,0
DA:5,0
DA:6,0
DA:7,0
DA:10,0
LF:6
LH:0
BRF:0
BRH:0
end_of_record
TN:
SF:app/student/page.tsx
FN:52,StudentDashboard
FN:82,(anonymous_2)
FN:127,(anonymous_3)
FNF:3
FNH:0
FNDA:0,StudentDashboard
FNDA:0,(anonymous_2)
FNDA:0,(anonymous_3)
DA:1,0
DA:2,0
DA:3,0
DA:4,0
DA:5,0
DA:7,0
DA:34,0
DA:52,0
DA:83,0
DA:128,0
LF:10
LH:0
BRDA:86,0,0,0
BRDA:86,0,1,0
BRF:2
BRH:0
end_of_record
TN:
SF:app/student/ai-assistant/page.tsx
FN:21,AIAssistantPage
FN:32,(anonymous_2)
FN:36,(anonymous_3)
FN:41,(anonymous_4)
FN:46,(anonymous_5)
FN:62,(anonymous_6)
FN:66,(anonymous_7)
FN:83,(anonymous_8)
FN:125,(anonymous_9)
FN:133,(anonymous_10)
FNF:10
FNH:0
FNDA:0,AIAssistantPage
FNDA:0,(anonymous_2)
FNDA:0,(anonymous_3)
FNDA:0,(anonymous_4)
FNDA:0,(anonymous_5)
FNDA:0,(anonymous_6)
FNDA:0,(anonymous_7)
FNDA:0,(anonymous_8)
FNDA:0,(anonymous_9)
FNDA:0,(anonymous_10)
DA:3,0
DA:4,0
DA:5,0
DA:6,0
DA:7,0
DA:8,0
DA:15,0
DA:21,0
DA:22,0
DA:29,0
DA:30,0
DA:32,0
DA:33,0
DA:35,0
DA:36,0
DA:37,0
DA:38,0
DA:41,0
DA:42,0
DA:46,0
DA:47,0
DA:63,0
DA:66,0
DA:84,0
DA:126,0
DA:127,0
DA:133,0
LF:27
LH:0
BRDA:33,0,0,0
BRDA:33,0,1,0
BRDA:60,1,0,0
BRDA:84,2,0,0
BRDA:84,2,1,0
BRDA:85,3,0,0
BRDA:92,4,0,0
BRDA:92,4,1,0
BRDA:97,5,0,0
BRDA:104,6,0,0
BRDA:137,7,0,0
BRDA:137,7,1,0
BRF:12
BRH:0
end_of_record
TN:
SF:app/student/assignments/page.tsx
FN:49,AssignmentsPage
FN:50,(anonymous_2)
FN:51,(anonymous_3)
FN:52,(anonymous_4)
FN:78,(anonymous_5)
FN:88,(anonymous_6)
FN:119,(anonymous_7)
FN:143,(anonymous_8)
FNF:8
FNH:0
FNDA:0,AssignmentsPage
FNDA:0,(anonymous_2)
FNDA:0,(anonymous_3)
FNDA:0,(anonymous_4)
FNDA:0,(anonymous_5)
FNDA:0,(anonymous_6)
FNDA:0,(anonymous_7)
FNDA:0,(anonymous_8)
DA:1,0
DA:2,0
DA:3,0
DA:4,0
DA:6,0
DA:49,0
DA:50,0
DA:51,0
DA:52,0
DA:78,0
DA:89,0
DA:120,0
DA:144,0
LF:13
LH:0
BRDA:78,0,0,0
BRDA:78,0,1,0
BRDA:84,1,0,0
BRDA:115,2,0,0
BRDA:139,3,0,0
BRF:5
BRH:0
end_of_record
TN:
SF:app/student/courses/loading.tsx
FN:1,Loading
FNF:1
FNH:0
FNDA:0,Loading
DA:1,0
DA:2,0
LF:2
LH:0
BRF:0
BRH:0
end_of_record
TN:
SF:app/student/courses/page.tsx
FN:72,CoursesPage
FN:88,(anonymous_3)
FN:100,(anonymous_4)
FN:147,(anonymous_5)
FNF:4
FNH:0
FNDA:0,CoursesPage
FNDA:0,(anonymous_3)
FNDA:0,(anonymous_4)
FNDA:0,(anonymous_5)
DA:3,0
DA:4,0
DA:5,0
DA:6,0
DA:7,0
DA:8,0
DA:9,0
DA:10,0
DA:12,0
DA:42,0
DA:72,0
DA:73,0
DA:88,0
DA:101,0
DA:148,0
LF:15
LH:0
BRDA:104,0,0,0
BRDA:104,0,1,0
BRDA:151,1,0,0
BRDA:151,1,1,0
BRF:4
BRH:0
end_of_record
TN:
SF:app/student/courses/[id]/page.tsx
FN:11,StudentCourseDetailPage
FN:178,(anonymous_2)
FN:180,(anonymous_3)
FN:200,(anonymous_4)
FN:252,(anonymous_5)
FN:294,(anonymous_6)
FNF:6
FNH:0
FNDA:0,StudentCourseDetailPage
FNDA:0,(anonymous_2)
FNDA:0,(anonymous_3)
FNDA:0,(anonymous_4)
FNDA:0,(anonymous_5)
FNDA:0,(anonymous_6)
DA:3,0
DA:4,0
DA:5,0
DA:6,0
DA:7,0
DA:8,0
DA:9,0
DA:11,0
DA:12,0
DA:15,0
DA:25,0
DA:53,0
DA:75,0
DA:82,0
DA:178,0
DA:181,0
DA:201,0
DA:253,0
DA:295,0
LF:19
LH:0
BRDA:92,0,0,0
BRDA:92,0,1,0
BRDA:206,1,0,0
BRDA:206,1,1,0
BRDA:210,2,0,0
BRDA:210,2,1,0
BRDA:212,3,0,0
BRDA:212,3,1,0
BRDA:214,4,0,0
BRDA:214,4,1,0
BRDA:227,5,0,0
BRDA:237,6,0,0
BRDA:241,7,0,0
BRDA:241,7,1,0
BRDA:259,8,0,0
BRDA:259,8,1,0
BRDA:261,9,0,0
BRDA:261,9,1,0
BRF:18
BRH:0
end_of_record
TN:
SF:app/student/profile/page.tsx
FN:10,ProfilePage
FNF:1
FNH:0
FNDA:0,ProfilePage
DA:1,0
DA:2,0
DA:3,0
DA:4,0
DA:5,0
DA:6,0
DA:7,0
DA:8,0
DA:10,0
LF:9
LH:0
BRF:0
BRH:0
end_of_record
TN:
SF:app/student/progress/page.tsx
FN:27,ProgressPage
FN:131,(anonymous_2)
FNF:2
FNH:0
FNDA:0,ProgressPage
FNDA:0,(anonymous_2)
DA:3,0
DA:4,0
DA:5,0
DA:7,0
DA:14,0
DA:20,0
DA:27,0
DA:132,0
LF:8
LH:0
BRDA:134,0,0,0
BRDA:134,0,1,0
BRDA:139,1,0,0
BRDA:139,1,1,0
BRDA:142,2,0,0
BRDA:142,2,1,0
BRDA:148,3,0,0
BRDA:148,3,1,0
BRF:8
BRH:0
end_of_record
TN:
SF:app/superadmin/layout-client.tsx
FN:10,SuperAdminClientLayout
FNF:1
FNH:0
FNDA:0,SuperAdminClientLayout
DA:3,0
DA:4,0
DA:5,0
DA:6,0
DA:7,0
DA:10,0
LF:6
LH:0
BRF:0
BRH:0
end_of_record
TN:
SF:app/superadmin/layout.tsx
FN:5,SuperAdminLayout
FNF:1
FNH:0
FNDA:0,SuperAdminLayout
DA:1,0
DA:2,0
DA:3,0
DA:5,0
DA:10,0
DA:11,0
DA:13,0
LF:7
LH:0
BRF:0
BRH:0
end_of_record
TN:
SF:app/superadmin/page.tsx
FN:17,SuperAdminDashboard
FN:26,(anonymous_3)
FN:27,(anonymous_4)
FNF:3
FNH:0
FNDA:0,SuperAdminDashboard
FNDA:0,(anonymous_3)
FNDA:0,(anonymous_4)
DA:3,0
DA:4,0
DA:5,0
DA:6,0
DA:7,0
DA:8,0
DA:17,0
DA:18,0
DA:24,0
DA:26,0
DA:27,0
DA:28,0
DA:29,0
DA:30,0
DA:31,0
DA:32,0
DA:35,0
DA:37,0
DA:40,0
LF:19
LH:0
BRDA:30,0,0,0
BRDA:30,0,1,0
BRDA:60,1,0,0
BRDA:60,1,1,0
BRDA:63,2,0,0
BRDA:63,2,1,0
BRDA:70,3,0,0
BRDA:70,3,1,0
BRDA:75,4,0,0
BRDA:75,4,1,0
BRF:10
BRH:0
end_of_record
TN:
SF:app/superadmin/admins/page.tsx
FN:35,SuperAdminsPage
FN:46,(anonymous_2)
FN:65,(anonymous_3)
FN:69,(anonymous_4)
FN:105,(anonymous_5)
FN:147,(anonymous_6)
FN:185,(anonymous_7)
FN:208,(anonymous_8)
FN:240,(anonymous_9)
FN:253,(anonymous_10)
FN:266,(anonymous_11)
FN:282,(anonymous_12)
FNF:12
FNH:0
FNDA:0,SuperAdminsPage
FNDA:0,(anonymous_2)
FNDA:0,(anonymous_3)
FNDA:0,(anonymous_4)
FNDA:0,(anonymous_5)
FNDA:0,(anonymous_6)
FNDA:0,(anonymous_7)
FNDA:0,(anonymous_8)
FNDA:0,(anonymous_9)
FNDA:0,(anonymous_10)
FNDA:0,(anonymous_11)
FNDA:0,(anonymous_12)
DA:3,0
DA:4,0
DA:12,0
DA:13,0
DA:22,0
DA:23,0
DA:24,0
DA:25,0
DA:35,0
DA:36,0
DA:37,0
DA:38,0
DA:39,0
DA:44,0
DA:46,0
DA:47,0
DA:48,0
DA:49,0
DA:50,0
DA:51,0
DA:54,0
DA:55,0
DA:61,0
DA:65,0
DA:66,0
DA:69,0
DA:70,0
DA:72,0
DA:73,0
DA:79,0
DA:80,0
DA:84,0
DA:85,0
DA:86,0
DA:88,0
DA:89,0
DA:96,0
DA:97,0
DA:105,0
DA:106,0
DA:107,0
DA:113,0
DA:114,0
DA:118,0
DA:120,0
DA:121,0
DA:128,0
DA:129,0
DA:148,0
DA:149,0
DA:186,0
DA:208,0
DA:241,0
DA:254,0
DA:267,0
DA:282,0
LF:56
LH:0
BRDA:49,0,0,0
BRDA:49,0,1,0
BRDA:51,1,0,0
BRDA:51,1,1,0
BRDA:79,2,0,0
BRDA:79,2,1,0
BRDA:91,3,0,0
BRDA:91,3,1,0
BRDA:113,4,0,0
BRDA:113,4,1,0
BRDA:116,5,0,0
BRDA:116,5,1,0
BRDA:123,6,0,0
BRDA:123,6,1,0
BRDA:169,7,0,0
BRDA:169,7,1,0
BRDA:175,8,0,0
BRDA:175,8,1,0
BRDA:191,9,0,0
BRDA:209,10,0,0
BRDA:209,10,1,0
BRDA:212,11,0,0
BRF:22
BRH:0
end_of_record
TN:
SF:app/superadmin/organizations/page.tsx
FN:40,OrganizationsPage
FN:52,(anonymous_3)
FN:71,(anonymous_4)
FN:75,(anonymous_5)
FN:117,(anonymous_6)
FN:127,(anonymous_7)
FN:169,(anonymous_8)
FN:210,(anonymous_9)
FN:235,(anonymous_10)
FN:242,(anonymous_11)
FN:274,(anonymous_12)
FN:290,(anonymous_13)
FN:302,(anonymous_14)
FN:313,(anonymous_15)
FNF:14
FNH:0
FNDA:0,OrganizationsPage
FNDA:0,(anonymous_3)
FNDA:0,(anonymous_4)
FNDA:0,(anonymous_5)
FNDA:0,(anonymous_6)
FNDA:0,(anonymous_7)
FNDA:0,(anonymous_8)
FNDA:0,(anonymous_9)
FNDA:0,(anonymous_10)
FNDA:0,(anonymous_11)
FNDA:0,(anonymous_12)
FNDA:0,(anonymous_13)
FNDA:0,(anonymous_14)
FNDA:0,(anonymous_15)
DA:3,0
DA:4,0
DA:12,0
DA:13,0
DA:14,0
DA:22,0
DA:23,0
DA:24,0
DA:25,0
DA:26,0
DA:40,0
DA:41,0
DA:42,0
DA:43,0
DA:44,0
DA:45,0
DA:50,0
DA:52,0
DA:53,0
DA:54,0
DA:55,0
DA:56,0
DA:57,0
DA:60,0
DA:61,0
DA:67,0
DA:71,0
DA:72,0
DA:75,0
DA:76,0
DA:78,0
DA:79,0
DA:82,0
DA:84,0
DA:90,0
DA:91,0
DA:95,0
DA:96,0
DA:97,0
DA:98,0
DA:100,0
DA:101,0
DA:108,0
DA:109,0
DA:117,0
DA:118,0
DA:119,0
DA:124,0
DA:127,0
DA:128,0
DA:130,0
DA:131,0
DA:135,0
DA:136,0
DA:140,0
DA:142,0
DA:143,0
DA:150,0
DA:151,0
DA:170,0
DA:171,0
DA:172,0
DA:211,0
DA:235,0
DA:242,0
DA:275,0
DA:291,0
DA:303,0
DA:313,0
LF:69
LH:0
BRDA:55,0,0,0
BRDA:55,0,1,0
BRDA:57,1,0,0
BRDA:57,1,1,0
BRDA:79,2,0,0
BRDA:79,2,1,0
BRDA:82,3,0,0
BRDA:82,3,1,0
BRDA:90,4,0,0
BRDA:90,4,1,0
BRDA:93,5,0,0
BRDA:93,5,1,0
BRDA:103,6,0,0
BRDA:103,6,1,0
BRDA:122,7,0,0
BRDA:122,7,1,0
BRDA:128,8,0,0
BRDA:128,8,1,0
BRDA:135,9,0,0
BRDA:135,9,1,0
BRDA:145,10,0,0
BRDA:145,10,1,0
BRDA:194,11,0,0
BRDA:194,11,1,0
BRDA:200,12,0,0
BRDA:200,12,1,0
BRDA:218,13,0,0
BRDA:218,13,1,0
BRDA:219,14,0,0
BRDA:219,14,1,0
BRDA:220,15,0,0
BRDA:220,15,1,0
BRDA:259,16,0,0
BRDA:259,16,1,0
BRDA:262,17,0,0
BRDA:262,17,1,0
BRDA:318,18,0,0
BRDA:318,18,1,0
BRF:38
BRH:0
end_of_record
TN:
SF:app/superadmin/organizations/[id]/admins/page.tsx
FN:54,OrgAdminsPage
FN:71,(anonymous_3)
FN:99,(anonymous_4)
FN:103,(anonymous_5)
FN:142,(anonymous_6)
FN:177,(anonymous_7)
FN:212,(anonymous_8)
FN:213,(anonymous_9)
FN:214,(anonymous_10)
FN:236,(anonymous_11)
FN:308,(anonymous_12)
FN:317,(anonymous_13)
FN:348,(anonymous_14)
FN:376,(anonymous_15)
FN:389,(anonymous_16)
FN:402,(anonymous_17)
FN:417,(anonymous_18)
FN:439,(anonymous_19)
FNF:18
FNH:0
FNDA:0,OrgAdminsPage
FNDA:0,(anonymous_3)
FNDA:0,(anonymous_4)
FNDA:0,(anonymous_5)
FNDA:0,(anonymous_6)
FNDA:0,(anonymous_7)
FNDA:0,(anonymous_8)
FNDA:0,(anonymous_9)
FNDA:0,(anonymous_10)
FNDA:0,(anonymous_11)
FNDA:0,(anonymous_12)
FNDA:0,(anonymous_13)
FNDA:0,(anonymous_14)
FNDA:0,(anonymous_15)
FNDA:0,(anonymous_16)
FNDA:0,(anonymous_17)
FNDA:0,(anonymous_18)
FNDA:0,(anonymous_19)
DA:3,0
DA:4,0
DA:12,0
DA:13,0
DA:14,0
DA:21,0
DA:29,0
DA:30,0
DA:31,0
DA:32,0
DA:33,0
DA:34,0
DA:54,0
DA:55,0
DA:56,0
DA:57,0
DA:58,0
DA:60,0
DA:61,0
DA:62,0
DA:63,0
DA:64,0
DA:71,0
DA:72,0
DA:73,0
DA:78,0
DA:79,0
DA:80,0
DA:83,0
DA:84,0
DA:85,0
DA:88,0
DA:89,0
DA:95,0
DA:99,0
DA:100,0
DA:103,0
DA:104,0
DA:106,0
DA:107,0
DA:116,0
DA:117,0
DA:121,0
DA:122,0
DA:123,0
DA:125,0
DA:126,0
DA:133,0
DA:134,0
DA:142,0
DA:143,0
DA:145,0
DA:146,0
DA:153,0
DA:154,0
DA:158,0
DA:160,0
DA:161,0
DA:168,0
DA:169,0
DA:177,0
DA:178,0
DA:179,0
DA:188,0
DA:189,0
DA:193,0
DA:195,0
DA:196,0
DA:203,0
DA:204,0
DA:212,0
DA:213,0
DA:214,0
DA:236,0
DA:309,0
DA:318,0
DA:348,0
DA:377,0
DA:390,0
DA:403,0
DA:418,0
DA:439,0
LF:82
LH:0
BRDA:78,0,0,0
BRDA:78,0,1,0
BRDA:83,1,0,0
BRDA:83,1,1,0
BRDA:85,2,0,0
BRDA:85,2,1,0
BRDA:116,3,0,0
BRDA:116,3,1,0
BRDA:128,4,0,0
BRDA:128,4,1,0
BRDA:143,5,0,0
BRDA:143,5,1,0
BRDA:153,6,0,0
BRDA:153,6,1,0
BRDA:163,7,0,0
BRDA:163,7,1,0
BRDA:188,8,0,0
BRDA:188,8,1,0
BRDA:198,9,0,0
BRDA:198,9,1,0
BRDA:230,10,0,0
BRDA:230,10,1,0
BRDA:292,11,0,0
BRDA:292,11,1,0
BRDA:298,12,0,0
BRDA:298,12,1,0
BRDA:334,13,0,0
BRDA:334,13,1,0
BRDA:336,14,0,0
BRDA:336,14,1,0
BRF:30
BRH:0
end_of_record
TN:
SF:app/superadmin/users/page.tsx
FN:27,AllUsersPage
FN:32,(anonymous_2)
FN:33,(anonymous_3)
FN:93,(anonymous_4)
FNF:4
FNH:0
FNDA:0,AllUsersPage
FNDA:0,(anonymous_2)
FNDA:0,(anonymous_3)
FNDA:0,(anonymous_4)
DA:3,0
DA:11,0
DA:12,0
DA:13,0
DA:14,0
DA:27,0
DA:28,0
DA:29,0
DA:30,0
DA:32,0
DA:33,0
DA:34,0
DA:35,0
DA:36,0
DA:37,0
DA:38,0
DA:41,0
DA:42,0
DA:48,0
DA:51,0
DA:94,0
LF:21
LH:0
BRDA:36,0,0,0
BRDA:36,0,1,0
BRDA:38,1,0,0
BRDA:38,1,1,0
BRDA:77,2,0,0
BRDA:77,2,1,0
BRDA:83,3,0,0
BRDA:83,3,1,0
BRDA:99,4,0,0
BRDA:107,5,0,0
BRDA:107,5,1,0
BRF:11
BRH:0
end_of_record
TN:
SF:app/teacher/layout.tsx
FN:10,TeacherLayout
FNF:1
FNH:0
FNDA:0,TeacherLayout
DA:3,0
DA:4,0
DA:5,0
DA:6,0
DA:7,0
DA:10,0
LF:6
LH:0
BRF:0
BRH:0
end_of_record
TN:
SF:app/teacher/page.tsx
FN:61,TeacherDashboard
FN:190,(anonymous_2)
FNF:2
FNH:0
FNDA:0,TeacherDashboard
FNDA:0,(anonymous_2)
DA:3,0
DA:4,0
DA:5,0
DA:6,0
DA:13,0
DA:22,0
DA:24,0
DA:30,0
DA:61,0
DA:191,0
LF:10
LH:0
BRF:0
BRH:0
end_of_record
TN:
SF:app/teacher/ai-tools/page.tsx
FN:12,AIToolsPage
FN:17,(anonymous_2)
FN:19,(anonymous_3)
FN:106,(anonymous_4)
FN:121,(anonymous_5)
FN:136,(anonymous_6)
FN:221,(anonymous_7)
FNF:7
FNH:0
FNDA:0,AIToolsPage
FNDA:0,(anonymous_2)
FNDA:0,(anonymous_3)
FNDA:0,(anonymous_4)
FNDA:0,(anonymous_5)
FNDA:0,(anonymous_6)
FNDA:0,(anonymous_7)
DA:3,0
DA:4,0
DA:5,0
DA:6,0
DA:7,0
DA:8,0
DA:9,0
DA:10,0
DA:12,0
DA:13,0
DA:14,0
DA:15,0
DA:17,0
DA:18,0
DA:19,0
DA:20,0
DA:21,0
DA:46,0
DA:47,0
DA:70,0
DA:92,0
DA:106,0
DA:121,0
DA:136,0
DA:221,0
LF:25
LH:0
BRDA:20,0,0,0
BRDA:20,0,1,0
BRDA:46,1,0,0
BRDA:46,1,1,0
BRDA:105,2,0,0
BRDA:105,2,1,0
BRDA:120,3,0,0
BRDA:120,3,1,0
BRDA:135,4,0,0
BRDA:135,4,1,0
BRDA:155,5,0,0
BRDA:155,5,1,0
BRDA:157,6,0,0
BRDA:157,6,1,0
BRDA:164,7,0,0
BRDA:192,8,0,0
BRDA:199,9,0,0
BRDA:223,10,0,0
BRDA:223,10,1,0
BRDA:227,11,0,0
BRF:20
BRH:0
end_of_record
TN:
SF:app/teacher/analytics/page.tsx
FN:32,AnalyticsPage
FN:99,(anonymous_2)
FNF:2
FNH:0
FNDA:0,AnalyticsPage
FNDA:0,(anonymous_2)
DA:3,0
DA:4,0
DA:5,0
DA:7,0
DA:16,0
DA:24,0
DA:32,0
DA:100,0
LF:8
LH:0
BRF:0
BRH:0
end_of_record
TN:
SF:app/teacher/courses/page.tsx
FN:51,CoursesPage
FN:100,(anonymous_3)
FNF:2
FNH:0
FNDA:0,CoursesPage
FNDA:0,(anonymous_3)
DA:3,0
DA:4,0
DA:5,0
DA:6,0
DA:15,0
DA:16,0
DA:17,0
DA:18,0
DA:19,0
DA:21,0
DA:51,0
DA:101,0
LF:12
LH:0
BRF:0
BRH:0
end_of_record
TN:
SF:app/teacher/courses/[id]/page.tsx
FN:25,CourseDetailPage
FN:201,(anonymous_2)
FN:206,(anonymous_3)
FN:225,(anonymous_4)
FN:309,(anonymous_5)
FN:412,(anonymous_6)
FN:471,(anonymous_7)
FNF:7
FNH:0
FNDA:0,CourseDetailPage
FNDA:0,(anonymous_2)
FNDA:0,(anonymous_3)
FNDA:0,(anonymous_4)
FNDA:0,(anonymous_5)
FNDA:0,(anonymous_6)
FNDA:0,(anonymous_7)
DA:3,0
DA:4,0
DA:5,0
DA:6,0
DA:7,0
DA:8,0
DA:17,0
DA:18,0
DA:19,0
DA:20,0
DA:21,0
DA:22,0
DA:23,0
DA:25,0
DA:26,0
DA:27,0
DA:30,0
DA:38,0
DA:45,0
DA:76,0
DA:201,0
DA:207,0
DA:226,0
DA:310,0
DA:413,0
DA:472,0
LF:26
LH:0
BRDA:238,0,0,0
BRDA:238,0,1,0
BRDA:315,1,0,0
BRDA:315,1,1,0
BRDA:319,2,0,0
BRDA:319,2,1,0
BRDA:321,3,0,0
BRDA:321,3,1,0
BRDA:419,4,0,0
BRDA:419,4,1,0
BRDA:421,5,0,0
BRDA:421,5,1,0
BRF:12
BRH:0
end_of_record
TN:
SF:app/teacher/groups/loading.tsx
FN:1,Loading
FNF:1
FNH:0
FNDA:0,Loading
DA:1,0
DA:2,0
LF:2
LH:0
BRF:0
BRH:0
end_of_record
TN:
SF:app/teacher/groups/page.tsx
FN:35,GroupsPage
FN:74,(anonymous_2)
FN:80,(anonymous_3)
FN:93,(anonymous_4)
FN:95,(anonymous_5)
FN:100,(anonymous_6)
FN:101,(anonymous_7)
FN:104,(anonymous_8)
FN:107,(anonymous_9)
FN:112,(anonymous_10)
FN:118,(anonymous_11)
FN:119,(anonymous_12)
FN:147,(anonymous_13)
FN:156,(anonymous_14)
FN:161,(anonymous_15)
FN:176,(anonymous_16)
FN:177,(anonymous_17)
FN:181,(anonymous_18)
FN:194,(anonymous_19)
FN:213,(anonymous_20)
FN:220,(anonymous_21)
FN:235,(anonymous_22)
FN:252,(anonymous_23)
FN:279,(anonymous_24)
FN:302,(anonymous_25)
FN:319,(anonymous_26)
FN:327,(anonymous_27)
FN:334,(anonymous_28)
FN:350,(anonymous_29)
FN:351,(anonymous_30)
FN:358,(anonymous_31)
FN:372,(anonymous_32)
FN:383,(anonymous_33)
FNF:33
FNH:0
FNDA:0,GroupsPage
FNDA:0,(anonymous_2)
FNDA:0,(anonymous_3)
FNDA:0,(anonymous_4)
FNDA:0,(anonymous_5)
FNDA:0,(anonymous_6)
FNDA:0,(anonymous_7)
FNDA:0,(anonymous_8)
FNDA:0,(anonymous_9)
FNDA:0,(anonymous_10)
FNDA:0,(anonymous_11)
FNDA:0,(anonymous_12)
FNDA:0,(anonymous_13)
FNDA:0,(anonymous_14)
FNDA:0,(anonymous_15)
FNDA:0,(anonymous_16)
FNDA:0,(anonymous_17)
FNDA:0,(anonymous_18)
FNDA:0,(anonymous_19)
FNDA:0,(anonymous_20)
FNDA:0,(anonymous_21)
FNDA:0,(anonymous_22)
FNDA:0,(anonymous_23)
FNDA:0,(anonymous_24)
FNDA:0,(anonymous_25)
FNDA:0,(anonymous_26)
FNDA:0,(anonymous_27)
FNDA:0,(anonymous_28)
FNDA:0,(anonymous_29)
FNDA:0,(anonymous_30)
FNDA:0,(anonymous_31)
FNDA:0,(anonymous_32)
FNDA:0,(anonymous_33)
DA:3,0
DA:4,0
DA:5,0
DA:6,0
DA:7,0
DA:8,0
DA:9,0
DA:10,0
DA:11,0
DA:12,0
DA:13,0
DA:15,0
DA:35,0
DA:36,0
DA:63,0
DA:64,0
DA:65,0
DA:66,0
DA:67,0
DA:74,0
DA:75,0
DA:76,0
DA:77,0
DA:80,0
DA:81,0
DA:82,0
DA:87,0
DA:88,0
DA:89,0
DA:93,0
DA:94,0
DA:95,0
DA:96,0
DA:100,0
DA:101,0
DA:104,0
DA:105,0
DA:106,0
DA:107,0
DA:109,0
DA:111,0
DA:112,0
DA:114,0
DA:118,0
DA:119,0
DA:147,0
DA:156,0
DA:161,0
DA:176,0
DA:178,0
DA:181,0
DA:194,0
DA:213,0
DA:220,0
DA:235,0
DA:253,0
DA:280,0
DA:302,0
DA:319,0
DA:327,0
DA:334,0
DA:350,0
DA:352,0
DA:358,0
DA:372,0
DA:383,0
LF:66
LH:0
BRDA:75,0,0,0
BRDA:75,0,1,0
BRDA:77,1,0,0
BRDA:77,1,1,0
BRDA:81,2,0,0
BRDA:81,2,1,0
BRDA:81,3,0,0
BRDA:81,3,1,0
BRDA:94,4,0,0
BRDA:94,4,1,0
BRDA:95,5,0,0
BRDA:95,5,1,0
BRDA:105,6,0,0
BRDA:105,6,1,0
BRDA:105,7,0,0
BRDA:105,7,1,0
BRDA:106,8,0,0
BRDA:106,8,1,0
BRDA:111,9,0,0
BRDA:111,9,1,0
BRDA:176,10,0,0
BRDA:176,10,1,0
BRDA:220,11,0,0
BRDA:220,11,1,0
BRDA:287,12,0,0
BRDA:312,13,0,0
BRF:26
BRH:0
end_of_record
TN:
SF:app/teacher/settings/page.tsx
FN:9,SettingsPage
FNF:1
FNH:0
FNDA:0,SettingsPage
DA:1,0
DA:2,0
DA:3,0
DA:4,0
DA:5,0
DA:6,0
DA:7,0
DA:9,0
LF:8
LH:0
BRF:0
BRH:0
end_of_record
TN:
SF:app/teacher/students/loading.tsx
FN:1,Loading
FNF:1
FNH:0
FNDA:0,Loading
DA:1,0
DA:2,0
LF:2
LH:0
BRF:0
BRH:0
end_of_record
TN:
SF:app/teacher/students/page.tsx
FN:68,StudentsPage
FN:72,(anonymous_2)
FN:98,(anonymous_3)
FN:105,(anonymous_4)
FN:119,(anonymous_5)
FN:136,(anonymous_6)
FNF:6
FNH:0
FNDA:0,StudentsPage
FNDA:0,(anonymous_2)
FNDA:0,(anonymous_3)
FNDA:0,(anonymous_4)
FNDA:0,(anonymous_5)
FNDA:0,(anonymous_6)
DA:3,0
DA:4,0
DA:5,0
DA:6,0
DA:7,0
DA:8,0
DA:9,0
DA:11,0
DA:68,0
DA:69,0
DA:70,0
DA:72,0
DA:73,0
DA:75,0
DA:77,0
DA:98,0
DA:105,0
DA:119,0
DA:137,0
LF:19
LH:0
BRDA:73,0,0,0
BRDA:73,0,1,0
BRDA:75,1,0,0
BRDA:75,1,1,0
BRDA:77,2,0,0
BRDA:77,2,1,0
BRF:6
BRH:0
end_of_record
TN:
SF:lib/ai.ts
FN:38,generateQuiz
FN:45,(anonymous_9)
FN:64,summarizeLesson
FN:66,(anonymous_11)
FN:84,suggestTopics
FN:90,(anonymous_13)
FN:120,generateStudyRecommendations
FN:130,(anonymous_15)
FN:155,analyzeCourseEngagement
FN:166,(anonymous_17)
FN:205,detectAnomalies
FN:218,(anonymous_19)
FN:223,(anonymous_20)
FN:236,(anonymous_21)
FN:252,chatWithAI
FN:262,(anonymous_23)
FNF:16
FNH:0
FNDA:0,generateQuiz
FNDA:0,(anonymous_9)
FNDA:0,summarizeLesson
FNDA:0,(anonymous_11)
FNDA:0,suggestTopics
FNDA:0,(anonymous_13)
FNDA:0,generateStudyRecommendations
FNDA:0,(anonymous_15)
FNDA:0,analyzeCourseEngagement
FNDA:0,(anonymous_17)
FNDA:0,detectAnomalies
FNDA:0,(anonymous_19)
FNDA:0,(anonymous_20)
FNDA:0,(anonymous_21)
FNDA:0,chatWithAI
FNDA:0,(anonymous_23)
DA:38,0
DA:45,0
DA:48,0
DA:49,0
DA:50,0
DA:58,0
DA:64,0
DA:66,0
DA:68,0
DA:84,0
DA:90,0
DA:92,0
DA:120,0
DA:130,0
DA:132,0
DA:134,0
DA:135,0
DA:138,0
DA:139,0
DA:142,0
DA:143,0
DA:146,0
DA:147,0
DA:149,0
DA:155,0
DA:166,0
DA:168,0
DA:169,0
DA:170,0
DA:172,0
DA:173,0
DA:175,0
DA:176,0
DA:177,0
DA:178,0
DA:179,0
DA:181,0
DA:182,0
DA:183,0
DA:186,0
DA:188,0
DA:189,0
DA:190,0
DA:191,0
DA:192,0
DA:195,0
DA:205,0
DA:218,0
DA:220,0
DA:223,0
DA:224,0
DA:226,0
DA:227,0
DA:236,0
DA:237,0
DA:238,0
DA:246,0
DA:252,0
DA:262,0
DA:265,0
DA:267,0
DA:268,0
DA:282,0
DA:283,0
DA:292,0
DA:293,0
DA:304,0
LF:67
LH:0
BRDA:40,0,0,0
BRDA:41,1,0,0
BRDA:134,2,0,0
BRDA:134,2,1,0
BRDA:138,3,0,0
BRDA:138,3,1,0
BRDA:142,4,0,0
BRDA:142,4,1,0
BRDA:175,5,0,0
BRDA:175,5,1,0
BRDA:177,6,0,0
BRDA:177,6,1,0
BRDA:188,7,0,0
BRDA:188,7,1,0
BRDA:190,8,0,0
BRDA:190,8,1,0
BRDA:226,9,0,0
BRDA:226,9,1,0
BRDA:237,10,0,0
BRDA:237,10,1,0
BRDA:267,11,0,0
BRDA:267,11,1,0
BRDA:267,12,0,0
BRDA:267,12,1,0
BRDA:282,13,0,0
BRDA:282,13,1,0
BRDA:282,14,0,0
BRDA:282,14,1,0
BRDA:292,15,0,0
BRDA:292,15,1,0
BRDA:292,16,0,0
BRDA:292,16,1,0
BRF:32
BRH:0
end_of_record
TN:
SF:lib/analytics.ts
FN:36,calculateUserAnalytics
FN:40,(anonymous_9)
FN:41,(anonymous_10)
FN:43,(anonymous_11)
FN:47,(anonymous_12)
FN:78,calculateCourseAnalytics
FN:90,(anonymous_14)
FN:91,(anonymous_15)
FN:94,(anonymous_16)
FN:97,(anonymous_17)
FN:116,calculatePlatformAnalytics
FN:125,(anonymous_19)
FN:128,(anonymous_20)
FN:151,generateAnalyticsReport
FN:181,trackEvent
FN:189,formatDuration
FN:205,calculatePercentageChange
FNF:17
FNH:0
FNDA:0,calculateUserAnalytics
FNDA:0,(anonymous_9)
FNDA:0,(anonymous_10)
FNDA:0,(anonymous_11)
FNDA:0,(anonymous_12)
FNDA:0,calculateCourseAnalytics
FNDA:0,(anonymous_14)
FNDA:0,(anonymous_15)
FNDA:0,(anonymous_16)
FNDA:0,(anonymous_17)
FNDA:0,calculatePlatformAnalytics
FNDA:0,(anonymous_19)
FNDA:0,(anonymous_20)
FNDA:0,generateAnalyticsReport
FNDA:0,trackEvent
FNDA:0,formatDuration
FNDA:0,calculatePercentageChange
DA:36,0
DA:40,0
DA:41,0
DA:42,0
DA:43,0
DA:46,0
DA:47,0
DA:48,0
DA:49,0
DA:51,0
DA:52,0
DA:53,0
DA:54,0
DA:55,0
DA:57,0
DA:58,0
DA:60,0
DA:64,0
DA:78,0
DA:86,0
DA:87,0
DA:88,0
DA:90,0
DA:91,0
DA:92,0
DA:94,0
DA:95,0
DA:97,0
DA:98,0
DA:100,0
DA:102,0
DA:116,0
DA:124,0
DA:125,0
DA:127,0
DA:128,0
DA:131,0
DA:137,0
DA:151,0
DA:152,0
DA:181,0
DA:183,0
DA:189,0
DA:190,0
DA:191,0
DA:193,0
DA:194,0
DA:196,0
DA:197,0
DA:199,0
DA:205,0
DA:212,0
DA:213,0
DA:216,0
DA:217,0
LF:55
LH:0
BRDA:42,0,0,0
BRDA:42,0,1,0
BRDA:57,1,0,0
BRDA:57,1,1,0
BRDA:71,2,0,0
BRDA:71,2,1,0
BRDA:92,3,0,0
BRDA:92,3,1,0
BRDA:95,4,0,0
BRDA:95,4,1,0
BRDA:98,5,0,0
BRDA:98,5,1,0
BRDA:100,6,0,0
BRDA:100,6,1,0
BRDA:131,7,0,0
BRDA:131,7,1,0
BRDA:164,8,0,0
BRDA:164,8,1,0
BRDA:167,9,0,0
BRDA:167,9,1,0
BRDA:168,10,0,0
BRDA:168,10,1,0
BRDA:169,11,0,0
BRDA:169,11,1,0
BRDA:172,12,0,0
BRDA:172,12,1,0
BRDA:173,13,0,0
BRDA:173,13,1,0
BRDA:174,14,0,0
BRDA:174,14,1,0
BRDA:193,15,0,0
BRDA:193,15,1,0
BRDA:196,16,0,0
BRDA:196,16,1,0
BRDA:212,17,0,0
BRDA:212,17,1,0
BRF:36
BRH:0
end_of_record
TN:
SF:lib/auth.ts
FN:7,requireAuth
FN:15,isSuperAdmin
FN:27,requireSuperAdmin
FN:46,getUserOrgRole
FN:77,requireOrgRole
FNF:5
FNH:5
FNDA:2,requireAuth
FNDA:5,isSuperAdmin
FNDA:3,requireSuperAdmin
FNDA:11,getUserOrgRole
FNDA:7,requireOrgRole
DA:1,1
DA:3,1
DA:4,1
DA:5,1
DA:7,2
DA:8,2
DA:9,2
DA:15,3
DA:16,5
DA:20,5
DA:27,3
DA:28,3
DA:30,3
DA:31,1
DA:34,3
DA:36,2
DA:37,1
DA:40,2
DA:46,5
DA:50,11
DA:54,11
DA:56,10
DA:68,10
DA:70,7
DA:77,7
DA:81,7
DA:83,7
DA:84,1
DA:87,7
DA:89,6
DA:91,4
DA:92,1
DA:93,3
DA:94,1
DA:95,2
DA:96,1
DA:98,1
DA:102,6
LF:38
LH:38
BRDA:20,0,0,5
BRDA:20,0,1,1
BRDA:30,1,0,1
BRDA:30,1,1,2
BRDA:36,2,0,1
BRDA:36,2,1,1
BRDA:54,3,0,1
BRDA:54,3,1,10
BRDA:68,4,0,3
BRDA:68,4,1,7
BRDA:68,5,0,10
BRDA:68,5,1,8
BRDA:83,6,0,1
BRDA:83,6,1,6
BRDA:89,7,0,4
BRDA:89,7,1,2
BRDA:89,8,0,6
BRDA:89,8,1,5
BRDA:91,9,0,1
BRDA:91,9,1,3
BRDA:93,10,0,1
BRDA:93,10,1,2
BRDA:95,11,0,1
BRDA:95,11,1,1
BRF:24
BRH:24
end_of_record
TN:
SF:lib/db.ts
FNF:0
FNH:0
DA:1,0
DA:8,0
DA:10,0
LF:3
LH:0
BRDA:8,0,0,0
BRDA:8,0,1,0
BRDA:10,1,0,0
BRDA:10,1,1,0
BRF:4
BRH:0
end_of_record
TN:
SF:lib/mock-data.ts
FN:3,generateMockUsers
FN:17,(anonymous_6)
FN:28,generateMockCourses
FN:40,(anonymous_8)
FN:52,generateMockAssignments
FN:65,(anonymous_10)
FN:75,generateMockAnalytics
FN:77,(anonymous_12)
FN:81,(anonymous_13)
FN:85,(anonymous_14)
FNF:10
FNH:0
FNDA:0,generateMockUsers
FNDA:0,(anonymous_6)
FNDA:0,generateMockCourses
FNDA:0,(anonymous_8)
FNDA:0,generateMockAssignments
FNDA:0,(anonymous_10)
FNDA:0,generateMockAnalytics
FNDA:0,(anonymous_12)
FNDA:0,(anonymous_13)
FNDA:0,(anonymous_14)
DA:3,0
DA:4,0
DA:5,0
DA:6,0
DA:17,0
DA:28,0
DA:29,0
DA:38,0
DA:40,0
DA:52,0
DA:53,0
DA:61,0
DA:63,0
DA:65,0
DA:75,0
DA:76,0
DA:77,0
DA:81,0
DA:85,0
LF:19
LH:0
BRDA:48,0,0,0
BRDA:48,0,1,0
BRDA:71,1,0,0
BRDA:71,1,1,0
BRF:4
BRH:0
end_of_record
TN:
SF:lib/org-context.tsx
FN:22,(anonymous_3)
FN:25,OrgProvider
FN:36,(anonymous_5)
FN:53,(anonymous_6)
FN:71,useOrg
FNF:5
FNH:0
FNDA:0,(anonymous_3)
FNDA:0,OrgProvider
FNDA:0,(anonymous_5)
FNDA:0,(anonymous_6)
FNDA:0,useOrg
DA:4,0
DA:18,0
DA:25,0
DA:33,0
DA:34,0
DA:36,0
DA:37,0
DA:39,0
DA:40,0
DA:41,0
DA:42,0
DA:43,0
DA:44,0
DA:47,0
DA:49,0
DA:53,0
DA:54,0
DA:71,0
DA:72,0
LF:19
LH:0
BRDA:37,0,0,0
BRDA:37,0,1,0
BRDA:42,1,0,0
BRDA:42,1,1,0
BRF:4
BRH:0
end_of_record
TN:
SF:lib/theme-provider.tsx
FN:6,ThemeProvider
FNF:1
FNH:0
FNDA:0,ThemeProvider
DA:4,0
DA:6,0
LF:2
LH:0
BRF:0
BRH:0
end_of_record
TN:
SF:lib/user-management.ts
FN:41,fetchUsers
FN:66,fetchUser
FN:79,createUser
FN:104,updateUser
FN:127,updateUserMembership
FN:150,deleteUser
FN:164,formatRole
FN:171,getRoleBadgeVariant
FN:189,getStatusColor
FNF:9
FNH:9
FNDA:3,fetchUsers
FNDA:2,fetchUser
FNDA:3,createUser
FNDA:3,updateUser
FNDA:3,updateUserMembership
FNDA:2,deleteUser
FNDA:5,formatRole
FNDA:8,getRoleBadgeVariant
FNDA:8,getStatusColor
DA:41,3
DA:47,3
DA:49,3
DA:50,3
DA:51,3
DA:52,3
DA:54,3
DA:56,3
DA:57,1
DA:60,2
DA:66,2
DA:67,2
DA:69,2
DA:70,1
DA:73,1
DA:79,3
DA:85,3
DA:93,3
DA:94,2
DA:95,2
DA:98,1
DA:104,3
DA:108,3
DA:116,3
DA:117,1
DA:118,1
DA:121,2
DA:127,3
DA:131,3
DA:139,3
DA:140,1
DA:141,1
DA:144,2
DA:150,2
DA:151,2
DA:155,2
DA:156,1
DA:157,1
DA:164,5
DA:165,5
DA:171,8
DA:174,8
DA:176,2
DA:178,2
DA:180,2
DA:182,2
DA:189,8
DA:190,8
DA:192,2
DA:194,2
DA:196,2
DA:198,2
LF:52
LH:52
BRDA:49,0,0,1
BRDA:49,0,1,2
BRDA:50,1,0,1
BRDA:50,1,1,2
BRDA:51,2,0,1
BRDA:51,2,1,2
BRDA:52,3,0,1
BRDA:52,3,1,2
BRDA:56,4,0,1
BRDA:56,4,1,2
BRDA:69,5,0,1
BRDA:69,5,1,1
BRDA:93,6,0,2
BRDA:93,6,1,1
BRDA:95,7,0,2
BRDA:95,7,1,1
BRDA:116,8,0,1
BRDA:116,8,1,2
BRDA:118,9,0,1
BRDA:118,9,1,0
BRDA:139,10,0,1
BRDA:139,10,1,2
BRDA:141,11,0,1
BRDA:141,11,1,0
BRDA:155,12,0,1
BRDA:155,12,1,1
BRDA:157,13,0,1
BRDA:157,13,1,0
BRDA:174,14,0,2
BRDA:174,14,1,2
BRDA:174,14,2,2
BRDA:174,14,3,2
BRDA:190,15,0,2
BRDA:190,15,1,2
BRDA:190,15,2,2
BRDA:190,15,3,2
BRF:36
BRH:33
end_of_record
TN:
SF:lib/user-profile.ts
FN:6,getUserProfile
FN:108,(anonymous_7)
FN:122,updateUserProfile
FN:166,checkUserMembership
FN:194,getUserActivity
FN:222,(anonymous_11)
FN:235,validateProfileUpdate
FNF:7
FNH:0
FNDA:0,getUserProfile
FNDA:0,(anonymous_7)
FNDA:0,updateUserProfile
FNDA:0,checkUserMembership
FNDA:0,getUserActivity
FNDA:0,(anonymous_11)
FNDA:0,validateProfileUpdate
DA:1,0
DA:6,0
DA:7,0
DA:49,0
DA:50,0
DA:53,0
DA:57,0
DA:87,0
DA:108,0
DA:122,0
DA:129,0
DA:133,0
DA:134,0
DA:135,0
DA:137,0
DA:140,0
DA:141,0
DA:142,0
DA:144,0
DA:147,0
DA:160,0
DA:166,0
DA:167,0
DA:188,0
DA:194,0
DA:199,0
DA:222,0
DA:235,0
DA:236,0
DA:238,0
DA:239,0
DA:240,0
DA:241,0
DA:242,0
DA:243,0
DA:244,0
DA:248,0
DA:249,0
DA:250,0
DA:251,0
DA:252,0
DA:255,0
DA:256,0
DA:257,0
DA:259,0
DA:264,0
LF:46
LH:0
BRDA:49,0,0,0
BRDA:49,0,1,0
BRDA:49,1,0,0
BRDA:49,1,1,0
BRDA:133,2,0,0
BRDA:133,2,1,0
BRDA:134,3,0,0
BRDA:134,3,1,0
BRDA:134,4,0,0
BRDA:134,4,1,0
BRDA:140,5,0,0
BRDA:140,5,1,0
BRDA:141,6,0,0
BRDA:141,6,1,0
BRDA:141,7,0,0
BRDA:141,7,1,0
BRDA:197,8,0,0
BRDA:238,9,0,0
BRDA:238,9,1,0
BRDA:239,10,0,0
BRDA:239,10,1,0
BRDA:241,11,0,0
BRDA:241,11,1,0
BRDA:243,12,0,0
BRDA:243,12,1,0
BRDA:248,13,0,0
BRDA:248,13,1,0
BRDA:248,14,0,0
BRDA:248,14,1,0
BRDA:249,15,0,0
BRDA:249,15,1,0
BRDA:251,16,0,0
BRDA:251,16,1,0
BRDA:255,17,0,0
BRDA:255,17,1,0
BRF:35
BRH:0
end_of_record
TN:
SF:lib/utils.ts
FN:4,cn
FNF:1
FNH:0
FNDA:0,cn
DA:1,0
DA:2,0
DA:4,0
DA:5,0
LF:4
LH:0
BRF:0
BRH:0
end_of_record
